Build started 22.02.2015 18:58:58.
     1>Project "D:\Projects\laba-2\laba-2\laba-2.vcxproj" on node 2 (build target(s)).
     1>InitializeBuildStatus:
         Creating "Debug\laba-2.unsuccessfulbuild" because "AlwaysCreate" was specified.
       ClCompile:
         C:\Program Files (x86)\Microsoft Visual Studio 10.0\VC\bin\CL.exe /c /ZI /nologo /W3 /WX- /Od /Oy- /D WIN32 /D _DEBUG /D _CONSOLE /D _UNICODE /D UNICODE /Gm /EHsc /RTC1 /MDd /GS /fp:precise /Zc:wchar_t /Zc:forScope /Fo"Debug\\" /Fd"Debug\vc100.pdb" /Gd /TP /analyze- /errorReport:prompt MatrixClass.cpp main.cpp
         MatrixClass.cpp
         Generating Code...
         Compiling...
         main.cpp
     1>d:\projects\laba-2\laba-2\main.cpp(10): warning C4101: 'exit' : unreferenced local variable
     1>d:\projects\laba-2\laba-2\main.cpp(38): warning C4101: 'ex' : unreferenced local variable
     1>d:\projects\laba-2\laba-2\main.cpp(50): warning C4101: 'ex' : unreferenced local variable
         Generating Code...
       ManifestResourceCompile:
         All outputs are up-to-date.
       Link:
         C:\Program Files (x86)\Microsoft Visual Studio 10.0\VC\bin\link.exe /ERRORREPORT:PROMPT /OUT:"D:\Projects\laba-2\Debug\laba-2.exe" /INCREMENTAL /NOLOGO kernel32.lib user32.lib gdi32.lib winspool.lib comdlg32.lib advapi32.lib shell32.lib ole32.lib oleaut32.lib uuid.lib odbc32.lib odbccp32.lib /MANIFEST /ManifestFile:"Debug\laba-2.exe.intermediate.manifest" /MANIFESTUAC:"level='asInvoker' uiAccess='false'" /DEBUG /PDB:"D:\Projects\laba-2\Debug\laba-2.pdb" /SUBSYSTEM:CONSOLE /TLBID:1 /DYNAMICBASE /NXCOMPAT /IMPLIB:"D:\Projects\laba-2\Debug\laba-2.lib" /MACHINE:X86 "Debug\laba-2.exe.embed.manifest.res"
         Debug\main.obj
         Debug\MatrixClass.obj
       Manifest:
         C:\Program Files (x86)\Microsoft SDKs\Windows\v7.0A\bin\mt.exe /nologo /verbose /out:"Debug\laba-2.exe.embed.manifest" /manifest "Debug\laba-2.exe.intermediate.manifest"
         All outputs are up-to-date.
       LinkEmbedManifest:
         All outputs are up-to-date.
         laba-2.vcxproj -> D:\Projects\laba-2\Debug\laba-2.exe
       FinalizeBuildStatus:
         Deleting file "Debug\laba-2.unsuccessfulbuild".
         Touching "Debug\laba-2.lastbuildstate".
     1>Done Building Project "D:\Projects\laba-2\laba-2\laba-2.vcxproj" (build target(s)).

Build succeeded.

Time Elapsed 00:00:00.76
