D:\PROJECTS\LABA-2\DEBUG\LABA-2.EXE
D:\PROJECTS\LABA-2\DEBUG\LABA-2.ILK
D:\PROJECTS\LABA-2\DEBUG\LABA-2.PDB
D:\Projects\laba-2\laba-2\Debug\cl.command.1.tlog
D:\Projects\laba-2\laba-2\Debug\CL.read.1.tlog
D:\Projects\laba-2\laba-2\Debug\CL.write.1.tlog
D:\PROJECTS\LABA-2\LABA-2\DEBUG\LABA-2.EXE.EMBED.MANIFEST
D:\PROJECTS\LABA-2\LABA-2\DEBUG\LABA-2.EXE.EMBED.MANIFEST.RES
D:\PROJECTS\LABA-2\LABA-2\DEBUG\LABA-2.EXE.INTERMEDIATE.MANIFEST
D:\Projects\laba-2\laba-2\Debug\laba-2.vcxprojResolveAssemblyReference.cache
D:\Projects\laba-2\laba-2\Debug\laba-2.write.1.tlog
D:\Projects\laba-2\laba-2\Debug\laba-2_manifest.rc
D:\Projects\laba-2\laba-2\Debug\link.8272.read.1.tlog
D:\Projects\laba-2\laba-2\Debug\link.8272.write.1.tlog
D:\Projects\laba-2\laba-2\Debug\link.8272-cvtres.read.1.tlog
D:\Projects\laba-2\laba-2\Debug\link.8272-cvtres.write.1.tlog
D:\Projects\laba-2\laba-2\Debug\link.8904.read.1.tlog
D:\Projects\laba-2\laba-2\Debug\link.8904.write.1.tlog
D:\Projects\laba-2\laba-2\Debug\link.8904-cvtres.read.1.tlog
D:\Projects\laba-2\laba-2\Debug\link.8904-cvtres.write.1.tlog
D:\Projects\laba-2\laba-2\Debug\link.command.1.tlog
D:\Projects\laba-2\laba-2\Debug\link.read.1.tlog
D:\Projects\laba-2\laba-2\Debug\link.write.1.tlog
D:\Projects\laba-2\laba-2\Debug\link-cvtres.read.1.tlog
D:\Projects\laba-2\laba-2\Debug\link-cvtres.write.1.tlog
D:\PROJECTS\LABA-2\LABA-2\DEBUG\MAIN.OBJ
D:\PROJECTS\LABA-2\LABA-2\DEBUG\MATRIXCLASS.OBJ
D:\Projects\laba-2\laba-2\Debug\mt.command.1.tlog
D:\Projects\laba-2\laba-2\Debug\mt.read.1.tlog
D:\Projects\laba-2\laba-2\Debug\mt.write.1.tlog
D:\Projects\laba-2\laba-2\Debug\rc.command.1.tlog
D:\Projects\laba-2\laba-2\Debug\rc.read.1.tlog
D:\Projects\laba-2\laba-2\Debug\rc.write.1.tlog
D:\Projects\laba-2\laba-2\Debug\vc100.idb
D:\PROJECTS\LABA-2\LABA-2\DEBUG\VC100.PDB
