Analysis & Synthesis report for CCU
Tue Dec 20 09:44:54 2016
Quartus II Version 9.1 Build 222 10/21/2009 SJ Web Edition


---------------------
; Table of Contents ;
---------------------
  1. Legal Notice
  2. Analysis & Synthesis Summary
  3. Analysis & Synthesis Settings
  4. Parallel Compilation
  5. Analysis & Synthesis Source Files Read
  6. Source assignments for lpm_counter4:inst22|lpm_counter:lpm_counter_component
  7. Source assignments for lpm_counter5:inst2|lpm_counter:lpm_counter_component
  8. Parameter Settings for User Entity Instance: lpm_add_sub0:inst17|lpm_add_sub:lpm_add_sub_component
  9. Parameter Settings for User Entity Instance: lpm_and1:inst34|LPM_AND:lpm_and_component
 10. Parameter Settings for User Entity Instance: lpm_counter4:inst22|lpm_counter:lpm_counter_component
 11. Parameter Settings for User Entity Instance: lpm_decode4:inst14|lpm_decode:lpm_decode_component
 12. Parameter Settings for User Entity Instance: lpm_compare0:inst20|lpm_compare:lpm_compare_component
 13. Parameter Settings for User Entity Instance: lpm_counter5:inst2|lpm_counter:lpm_counter_component
 14. Parameter Settings for User Entity Instance: lpm_compare1:inst3|lpm_compare:lpm_compare_component
 15. Parameter Settings for User Entity Instance: lpm_mux2:inst33|LPM_MUX:lpm_mux_component
 16. Parameter Settings for User Entity Instance: lpm_shiftreg1:inst29|lpm_shiftreg:lpm_shiftreg_component
 17. Parameter Settings for User Entity Instance: lpm_shiftreg0:inst28|lpm_shiftreg:lpm_shiftreg_component
 18. Parameter Settings for User Entity Instance: lpm_or0:inst|LPM_OR:lpm_or_component
 19. Parameter Settings for User Entity Instance: lpm_or0:inst4|LPM_OR:lpm_or_component
 20. Analysis & Synthesis Messages



----------------
; Legal Notice ;
----------------
Copyright (C) 1991-2009 Altera Corporation
Your use of Altera Corporation's design tools, logic functions 
and other software and tools, and its AMPP partner logic 
functions, and any output files from any of the foregoing 
(including device programming or simulation files), and any 
associated documentation or information are expressly subject 
to the terms and conditions of the Altera Program License 
Subscription Agreement, Altera MegaCore Function License 
Agreement, or other applicable license agreement, including, 
without limitation, that your use is for the sole purpose of 
programming logic devices manufactured by Altera and sold by 
Altera or its authorized distributors.  Please refer to the 
applicable agreement for further details.



+-----------------------------------------------------------------------+
; Analysis & Synthesis Summary                                          ;
+-----------------------------+-----------------------------------------+
; Analysis & Synthesis Status ; Failed - Tue Dec 20 09:44:54 2016       ;
; Quartus II Version          ; 9.1 Build 222 10/21/2009 SJ Web Edition ;
; Revision Name               ; CCU                                     ;
; Top-level Entity Name       ; ALU                                     ;
; Family                      ; Cyclone III                             ;
+-----------------------------+-----------------------------------------+


+----------------------------------------------------------------------------------------------------------------------+
; Analysis & Synthesis Settings                                                                                        ;
+----------------------------------------------------------------------------+--------------------+--------------------+
; Option                                                                     ; Setting            ; Default Value      ;
+----------------------------------------------------------------------------+--------------------+--------------------+
; Top-level entity name                                                      ; ALU                ; CCU                ;
; Family name                                                                ; Cyclone III        ; Stratix II         ;
; Use smart compilation                                                      ; Off                ; Off                ;
; Enable parallel Assembler and TimeQuest Timing Analyzer during compilation ; On                 ; On                 ;
; Enable compact report table                                                ; Off                ; Off                ;
; Restructure Multiplexers                                                   ; Auto               ; Auto               ;
; Create Debugging Nodes for IP Cores                                        ; Off                ; Off                ;
; Preserve fewer node names                                                  ; On                 ; On                 ;
; Disable OpenCore Plus hardware evaluation                                  ; Off                ; Off                ;
; Verilog Version                                                            ; Verilog_2001       ; Verilog_2001       ;
; VHDL Version                                                               ; VHDL_1993          ; VHDL_1993          ;
; State Machine Processing                                                   ; Auto               ; Auto               ;
; Safe State Machine                                                         ; Off                ; Off                ;
; Extract Verilog State Machines                                             ; On                 ; On                 ;
; Extract VHDL State Machines                                                ; On                 ; On                 ;
; Ignore Verilog initial constructs                                          ; Off                ; Off                ;
; Iteration limit for constant Verilog loops                                 ; 5000               ; 5000               ;
; Iteration limit for non-constant Verilog loops                             ; 250                ; 250                ;
; Add Pass-Through Logic to Inferred RAMs                                    ; On                 ; On                 ;
; Parallel Synthesis                                                         ; Off                ; Off                ;
; DSP Block Balancing                                                        ; Auto               ; Auto               ;
; NOT Gate Push-Back                                                         ; On                 ; On                 ;
; Power-Up Don't Care                                                        ; On                 ; On                 ;
; Remove Redundant Logic Cells                                               ; Off                ; Off                ;
; Remove Duplicate Registers                                                 ; On                 ; On                 ;
; Ignore CARRY Buffers                                                       ; Off                ; Off                ;
; Ignore CASCADE Buffers                                                     ; Off                ; Off                ;
; Ignore GLOBAL Buffers                                                      ; Off                ; Off                ;
; Ignore ROW GLOBAL Buffers                                                  ; Off                ; Off                ;
; Ignore LCELL Buffers                                                       ; Off                ; Off                ;
; Ignore SOFT Buffers                                                        ; On                 ; On                 ;
; Limit AHDL Integers to 32 Bits                                             ; Off                ; Off                ;
; Optimization Technique                                                     ; Balanced           ; Balanced           ;
; Carry Chain Length                                                         ; 70                 ; 70                 ;
; Auto Carry Chains                                                          ; On                 ; On                 ;
; Auto Open-Drain Pins                                                       ; On                 ; On                 ;
; Perform WYSIWYG Primitive Resynthesis                                      ; Off                ; Off                ;
; Auto ROM Replacement                                                       ; On                 ; On                 ;
; Auto RAM Replacement                                                       ; On                 ; On                 ;
; Auto DSP Block Replacement                                                 ; On                 ; On                 ;
; Auto Shift Register Replacement                                            ; Auto               ; Auto               ;
; Auto Clock Enable Replacement                                              ; On                 ; On                 ;
; Strict RAM Replacement                                                     ; Off                ; Off                ;
; Allow Synchronous Control Signals                                          ; On                 ; On                 ;
; Force Use of Synchronous Clear Signals                                     ; Off                ; Off                ;
; Auto RAM Block Balancing                                                   ; On                 ; On                 ;
; Auto RAM to Logic Cell Conversion                                          ; Off                ; Off                ;
; Auto Resource Sharing                                                      ; Off                ; Off                ;
; Allow Any RAM Size For Recognition                                         ; Off                ; Off                ;
; Allow Any ROM Size For Recognition                                         ; Off                ; Off                ;
; Allow Any Shift Register Size For Recognition                              ; Off                ; Off                ;
; Use LogicLock Constraints during Resource Balancing                        ; On                 ; On                 ;
; Ignore translate_off and synthesis_off directives                          ; Off                ; Off                ;
; Timing-Driven Synthesis                                                    ; On                 ; On                 ;
; Show Parameter Settings Tables in Synthesis Report                         ; On                 ; On                 ;
; Ignore Maximum Fan-Out Assignments                                         ; Off                ; Off                ;
; Synchronization Register Chain Length                                      ; 2                  ; 2                  ;
; PowerPlay Power Optimization                                               ; Normal compilation ; Normal compilation ;
; HDL message level                                                          ; Level2             ; Level2             ;
; Suppress Register Optimization Related Messages                            ; Off                ; Off                ;
; Number of Removed Registers Reported in Synthesis Report                   ; 100                ; 100                ;
; Number of Inverted Registers Reported in Synthesis Report                  ; 100                ; 100                ;
; Clock MUX Protection                                                       ; On                 ; On                 ;
; Auto Gated Clock Conversion                                                ; Off                ; Off                ;
; Block Design Naming                                                        ; Auto               ; Auto               ;
; SDC constraint protection                                                  ; Off                ; Off                ;
; Synthesis Effort                                                           ; Auto               ; Auto               ;
; Shift Register Replacement - Allow Asynchronous Clear Signal               ; On                 ; On                 ;
; Analysis & Synthesis Message Level                                         ; Medium             ; Medium             ;
; Disable Register Merging Across Hierarchies                                ; Auto               ; Auto               ;
; Resource Aware Inference For Block RAM                                     ; On                 ; On                 ;
+----------------------------------------------------------------------------+--------------------+--------------------+


Parallel compilation was disabled, but you have multiple processors available. Enable parallel compilation to reduce compilation time.
+-------------------------------------+
; Parallel Compilation                ;
+----------------------------+--------+
; Processors                 ; Number ;
+----------------------------+--------+
; Number detected on machine ; 4      ;
; Maximum allowed            ; 1      ;
+----------------------------+--------+


+--------------------------------------------------------------------------------------------------------------------------------------------------------------------------------------------------------+
; Analysis & Synthesis Source Files Read                                                                                                                                                                 ;
+----------------------------------+-----------------+------------------------------------+--------------------------------------------------------------------------------------------------------------+
; File Name with User-Entered Path ; Used in Netlist ; File Type                          ; File Name with Absolute Path                                                                                 ;
+----------------------------------+-----------------+------------------------------------+--------------------------------------------------------------------------------------------------------------+
; ALU.bdf                          ; yes             ; User Block Diagram/Schematic File  ; C:/work/university/sifo/Curse/Козяков — копия/Курсовой СИФО В26 - Final/CU_ALU_RONs_Stack/ALU.bdf            ;
; lpm_add_sub0.vhd                 ; yes             ; Auto-Found Wizard-Generated File   ; C:/work/university/sifo/Curse/Козяков — копия/Курсовой СИФО В26 - Final/CU_ALU_RONs_Stack/lpm_add_sub0.vhd   ;
; lpm_add_sub.tdf                  ; yes             ; Megafunction                       ; c:/altera/91/quartus/libraries/megafunctions/lpm_add_sub.tdf                                                 ;
; db/add_sub_mbi.tdf               ; yes             ; Auto-Generated Megafunction        ; C:/work/university/sifo/Curse/Козяков — копия/Курсовой СИФО В26 - Final/CU_ALU_RONs_Stack/db/add_sub_mbi.tdf ;
; lpm_and1.vhd                     ; yes             ; Auto-Found Wizard-Generated File   ; C:/work/university/sifo/Curse/Козяков — копия/Курсовой СИФО В26 - Final/CU_ALU_RONs_Stack/lpm_and1.vhd       ;
; lpm_and.tdf                      ; yes             ; Megafunction                       ; c:/altera/91/quartus/libraries/megafunctions/lpm_and.tdf                                                     ;
; lpm_counter4.vhd                 ; yes             ; Auto-Found Wizard-Generated File   ; C:/work/university/sifo/Curse/Козяков — копия/Курсовой СИФО В26 - Final/CU_ALU_RONs_Stack/lpm_counter4.vhd   ;
; lpm_counter.tdf                  ; yes             ; Megafunction                       ; c:/altera/91/quartus/libraries/megafunctions/lpm_counter.tdf                                                 ;
; db/cntr_9ri.tdf                  ; yes             ; Auto-Generated Megafunction        ; C:/work/university/sifo/Curse/Козяков — копия/Курсовой СИФО В26 - Final/CU_ALU_RONs_Stack/db/cntr_9ri.tdf    ;
; lpm_decode4.vhd                  ; yes             ; Auto-Found Wizard-Generated File   ; C:/work/university/sifo/Curse/Козяков — копия/Курсовой СИФО В26 - Final/CU_ALU_RONs_Stack/lpm_decode4.vhd    ;
; lpm_decode.tdf                   ; yes             ; Megafunction                       ; c:/altera/91/quartus/libraries/megafunctions/lpm_decode.tdf                                                  ;
; db/decode_5af.tdf                ; yes             ; Auto-Generated Megafunction        ; C:/work/university/sifo/Curse/Козяков — копия/Курсовой СИФО В26 - Final/CU_ALU_RONs_Stack/db/decode_5af.tdf  ;
; lpm_compare0.vhd                 ; yes             ; Auto-Found Wizard-Generated File   ; C:/work/university/sifo/Curse/Козяков — копия/Курсовой СИФО В26 - Final/CU_ALU_RONs_Stack/lpm_compare0.vhd   ;
; lpm_compare.tdf                  ; yes             ; Megafunction                       ; c:/altera/91/quartus/libraries/megafunctions/lpm_compare.tdf                                                 ;
; db/cmpr_i7j.tdf                  ; yes             ; Auto-Generated Megafunction        ; C:/work/university/sifo/Curse/Козяков — копия/Курсовой СИФО В26 - Final/CU_ALU_RONs_Stack/db/cmpr_i7j.tdf    ;
; lpm_counter5.vhd                 ; yes             ; Auto-Found Wizard-Generated File   ; C:/work/university/sifo/Curse/Козяков — копия/Курсовой СИФО В26 - Final/CU_ALU_RONs_Stack/lpm_counter5.vhd   ;
; db/cntr_nij.tdf                  ; yes             ; Auto-Generated Megafunction        ; C:/work/university/sifo/Curse/Козяков — копия/Курсовой СИФО В26 - Final/CU_ALU_RONs_Stack/db/cntr_nij.tdf    ;
; lpm_compare1.vhd                 ; yes             ; Auto-Found Wizard-Generated File   ; C:/work/university/sifo/Curse/Козяков — копия/Курсовой СИФО В26 - Final/CU_ALU_RONs_Stack/lpm_compare1.vhd   ;
; db/cmpr_gri.tdf                  ; yes             ; Auto-Generated Megafunction        ; C:/work/university/sifo/Curse/Козяков — копия/Курсовой СИФО В26 - Final/CU_ALU_RONs_Stack/db/cmpr_gri.tdf    ;
; lpm_mux2.vhd                     ; yes             ; Auto-Found Wizard-Generated File   ; C:/work/university/sifo/Curse/Козяков — копия/Курсовой СИФО В26 - Final/CU_ALU_RONs_Stack/lpm_mux2.vhd       ;
; lpm_mux.tdf                      ; yes             ; Megafunction                       ; c:/altera/91/quartus/libraries/megafunctions/lpm_mux.tdf                                                     ;
; db/mux_48e.tdf                   ; yes             ; Auto-Generated Megafunction        ; C:/work/university/sifo/Curse/Козяков — копия/Курсовой СИФО В26 - Final/CU_ALU_RONs_Stack/db/mux_48e.tdf     ;
; lpm_shiftreg1.vhd                ; yes             ; Auto-Found Wizard-Generated File   ; C:/work/university/sifo/Curse/Козяков — копия/Курсовой СИФО В26 - Final/CU_ALU_RONs_Stack/lpm_shiftreg1.vhd  ;
; lpm_shiftreg.tdf                 ; yes             ; Megafunction                       ; c:/altera/91/quartus/libraries/megafunctions/lpm_shiftreg.tdf                                                ;
; lpm_shiftreg0.vhd                ; yes             ; Auto-Found Wizard-Generated File   ; C:/work/university/sifo/Curse/Козяков — копия/Курсовой СИФО В26 - Final/CU_ALU_RONs_Stack/lpm_shiftreg0.vhd  ;
; lpm_or0.vhd                      ; yes             ; Auto-Found Wizard-Generated File   ; C:/work/university/sifo/Curse/Козяков — копия/Курсовой СИФО В26 - Final/CU_ALU_RONs_Stack/lpm_or0.vhd        ;
; lpm_or.tdf                       ; yes             ; Megafunction                       ; c:/altera/91/quartus/libraries/megafunctions/lpm_or.tdf                                                      ;
+----------------------------------+-----------------+------------------------------------+--------------------------------------------------------------------------------------------------------------+


+------------------------------------------------------------------------------+
; Source assignments for lpm_counter4:inst22|lpm_counter:lpm_counter_component ;
+---------------------------+-------+------+-----------------------------------+
; Assignment                ; Value ; From ; To                                ;
+---------------------------+-------+------+-----------------------------------+
; SUPPRESS_DA_RULE_INTERNAL ; a101  ; -    ; -                                 ;
; SUPPRESS_DA_RULE_INTERNAL ; s102  ; -    ; -                                 ;
; SUPPRESS_DA_RULE_INTERNAL ; s103  ; -    ; -                                 ;
+---------------------------+-------+------+-----------------------------------+


+-----------------------------------------------------------------------------+
; Source assignments for lpm_counter5:inst2|lpm_counter:lpm_counter_component ;
+---------------------------+-------+------+----------------------------------+
; Assignment                ; Value ; From ; To                               ;
+---------------------------+-------+------+----------------------------------+
; SUPPRESS_DA_RULE_INTERNAL ; a101  ; -    ; -                                ;
; SUPPRESS_DA_RULE_INTERNAL ; s102  ; -    ; -                                ;
; SUPPRESS_DA_RULE_INTERNAL ; s103  ; -    ; -                                ;
+---------------------------+-------+------+----------------------------------+


+----------------------------------------------------------------------------------------------------+
; Parameter Settings for User Entity Instance: lpm_add_sub0:inst17|lpm_add_sub:lpm_add_sub_component ;
+------------------------+-------------+-------------------------------------------------------------+
; Parameter Name         ; Value       ; Type                                                        ;
+------------------------+-------------+-------------------------------------------------------------+
; LPM_WIDTH              ; 16          ; Signed Integer                                              ;
; LPM_REPRESENTATION     ; SIGNED      ; Untyped                                                     ;
; LPM_DIRECTION          ; ADD         ; Untyped                                                     ;
; ONE_INPUT_IS_CONSTANT  ; NO          ; Untyped                                                     ;
; LPM_PIPELINE           ; 0           ; Untyped                                                     ;
; MAXIMIZE_SPEED         ; 5           ; Untyped                                                     ;
; REGISTERED_AT_END      ; 0           ; Untyped                                                     ;
; OPTIMIZE_FOR_SPEED     ; 5           ; Untyped                                                     ;
; USE_CS_BUFFERS         ; 1           ; Untyped                                                     ;
; CARRY_CHAIN            ; MANUAL      ; Untyped                                                     ;
; CARRY_CHAIN_LENGTH     ; 48          ; CARRY_CHAIN_LENGTH                                          ;
; DEVICE_FAMILY          ; Cyclone III ; Untyped                                                     ;
; USE_WYS                ; OFF         ; Untyped                                                     ;
; STYLE                  ; FAST        ; Untyped                                                     ;
; CBXI_PARAMETER         ; add_sub_mbi ; Untyped                                                     ;
; AUTO_CARRY_CHAINS      ; ON          ; AUTO_CARRY                                                  ;
; IGNORE_CARRY_BUFFERS   ; OFF         ; IGNORE_CARRY                                                ;
; AUTO_CASCADE_CHAINS    ; ON          ; AUTO_CASCADE                                                ;
; IGNORE_CASCADE_BUFFERS ; OFF         ; IGNORE_CASCADE                                              ;
+------------------------+-------------+-------------------------------------------------------------+
Note: In order to hide this table in the UI and the text report file, please set the "Show Parameter Settings Tables in Synthesis Report" option in "Analysis and Synthesis Settings -> More Settings" to "Off".


+----------------------------------------------------------------------------------------+
; Parameter Settings for User Entity Instance: lpm_and1:inst34|LPM_AND:lpm_and_component ;
+------------------------+-------------+-------------------------------------------------+
; Parameter Name         ; Value       ; Type                                            ;
+------------------------+-------------+-------------------------------------------------+
; AUTO_CARRY_CHAINS      ; ON          ; AUTO_CARRY                                      ;
; IGNORE_CARRY_BUFFERS   ; OFF         ; IGNORE_CARRY                                    ;
; AUTO_CASCADE_CHAINS    ; ON          ; AUTO_CASCADE                                    ;
; IGNORE_CASCADE_BUFFERS ; OFF         ; IGNORE_CASCADE                                  ;
; LPM_WIDTH              ; 1           ; Signed Integer                                  ;
; LPM_SIZE               ; 3           ; Signed Integer                                  ;
; CARRY_CHAIN_LENGTH     ; 48          ; CARRY_CHAIN_LENGTH                              ;
; CARRY_CHAIN            ; MANUAL      ; Untyped                                         ;
; CASCADE_CHAIN          ; MANUAL      ; Untyped                                         ;
; DEVICE_FAMILY          ; Cyclone III ; Untyped                                         ;
+------------------------+-------------+-------------------------------------------------+
Note: In order to hide this table in the UI and the text report file, please set the "Show Parameter Settings Tables in Synthesis Report" option in "Analysis and Synthesis Settings -> More Settings" to "Off".


+----------------------------------------------------------------------------------------------------+
; Parameter Settings for User Entity Instance: lpm_counter4:inst22|lpm_counter:lpm_counter_component ;
+------------------------+-------------+-------------------------------------------------------------+
; Parameter Name         ; Value       ; Type                                                        ;
+------------------------+-------------+-------------------------------------------------------------+
; AUTO_CARRY_CHAINS      ; ON          ; AUTO_CARRY                                                  ;
; IGNORE_CARRY_BUFFERS   ; OFF         ; IGNORE_CARRY                                                ;
; AUTO_CASCADE_CHAINS    ; ON          ; AUTO_CASCADE                                                ;
; IGNORE_CASCADE_BUFFERS ; OFF         ; IGNORE_CASCADE                                              ;
; LPM_WIDTH              ; 1           ; Signed Integer                                              ;
; LPM_DIRECTION          ; UP          ; Untyped                                                     ;
; LPM_MODULUS            ; 0           ; Untyped                                                     ;
; LPM_AVALUE             ; UNUSED      ; Untyped                                                     ;
; LPM_SVALUE             ; UNUSED      ; Untyped                                                     ;
; LPM_PORT_UPDOWN        ; PORT_UNUSED ; Untyped                                                     ;
; DEVICE_FAMILY          ; Cyclone III ; Untyped                                                     ;
; CARRY_CHAIN            ; MANUAL      ; Untyped                                                     ;
; CARRY_CHAIN_LENGTH     ; 48          ; CARRY_CHAIN_LENGTH                                          ;
; NOT_GATE_PUSH_BACK     ; ON          ; NOT_GATE_PUSH_BACK                                          ;
; CARRY_CNT_EN           ; SMART       ; Untyped                                                     ;
; LABWIDE_SCLR           ; ON          ; Untyped                                                     ;
; USE_NEW_VERSION        ; TRUE        ; Untyped                                                     ;
; CBXI_PARAMETER         ; cntr_9ri    ; Untyped                                                     ;
+------------------------+-------------+-------------------------------------------------------------+
Note: In order to hide this table in the UI and the text report file, please set the "Show Parameter Settings Tables in Synthesis Report" option in "Analysis and Synthesis Settings -> More Settings" to "Off".


+-------------------------------------------------------------------------------------------------+
; Parameter Settings for User Entity Instance: lpm_decode4:inst14|lpm_decode:lpm_decode_component ;
+------------------------+-------------+----------------------------------------------------------+
; Parameter Name         ; Value       ; Type                                                     ;
+------------------------+-------------+----------------------------------------------------------+
; LPM_WIDTH              ; 3           ; Signed Integer                                           ;
; LPM_DECODES            ; 8           ; Signed Integer                                           ;
; LPM_PIPELINE           ; 0           ; Untyped                                                  ;
; CASCADE_CHAIN          ; MANUAL      ; Untyped                                                  ;
; DEVICE_FAMILY          ; Cyclone III ; Untyped                                                  ;
; CBXI_PARAMETER         ; decode_5af  ; Untyped                                                  ;
; AUTO_CARRY_CHAINS      ; ON          ; AUTO_CARRY                                               ;
; IGNORE_CARRY_BUFFERS   ; OFF         ; IGNORE_CARRY                                             ;
; AUTO_CASCADE_CHAINS    ; ON          ; AUTO_CASCADE                                             ;
; IGNORE_CASCADE_BUFFERS ; OFF         ; IGNORE_CASCADE                                           ;
+------------------------+-------------+----------------------------------------------------------+
Note: In order to hide this table in the UI and the text report file, please set the "Show Parameter Settings Tables in Synthesis Report" option in "Analysis and Synthesis Settings -> More Settings" to "Off".


+----------------------------------------------------------------------------------------------------+
; Parameter Settings for User Entity Instance: lpm_compare0:inst20|lpm_compare:lpm_compare_component ;
+------------------------+-------------+-------------------------------------------------------------+
; Parameter Name         ; Value       ; Type                                                        ;
+------------------------+-------------+-------------------------------------------------------------+
; lpm_width              ; 3           ; Signed Integer                                              ;
; LPM_REPRESENTATION     ; UNSIGNED    ; Untyped                                                     ;
; LPM_PIPELINE           ; 0           ; Untyped                                                     ;
; CHAIN_SIZE             ; 8           ; Untyped                                                     ;
; ONE_INPUT_IS_CONSTANT  ; YES         ; Untyped                                                     ;
; CARRY_CHAIN            ; MANUAL      ; Untyped                                                     ;
; CASCADE_CHAIN          ; MANUAL      ; Untyped                                                     ;
; CARRY_CHAIN_LENGTH     ; 48          ; CARRY_CHAIN_LENGTH                                          ;
; CASCADE_CHAIN_LENGTH   ; 2           ; CASCADE_CHAIN_LENGTH                                        ;
; DEVICE_FAMILY          ; Cyclone III ; Untyped                                                     ;
; CBXI_PARAMETER         ; cmpr_i7j    ; Untyped                                                     ;
; AUTO_CARRY_CHAINS      ; ON          ; AUTO_CARRY                                                  ;
; IGNORE_CARRY_BUFFERS   ; OFF         ; IGNORE_CARRY                                                ;
; AUTO_CASCADE_CHAINS    ; ON          ; AUTO_CASCADE                                                ;
; IGNORE_CASCADE_BUFFERS ; OFF         ; IGNORE_CASCADE                                              ;
+------------------------+-------------+-------------------------------------------------------------+
Note: In order to hide this table in the UI and the text report file, please set the "Show Parameter Settings Tables in Synthesis Report" option in "Analysis and Synthesis Settings -> More Settings" to "Off".


+---------------------------------------------------------------------------------------------------+
; Parameter Settings for User Entity Instance: lpm_counter5:inst2|lpm_counter:lpm_counter_component ;
+------------------------+-------------+------------------------------------------------------------+
; Parameter Name         ; Value       ; Type                                                       ;
+------------------------+-------------+------------------------------------------------------------+
; AUTO_CARRY_CHAINS      ; ON          ; AUTO_CARRY                                                 ;
; IGNORE_CARRY_BUFFERS   ; OFF         ; IGNORE_CARRY                                               ;
; AUTO_CASCADE_CHAINS    ; ON          ; AUTO_CASCADE                                               ;
; IGNORE_CASCADE_BUFFERS ; OFF         ; IGNORE_CASCADE                                             ;
; LPM_WIDTH              ; 3           ; Signed Integer                                             ;
; LPM_DIRECTION          ; DOWN        ; Untyped                                                    ;
; LPM_MODULUS            ; 0           ; Untyped                                                    ;
; LPM_AVALUE             ; UNUSED      ; Untyped                                                    ;
; LPM_SVALUE             ; UNUSED      ; Untyped                                                    ;
; LPM_PORT_UPDOWN        ; PORT_UNUSED ; Untyped                                                    ;
; DEVICE_FAMILY          ; Cyclone III ; Untyped                                                    ;
; CARRY_CHAIN            ; MANUAL      ; Untyped                                                    ;
; CARRY_CHAIN_LENGTH     ; 48          ; CARRY_CHAIN_LENGTH                                         ;
; NOT_GATE_PUSH_BACK     ; ON          ; NOT_GATE_PUSH_BACK                                         ;
; CARRY_CNT_EN           ; SMART       ; Untyped                                                    ;
; LABWIDE_SCLR           ; ON          ; Untyped                                                    ;
; USE_NEW_VERSION        ; TRUE        ; Untyped                                                    ;
; CBXI_PARAMETER         ; cntr_nij    ; Untyped                                                    ;
+------------------------+-------------+------------------------------------------------------------+
Note: In order to hide this table in the UI and the text report file, please set the "Show Parameter Settings Tables in Synthesis Report" option in "Analysis and Synthesis Settings -> More Settings" to "Off".


+---------------------------------------------------------------------------------------------------+
; Parameter Settings for User Entity Instance: lpm_compare1:inst3|lpm_compare:lpm_compare_component ;
+------------------------+-------------+------------------------------------------------------------+
; Parameter Name         ; Value       ; Type                                                       ;
+------------------------+-------------+------------------------------------------------------------+
; lpm_width              ; 16          ; Signed Integer                                             ;
; LPM_REPRESENTATION     ; UNSIGNED    ; Untyped                                                    ;
; LPM_PIPELINE           ; 0           ; Untyped                                                    ;
; CHAIN_SIZE             ; 8           ; Untyped                                                    ;
; ONE_INPUT_IS_CONSTANT  ; YES         ; Untyped                                                    ;
; CARRY_CHAIN            ; MANUAL      ; Untyped                                                    ;
; CASCADE_CHAIN          ; MANUAL      ; Untyped                                                    ;
; CARRY_CHAIN_LENGTH     ; 48          ; CARRY_CHAIN_LENGTH                                         ;
; CASCADE_CHAIN_LENGTH   ; 2           ; CASCADE_CHAIN_LENGTH                                       ;
; DEVICE_FAMILY          ; Cyclone III ; Untyped                                                    ;
; CBXI_PARAMETER         ; cmpr_gri    ; Untyped                                                    ;
; AUTO_CARRY_CHAINS      ; ON          ; AUTO_CARRY                                                 ;
; IGNORE_CARRY_BUFFERS   ; OFF         ; IGNORE_CARRY                                               ;
; AUTO_CASCADE_CHAINS    ; ON          ; AUTO_CASCADE                                               ;
; IGNORE_CASCADE_BUFFERS ; OFF         ; IGNORE_CASCADE                                             ;
+------------------------+-------------+------------------------------------------------------------+
Note: In order to hide this table in the UI and the text report file, please set the "Show Parameter Settings Tables in Synthesis Report" option in "Analysis and Synthesis Settings -> More Settings" to "Off".


+----------------------------------------------------------------------------------------+
; Parameter Settings for User Entity Instance: lpm_mux2:inst33|LPM_MUX:lpm_mux_component ;
+------------------------+-------------+-------------------------------------------------+
; Parameter Name         ; Value       ; Type                                            ;
+------------------------+-------------+-------------------------------------------------+
; AUTO_CARRY_CHAINS      ; ON          ; AUTO_CARRY                                      ;
; IGNORE_CARRY_BUFFERS   ; OFF         ; IGNORE_CARRY                                    ;
; AUTO_CASCADE_CHAINS    ; ON          ; AUTO_CASCADE                                    ;
; IGNORE_CASCADE_BUFFERS ; OFF         ; IGNORE_CASCADE                                  ;
; LPM_WIDTH              ; 16          ; Signed Integer                                  ;
; LPM_SIZE               ; 5           ; Signed Integer                                  ;
; LPM_WIDTHS             ; 3           ; Signed Integer                                  ;
; LPM_PIPELINE           ; 0           ; Signed Integer                                  ;
; CBXI_PARAMETER         ; mux_48e     ; Untyped                                         ;
; DEVICE_FAMILY          ; Cyclone III ; Untyped                                         ;
+------------------------+-------------+-------------------------------------------------+
Note: In order to hide this table in the UI and the text report file, please set the "Show Parameter Settings Tables in Synthesis Report" option in "Analysis and Synthesis Settings -> More Settings" to "Off".


+-------------------------------------------------------------------------------------------------------+
; Parameter Settings for User Entity Instance: lpm_shiftreg1:inst29|lpm_shiftreg:lpm_shiftreg_component ;
+------------------------+-------------+----------------------------------------------------------------+
; Parameter Name         ; Value       ; Type                                                           ;
+------------------------+-------------+----------------------------------------------------------------+
; LPM_WIDTH              ; 16          ; Signed Integer                                                 ;
; LPM_DIRECTION          ; RIGHT       ; Untyped                                                        ;
; LPM_AVALUE             ; UNUSED      ; Untyped                                                        ;
; LPM_SVALUE             ; UNUSED      ; Untyped                                                        ;
; DEVICE_FAMILY          ; Cyclone III ; Untyped                                                        ;
; AUTO_CARRY_CHAINS      ; ON          ; AUTO_CARRY                                                     ;
; IGNORE_CARRY_BUFFERS   ; OFF         ; IGNORE_CARRY                                                   ;
; AUTO_CASCADE_CHAINS    ; ON          ; AUTO_CASCADE                                                   ;
; IGNORE_CASCADE_BUFFERS ; OFF         ; IGNORE_CASCADE                                                 ;
+------------------------+-------------+----------------------------------------------------------------+
Note: In order to hide this table in the UI and the text report file, please set the "Show Parameter Settings Tables in Synthesis Report" option in "Analysis and Synthesis Settings -> More Settings" to "Off".


+-------------------------------------------------------------------------------------------------------+
; Parameter Settings for User Entity Instance: lpm_shiftreg0:inst28|lpm_shiftreg:lpm_shiftreg_component ;
+------------------------+-------------+----------------------------------------------------------------+
; Parameter Name         ; Value       ; Type                                                           ;
+------------------------+-------------+----------------------------------------------------------------+
; LPM_WIDTH              ; 16          ; Signed Integer                                                 ;
; LPM_DIRECTION          ; LEFT        ; Untyped                                                        ;
; LPM_AVALUE             ; UNUSED      ; Untyped                                                        ;
; LPM_SVALUE             ; UNUSED      ; Untyped                                                        ;
; DEVICE_FAMILY          ; Cyclone III ; Untyped                                                        ;
; AUTO_CARRY_CHAINS      ; ON          ; AUTO_CARRY                                                     ;
; IGNORE_CARRY_BUFFERS   ; OFF         ; IGNORE_CARRY                                                   ;
; AUTO_CASCADE_CHAINS    ; ON          ; AUTO_CASCADE                                                   ;
; IGNORE_CASCADE_BUFFERS ; OFF         ; IGNORE_CASCADE                                                 ;
+------------------------+-------------+----------------------------------------------------------------+
Note: In order to hide this table in the UI and the text report file, please set the "Show Parameter Settings Tables in Synthesis Report" option in "Analysis and Synthesis Settings -> More Settings" to "Off".


+-----------------------------------------------------------------------------------+
; Parameter Settings for User Entity Instance: lpm_or0:inst|LPM_OR:lpm_or_component ;
+------------------------+-------------+--------------------------------------------+
; Parameter Name         ; Value       ; Type                                       ;
+------------------------+-------------+--------------------------------------------+
; AUTO_CARRY_CHAINS      ; ON          ; AUTO_CARRY                                 ;
; IGNORE_CARRY_BUFFERS   ; OFF         ; IGNORE_CARRY                               ;
; AUTO_CASCADE_CHAINS    ; ON          ; AUTO_CASCADE                               ;
; IGNORE_CASCADE_BUFFERS ; OFF         ; IGNORE_CASCADE                             ;
; LPM_WIDTH              ; 1           ; Signed Integer                             ;
; LPM_SIZE               ; 2           ; Signed Integer                             ;
; CARRY_CHAIN_LENGTH     ; 48          ; CARRY_CHAIN_LENGTH                         ;
; CARRY_CHAIN            ; MANUAL      ; Untyped                                    ;
; CASCADE_CHAIN          ; MANUAL      ; Untyped                                    ;
; DEVICE_FAMILY          ; Cyclone III ; Untyped                                    ;
+------------------------+-------------+--------------------------------------------+
Note: In order to hide this table in the UI and the text report file, please set the "Show Parameter Settings Tables in Synthesis Report" option in "Analysis and Synthesis Settings -> More Settings" to "Off".


+------------------------------------------------------------------------------------+
; Parameter Settings for User Entity Instance: lpm_or0:inst4|LPM_OR:lpm_or_component ;
+------------------------+-------------+---------------------------------------------+
; Parameter Name         ; Value       ; Type                                        ;
+------------------------+-------------+---------------------------------------------+
; AUTO_CARRY_CHAINS      ; ON          ; AUTO_CARRY                                  ;
; IGNORE_CARRY_BUFFERS   ; OFF         ; IGNORE_CARRY                                ;
; AUTO_CASCADE_CHAINS    ; ON          ; AUTO_CASCADE                                ;
; IGNORE_CASCADE_BUFFERS ; OFF         ; IGNORE_CASCADE                              ;
; LPM_WIDTH              ; 1           ; Signed Integer                              ;
; LPM_SIZE               ; 2           ; Signed Integer                              ;
; CARRY_CHAIN_LENGTH     ; 48          ; CARRY_CHAIN_LENGTH                          ;
; CARRY_CHAIN            ; MANUAL      ; Untyped                                     ;
; CASCADE_CHAIN          ; MANUAL      ; Untyped                                     ;
; DEVICE_FAMILY          ; Cyclone III ; Untyped                                     ;
+------------------------+-------------+---------------------------------------------+
Note: In order to hide this table in the UI and the text report file, please set the "Show Parameter Settings Tables in Synthesis Report" option in "Analysis and Synthesis Settings -> More Settings" to "Off".


+-------------------------------+
; Analysis & Synthesis Messages ;
+-------------------------------+
Info: *******************************************************************
Info: Running Quartus II Analysis & Synthesis
    Info: Version 9.1 Build 222 10/21/2009 SJ Web Edition
    Info: Processing started: Tue Dec 20 09:44:52 2016
Info: Command: quartus_map --read_settings_files=on --write_settings_files=off CCU -c CCU
Info: Found 1 design units, including 1 entities, in source file cpu.bdf
    Info: Found entity 1: CPU
Info: Found 1 design units, including 1 entities, in source file cu.bdf
    Info: Found entity 1: CU
Info: Found 1 design units, including 1 entities, in source file rons.bdf
    Info: Found entity 1: RONs
Info: Found 1 design units, including 1 entities, in source file stack.bdf
    Info: Found entity 1: Stack
Info: Found 1 design units, including 1 entities, in source file alu.bdf
    Info: Found entity 1: ALU
Info: Found 2 design units, including 1 entities, in source file lpm_or4.vhd
    Info: Found design unit 1: lpm_or4-SYN
    Info: Found entity 1: lpm_or4
Info: Elaborating entity "ALU" for the top level hierarchy
Warning: Using design file lpm_add_sub0.vhd, which is not specified as a design file for the current project, but contains definitions for 2 design units and 1 entities in project
    Info: Found design unit 1: lpm_add_sub0-SYN
    Info: Found entity 1: lpm_add_sub0
Info: Elaborating entity "lpm_add_sub0" for hierarchy "lpm_add_sub0:inst17"
Info: Elaborating entity "lpm_add_sub" for hierarchy "lpm_add_sub0:inst17|lpm_add_sub:lpm_add_sub_component"
Info: Elaborated megafunction instantiation "lpm_add_sub0:inst17|lpm_add_sub:lpm_add_sub_component"
Info: Instantiated megafunction "lpm_add_sub0:inst17|lpm_add_sub:lpm_add_sub_component" with the following parameter:
    Info: Parameter "lpm_direction" = "ADD"
    Info: Parameter "lpm_hint" = "ONE_INPUT_IS_CONSTANT=NO,CIN_USED=YES"
    Info: Parameter "lpm_representation" = "SIGNED"
    Info: Parameter "lpm_type" = "LPM_ADD_SUB"
    Info: Parameter "lpm_width" = "16"
Info: Found 1 design units, including 1 entities, in source file db/add_sub_mbi.tdf
    Info: Found entity 1: add_sub_mbi
Info: Elaborating entity "add_sub_mbi" for hierarchy "lpm_add_sub0:inst17|lpm_add_sub:lpm_add_sub_component|add_sub_mbi:auto_generated"
Warning: Using design file lpm_and1.vhd, which is not specified as a design file for the current project, but contains definitions for 2 design units and 1 entities in project
    Info: Found design unit 1: lpm_and1-SYN
    Info: Found entity 1: lpm_and1
Info: Elaborating entity "lpm_and1" for hierarchy "lpm_and1:inst34"
Info: Elaborating entity "LPM_AND" for hierarchy "lpm_and1:inst34|LPM_AND:lpm_and_component"
Info: Elaborated megafunction instantiation "lpm_and1:inst34|LPM_AND:lpm_and_component"
Info: Instantiated megafunction "lpm_and1:inst34|LPM_AND:lpm_and_component" with the following parameter:
    Info: Parameter "LPM_WIDTH" = "1"
    Info: Parameter "LPM_SIZE" = "3"
    Info: Parameter "LPM_TYPE" = "LPM_AND"
    Info: Parameter "LPM_HINT" = "UNUSED"
Warning: Using design file lpm_counter4.vhd, which is not specified as a design file for the current project, but contains definitions for 2 design units and 1 entities in project
    Info: Found design unit 1: lpm_counter4-SYN
    Info: Found entity 1: lpm_counter4
Info: Elaborating entity "lpm_counter4" for hierarchy "lpm_counter4:inst22"
Info: Elaborating entity "lpm_counter" for hierarchy "lpm_counter4:inst22|lpm_counter:lpm_counter_component"
Info: Elaborated megafunction instantiation "lpm_counter4:inst22|lpm_counter:lpm_counter_component"
Info: Instantiated megafunction "lpm_counter4:inst22|lpm_counter:lpm_counter_component" with the following parameter:
    Info: Parameter "lpm_direction" = "UP"
    Info: Parameter "lpm_port_updown" = "PORT_UNUSED"
    Info: Parameter "lpm_type" = "LPM_COUNTER"
    Info: Parameter "lpm_width" = "1"
Info: Found 1 design units, including 1 entities, in source file db/cntr_9ri.tdf
    Info: Found entity 1: cntr_9ri
Info: Elaborating entity "cntr_9ri" for hierarchy "lpm_counter4:inst22|lpm_counter:lpm_counter_component|cntr_9ri:auto_generated"
Warning: Using design file lpm_decode4.vhd, which is not specified as a design file for the current project, but contains definitions for 2 design units and 1 entities in project
    Info: Found design unit 1: lpm_decode4-SYN
    Info: Found entity 1: lpm_decode4
Info: Elaborating entity "lpm_decode4" for hierarchy "lpm_decode4:inst14"
Info: Elaborating entity "lpm_decode" for hierarchy "lpm_decode4:inst14|lpm_decode:lpm_decode_component"
Info: Elaborated megafunction instantiation "lpm_decode4:inst14|lpm_decode:lpm_decode_component"
Info: Instantiated megafunction "lpm_decode4:inst14|lpm_decode:lpm_decode_component" with the following parameter:
    Info: Parameter "lpm_decodes" = "8"
    Info: Parameter "lpm_type" = "LPM_DECODE"
    Info: Parameter "lpm_width" = "3"
Info: Found 1 design units, including 1 entities, in source file db/decode_5af.tdf
    Info: Found entity 1: decode_5af
Info: Elaborating entity "decode_5af" for hierarchy "lpm_decode4:inst14|lpm_decode:lpm_decode_component|decode_5af:auto_generated"
Warning: Using design file lpm_compare0.vhd, which is not specified as a design file for the current project, but contains definitions for 2 design units and 1 entities in project
    Info: Found design unit 1: lpm_compare0-SYN
    Info: Found entity 1: lpm_compare0
Info: Elaborating entity "lpm_compare0" for hierarchy "lpm_compare0:inst20"
Info: Elaborating entity "lpm_compare" for hierarchy "lpm_compare0:inst20|lpm_compare:lpm_compare_component"
Info: Elaborated megafunction instantiation "lpm_compare0:inst20|lpm_compare:lpm_compare_component"
Info: Instantiated megafunction "lpm_compare0:inst20|lpm_compare:lpm_compare_component" with the following parameter:
    Info: Parameter "lpm_hint" = "ONE_INPUT_IS_CONSTANT=YES"
    Info: Parameter "lpm_representation" = "UNSIGNED"
    Info: Parameter "lpm_type" = "LPM_COMPARE"
    Info: Parameter "lpm_width" = "3"
Info: Found 1 design units, including 1 entities, in source file db/cmpr_i7j.tdf
    Info: Found entity 1: cmpr_i7j
Info: Elaborating entity "cmpr_i7j" for hierarchy "lpm_compare0:inst20|lpm_compare:lpm_compare_component|cmpr_i7j:auto_generated"
Warning: Using design file lpm_counter5.vhd, which is not specified as a design file for the current project, but contains definitions for 2 design units and 1 entities in project
    Info: Found design unit 1: lpm_counter5-SYN
    Info: Found entity 1: lpm_counter5
Info: Elaborating entity "lpm_counter5" for hierarchy "lpm_counter5:inst2"
Info: Elaborating entity "lpm_counter" for hierarchy "lpm_counter5:inst2|lpm_counter:lpm_counter_component"
Info: Elaborated megafunction instantiation "lpm_counter5:inst2|lpm_counter:lpm_counter_component"
Info: Instantiated megafunction "lpm_counter5:inst2|lpm_counter:lpm_counter_component" with the following parameter:
    Info: Parameter "lpm_direction" = "DOWN"
    Info: Parameter "lpm_port_updown" = "PORT_UNUSED"
    Info: Parameter "lpm_type" = "LPM_COUNTER"
    Info: Parameter "lpm_width" = "3"
Info: Found 1 design units, including 1 entities, in source file db/cntr_nij.tdf
    Info: Found entity 1: cntr_nij
Info: Elaborating entity "cntr_nij" for hierarchy "lpm_counter5:inst2|lpm_counter:lpm_counter_component|cntr_nij:auto_generated"
Warning: Using design file lpm_compare1.vhd, which is not specified as a design file for the current project, but contains definitions for 2 design units and 1 entities in project
    Info: Found design unit 1: lpm_compare1-SYN
    Info: Found entity 1: lpm_compare1
Info: Elaborating entity "lpm_compare1" for hierarchy "lpm_compare1:inst3"
Info: Elaborating entity "lpm_compare" for hierarchy "lpm_compare1:inst3|lpm_compare:lpm_compare_component"
Info: Elaborated megafunction instantiation "lpm_compare1:inst3|lpm_compare:lpm_compare_component"
Info: Instantiated megafunction "lpm_compare1:inst3|lpm_compare:lpm_compare_component" with the following parameter:
    Info: Parameter "lpm_hint" = "ONE_INPUT_IS_CONSTANT=YES"
    Info: Parameter "lpm_representation" = "UNSIGNED"
    Info: Parameter "lpm_type" = "LPM_COMPARE"
    Info: Parameter "lpm_width" = "16"
Info: Found 1 design units, including 1 entities, in source file db/cmpr_gri.tdf
    Info: Found entity 1: cmpr_gri
Info: Elaborating entity "cmpr_gri" for hierarchy "lpm_compare1:inst3|lpm_compare:lpm_compare_component|cmpr_gri:auto_generated"
Warning: Using design file lpm_mux2.vhd, which is not specified as a design file for the current project, but contains definitions for 2 design units and 1 entities in project
    Info: Found design unit 1: lpm_mux2-SYN
    Info: Found entity 1: lpm_mux2
Info: Elaborating entity "lpm_mux2" for hierarchy "lpm_mux2:inst33"
Info: Elaborating entity "LPM_MUX" for hierarchy "lpm_mux2:inst33|LPM_MUX:lpm_mux_component"
Info: Elaborated megafunction instantiation "lpm_mux2:inst33|LPM_MUX:lpm_mux_component"
Info: Instantiated megafunction "lpm_mux2:inst33|LPM_MUX:lpm_mux_component" with the following parameter:
    Info: Parameter "LPM_WIDTH" = "16"
    Info: Parameter "LPM_SIZE" = "5"
    Info: Parameter "LPM_WIDTHS" = "3"
    Info: Parameter "LPM_PIPELINE" = "0"
    Info: Parameter "LPM_TYPE" = "LPM_MUX"
    Info: Parameter "LPM_HINT" = "UNUSED"
Info: Found 1 design units, including 1 entities, in source file db/mux_48e.tdf
    Info: Found entity 1: mux_48e
Info: Elaborating entity "mux_48e" for hierarchy "lpm_mux2:inst33|LPM_MUX:lpm_mux_component|mux_48e:auto_generated"
Warning: Using design file lpm_shiftreg1.vhd, which is not specified as a design file for the current project, but contains definitions for 2 design units and 1 entities in project
    Info: Found design unit 1: lpm_shiftreg1-SYN
    Info: Found entity 1: lpm_shiftreg1
Info: Elaborating entity "lpm_shiftreg1" for hierarchy "lpm_shiftreg1:inst29"
Info: Elaborating entity "lpm_shiftreg" for hierarchy "lpm_shiftreg1:inst29|lpm_shiftreg:lpm_shiftreg_component"
Info: Elaborated megafunction instantiation "lpm_shiftreg1:inst29|lpm_shiftreg:lpm_shiftreg_component"
Info: Instantiated megafunction "lpm_shiftreg1:inst29|lpm_shiftreg:lpm_shiftreg_component" with the following parameter:
    Info: Parameter "lpm_direction" = "RIGHT"
    Info: Parameter "lpm_type" = "LPM_SHIFTREG"
    Info: Parameter "lpm_width" = "16"
Warning: Using design file lpm_shiftreg0.vhd, which is not specified as a design file for the current project, but contains definitions for 2 design units and 1 entities in project
    Info: Found design unit 1: lpm_shiftreg0-SYN
    Info: Found entity 1: lpm_shiftreg0
Info: Elaborating entity "lpm_shiftreg0" for hierarchy "lpm_shiftreg0:inst28"
Info: Elaborating entity "lpm_shiftreg" for hierarchy "lpm_shiftreg0:inst28|lpm_shiftreg:lpm_shiftreg_component"
Info: Elaborated megafunction instantiation "lpm_shiftreg0:inst28|lpm_shiftreg:lpm_shiftreg_component"
Info: Instantiated megafunction "lpm_shiftreg0:inst28|lpm_shiftreg:lpm_shiftreg_component" with the following parameter:
    Info: Parameter "lpm_direction" = "LEFT"
    Info: Parameter "lpm_type" = "LPM_SHIFTREG"
    Info: Parameter "lpm_width" = "16"
Warning: Using design file lpm_or0.vhd, which is not specified as a design file for the current project, but contains definitions for 2 design units and 1 entities in project
    Info: Found design unit 1: lpm_or0-SYN
    Info: Found entity 1: lpm_or0
Info: Elaborating entity "lpm_or0" for hierarchy "lpm_or0:inst"
Info: Elaborating entity "LPM_OR" for hierarchy "lpm_or0:inst|LPM_OR:lpm_or_component"
Info: Elaborated megafunction instantiation "lpm_or0:inst|LPM_OR:lpm_or_component"
Info: Instantiated megafunction "lpm_or0:inst|LPM_OR:lpm_or_component" with the following parameter:
    Info: Parameter "LPM_WIDTH" = "1"
    Info: Parameter "LPM_SIZE" = "2"
    Info: Parameter "LPM_TYPE" = "LPM_OR"
    Info: Parameter "LPM_HINT" = "UNUSED"
Error: Port "data0x[0]" does not exist in macrofunction "inst4"
Error: Port "data0x[10]" does not exist in macrofunction "inst4"
Error: Port "data0x[11]" does not exist in macrofunction "inst4"
Error: Port "data0x[12]" does not exist in macrofunction "inst4"
Error: Port "data0x[13]" does not exist in macrofunction "inst4"
Error: Port "data0x[14]" does not exist in macrofunction "inst4"
Error: Port "data0x[15]" does not exist in macrofunction "inst4"
Error: Port "data0x[1]" does not exist in macrofunction "inst4"
Error: Port "data0x[2]" does not exist in macrofunction "inst4"
Error: Port "data0x[3]" does not exist in macrofunction "inst4"
Error: Port "data0x[4]" does not exist in macrofunction "inst4"
Error: Port "data0x[5]" does not exist in macrofunction "inst4"
Error: Port "data0x[6]" does not exist in macrofunction "inst4"
Error: Port "data0x[7]" does not exist in macrofunction "inst4"
Error: Port "data0x[8]" does not exist in macrofunction "inst4"
Error: Port "data0x[9]" does not exist in macrofunction "inst4"
Error: Port "data1x[0]" does not exist in macrofunction "inst4"
Error: Port "data1x[10]" does not exist in macrofunction "inst4"
Error: Port "data1x[11]" does not exist in macrofunction "inst4"
Error: Port "data1x[12]" does not exist in macrofunction "inst4"
Error: Port "data1x[13]" does not exist in macrofunction "inst4"
Error: Port "data1x[14]" does not exist in macrofunction "inst4"
Error: Port "data1x[15]" does not exist in macrofunction "inst4"
Error: Port "data1x[1]" does not exist in macrofunction "inst4"
Error: Port "data1x[2]" does not exist in macrofunction "inst4"
Error: Port "data1x[3]" does not exist in macrofunction "inst4"
Error: Port "data1x[4]" does not exist in macrofunction "inst4"
Error: Port "data1x[5]" does not exist in macrofunction "inst4"
Error: Port "data1x[6]" does not exist in macrofunction "inst4"
Error: Port "data1x[7]" does not exist in macrofunction "inst4"
Error: Port "data1x[8]" does not exist in macrofunction "inst4"
Error: Port "data1x[9]" does not exist in macrofunction "inst4"
Warning: Port "result[10]" does not exist in entity definition of "lpm_or0".  The port's range differs between the entity definition and its actual instantiation, "lpm_or0:inst4".
Warning: Port "result[11]" does not exist in entity definition of "lpm_or0".  The port's range differs between the entity definition and its actual instantiation, "lpm_or0:inst4".
Warning: Port "result[12]" does not exist in entity definition of "lpm_or0".  The port's range differs between the entity definition and its actual instantiation, "lpm_or0:inst4".
Warning: Port "result[13]" does not exist in entity definition of "lpm_or0".  The port's range differs between the entity definition and its actual instantiation, "lpm_or0:inst4".
Warning: Port "result[14]" does not exist in entity definition of "lpm_or0".  The port's range differs between the entity definition and its actual instantiation, "lpm_or0:inst4".
Warning: Port "result[15]" does not exist in entity definition of "lpm_or0".  The port's range differs between the entity definition and its actual instantiation, "lpm_or0:inst4".
Warning: Port "result[1]" does not exist in entity definition of "lpm_or0".  The port's range differs between the entity definition and its actual instantiation, "lpm_or0:inst4".
Warning: Port "result[2]" does not exist in entity definition of "lpm_or0".  The port's range differs between the entity definition and its actual instantiation, "lpm_or0:inst4".
Warning: Port "result[3]" does not exist in entity definition of "lpm_or0".  The port's range differs between the entity definition and its actual instantiation, "lpm_or0:inst4".
Warning: Port "result[4]" does not exist in entity definition of "lpm_or0".  The port's range differs between the entity definition and its actual instantiation, "lpm_or0:inst4".
Warning: Port "result[5]" does not exist in entity definition of "lpm_or0".  The port's range differs between the entity definition and its actual instantiation, "lpm_or0:inst4".
Warning: Port "result[6]" does not exist in entity definition of "lpm_or0".  The port's range differs between the entity definition and its actual instantiation, "lpm_or0:inst4".
Warning: Port "result[7]" does not exist in entity definition of "lpm_or0".  The port's range differs between the entity definition and its actual instantiation, "lpm_or0:inst4".
Warning: Port "result[8]" does not exist in entity definition of "lpm_or0".  The port's range differs between the entity definition and its actual instantiation, "lpm_or0:inst4".
Warning: Port "result[9]" does not exist in entity definition of "lpm_or0".  The port's range differs between the entity definition and its actual instantiation, "lpm_or0:inst4".
Error: Port "data0x[0]" does not exist in macrofunction "inst"
Error: Port "data0x[10]" does not exist in macrofunction "inst"
Error: Port "data0x[11]" does not exist in macrofunction "inst"
Error: Port "data0x[12]" does not exist in macrofunction "inst"
Error: Port "data0x[13]" does not exist in macrofunction "inst"
Error: Port "data0x[14]" does not exist in macrofunction "inst"
Error: Port "data0x[15]" does not exist in macrofunction "inst"
Error: Port "data0x[1]" does not exist in macrofunction "inst"
Error: Port "data0x[2]" does not exist in macrofunction "inst"
Error: Port "data0x[3]" does not exist in macrofunction "inst"
Error: Port "data0x[4]" does not exist in macrofunction "inst"
Error: Port "data0x[5]" does not exist in macrofunction "inst"
Error: Port "data0x[6]" does not exist in macrofunction "inst"
Error: Port "data0x[7]" does not exist in macrofunction "inst"
Error: Port "data0x[8]" does not exist in macrofunction "inst"
Error: Port "data0x[9]" does not exist in macrofunction "inst"
Error: Port "data1x[0]" does not exist in macrofunction "inst"
Error: Port "data1x[10]" does not exist in macrofunction "inst"
Error: Port "data1x[11]" does not exist in macrofunction "inst"
Error: Port "data1x[12]" does not exist in macrofunction "inst"
Error: Port "data1x[13]" does not exist in macrofunction "inst"
Error: Port "data1x[14]" does not exist in macrofunction "inst"
Error: Port "data1x[15]" does not exist in macrofunction "inst"
Error: Port "data1x[1]" does not exist in macrofunction "inst"
Error: Port "data1x[2]" does not exist in macrofunction "inst"
Error: Port "data1x[3]" does not exist in macrofunction "inst"
Error: Port "data1x[4]" does not exist in macrofunction "inst"
Error: Port "data1x[5]" does not exist in macrofunction "inst"
Error: Port "data1x[6]" does not exist in macrofunction "inst"
Error: Port "data1x[7]" does not exist in macrofunction "inst"
Error: Port "data1x[8]" does not exist in macrofunction "inst"
Error: Port "data1x[9]" does not exist in macrofunction "inst"
Warning: Port "result[10]" does not exist in entity definition of "lpm_or0".  The port's range differs between the entity definition and its actual instantiation, "lpm_or0:inst".
Warning: Port "result[11]" does not exist in entity definition of "lpm_or0".  The port's range differs between the entity definition and its actual instantiation, "lpm_or0:inst".
Warning: Port "result[12]" does not exist in entity definition of "lpm_or0".  The port's range differs between the entity definition and its actual instantiation, "lpm_or0:inst".
Warning: Port "result[13]" does not exist in entity definition of "lpm_or0".  The port's range differs between the entity definition and its actual instantiation, "lpm_or0:inst".
Warning: Port "result[14]" does not exist in entity definition of "lpm_or0".  The port's range differs between the entity definition and its actual instantiation, "lpm_or0:inst".
Warning: Port "result[15]" does not exist in entity definition of "lpm_or0".  The port's range differs between the entity definition and its actual instantiation, "lpm_or0:inst".
Warning: Port "result[1]" does not exist in entity definition of "lpm_or0".  The port's range differs between the entity definition and its actual instantiation, "lpm_or0:inst".
Warning: Port "result[2]" does not exist in entity definition of "lpm_or0".  The port's range differs between the entity definition and its actual instantiation, "lpm_or0:inst".
Warning: Port "result[3]" does not exist in entity definition of "lpm_or0".  The port's range differs between the entity definition and its actual instantiation, "lpm_or0:inst".
Warning: Port "result[4]" does not exist in entity definition of "lpm_or0".  The port's range differs between the entity definition and its actual instantiation, "lpm_or0:inst".
Warning: Port "result[5]" does not exist in entity definition of "lpm_or0".  The port's range differs between the entity definition and its actual instantiation, "lpm_or0:inst".
Warning: Port "result[6]" does not exist in entity definition of "lpm_or0".  The port's range differs between the entity definition and its actual instantiation, "lpm_or0:inst".
Warning: Port "result[7]" does not exist in entity definition of "lpm_or0".  The port's range differs between the entity definition and its actual instantiation, "lpm_or0:inst".
Warning: Port "result[8]" does not exist in entity definition of "lpm_or0".  The port's range differs between the entity definition and its actual instantiation, "lpm_or0:inst".
Warning: Port "result[9]" does not exist in entity definition of "lpm_or0".  The port's range differs between the entity definition and its actual instantiation, "lpm_or0:inst".
Error: Quartus II Analysis & Synthesis was unsuccessful. 64 errors, 41 warnings
    Error: Peak virtual memory: 261 megabytes
    Error: Processing ended: Tue Dec 20 09:44:54 2016
    Error: Elapsed time: 00:00:02
    Error: Total CPU time (on all processors): 00:00:02


