Flow report for CCU
Mon Dec 19 23:48:43 2016
Quartus II Version 9.1 Build 222 10/21/2009 SJ Web Edition


---------------------
; Table of Contents ;
---------------------
  1. Legal Notice
  2. Flow Summary
  3. Flow Settings
  4. Flow Non-Default Global Settings
  5. Flow Elapsed Time
  6. Flow OS Summary
  7. Flow Log



----------------
; Legal Notice ;
----------------
Copyright (C) 1991-2009 Altera Corporation
Your use of Altera Corporation's design tools, logic functions 
and other software and tools, and its AMPP partner logic 
functions, and any output files from any of the foregoing 
(including device programming or simulation files), and any 
associated documentation or information are expressly subject 
to the terms and conditions of the Altera Program License 
Subscription Agreement, Altera MegaCore Function License 
Agreement, or other applicable license agreement, including, 
without limitation, that your use is for the sole purpose of 
programming logic devices manufactured by Altera and sold by 
Altera or its authorized distributors.  Please refer to the 
applicable agreement for further details.



+------------------------------------------------------------------------------+
; Flow Summary                                                                 ;
+------------------------------------+-----------------------------------------+
; Flow Status                        ; Successful - Mon Dec 19 23:48:41 2016   ;
; Quartus II Version                 ; 9.1 Build 222 10/21/2009 SJ Web Edition ;
; Revision Name                      ; CCU                                     ;
; Top-level Entity Name              ; CU                                      ;
; Family                             ; Cyclone III                             ;
; Met timing requirements            ; N/A                                     ;
; Total logic elements               ; 482 / 55,856 ( < 1 % )                  ;
;     Total combinational functions  ; 445 / 55,856 ( < 1 % )                  ;
;     Dedicated logic registers      ; 112 / 55,856 ( < 1 % )                  ;
; Total registers                    ; 112                                     ;
; Total pins                         ; 180 / 328 ( 55 % )                      ;
; Total virtual pins                 ; 0                                       ;
; Total memory bits                  ; 2,097,152 / 2,396,160 ( 88 % )          ;
; Embedded Multiplier 9-bit elements ; 0 / 312 ( 0 % )                         ;
; Total PLLs                         ; 0 / 4 ( 0 % )                           ;
; Device                             ; EP3C55F484C6                            ;
; Timing Models                      ; Final                                   ;
+------------------------------------+-----------------------------------------+


+-----------------------------------------+
; Flow Settings                           ;
+-------------------+---------------------+
; Option            ; Setting             ;
+-------------------+---------------------+
; Start date & time ; 12/19/2016 23:48:05 ;
; Main task         ; Compilation         ;
; Revision Name     ; CCU                 ;
+-------------------+---------------------+


+-----------------------------------------------------------------------------------------------------------------------------------------------------------------------------------+
; Flow Non-Default Global Settings                                                                                                                                                  ;
+-------------------------+-----------------------------------------------------------------------------------------------+------------------------------+-------------+------------+
; Assignment Name         ; Value                                                                                         ; Default Value                ; Entity Name ; Section Id ;
+-------------------------+-----------------------------------------------------------------------------------------------+------------------------------+-------------+------------+
; COMPILER_SIGNATURE_ID   ; 50798640782251.148218048502684                                                                ; --                           ; --          ; --         ;
; FITTER_EFFORT           ; Standard Fit                                                                                  ; Auto Fit                     ; --          ; --         ;
; INCREMENTAL_COMPILATION ; Off                                                                                           ; FULL_INCREMENTAL_COMPILATION ; --          ; --         ;
; IP_TOOL_NAME            ; LPM_OR                                                                                        ; --                           ; --          ; --         ;
; IP_TOOL_VERSION         ; 9.1                                                                                           ; --                           ; --          ; --         ;
; MISC_FILE               ; D:/StudFiles/ÑèÔÎ/ÊÓÐÑÎÂÎÉ/Â ÐÀÁÎÒÅ/Ëîéêî/Êóðñîâîé ÑÈÔÎ Â26 - Final/CU_ALU_RONs_Stack/CCU.dpf ; --                           ; --          ; --         ;
; MISC_FILE               ; lpm_or4.bsf                                                                                   ; --                           ; --          ; --         ;
; MISC_FILE               ; lpm_or4.cmp                                                                                   ; --                           ; --          ; --         ;
; PARTITION_COLOR         ; 16764057                                                                                      ; --                           ; CU          ; Top        ;
; PARTITION_NETLIST_TYPE  ; SOURCE                                                                                        ; --                           ; CU          ; Top        ;
; TOP_LEVEL_ENTITY        ; CU                                                                                            ; CCU                          ; --          ; --         ;
+-------------------------+-----------------------------------------------------------------------------------------------+------------------------------+-------------+------------+


+-------------------------------------------------------------------------------------------------------------------------------+
; Flow Elapsed Time                                                                                                             ;
+---------------------------+--------------+-------------------------+---------------------+------------------------------------+
; Module Name               ; Elapsed Time ; Average Processors Used ; Peak Virtual Memory ; Total CPU Time (on all processors) ;
+---------------------------+--------------+-------------------------+---------------------+------------------------------------+
; Analysis & Synthesis      ; 00:00:05     ; 1.0                     ; 267 MB              ; 00:00:04                           ;
; Fitter                    ; 00:00:25     ; 1.0                     ; 333 MB              ; 00:00:25                           ;
; TimeQuest Timing Analyzer ; 00:00:05     ; 1.0                     ; 263 MB              ; 00:00:05                           ;
; Assembler                 ; 00:00:03     ; 1.0                     ; 334 MB              ; 00:00:04                           ;
; Total                     ; 00:00:35     ; --                      ; --                  ; 00:00:34                           ;
+---------------------------+--------------+-------------------------+---------------------+------------------------------------+


+--------------------------------------------------------------------------------------------+
; Flow OS Summary                                                                            ;
+---------------------------+------------------+---------------+------------+----------------+
; Module Name               ; Machine Hostname ; OS Name       ; OS Version ; Processor type ;
+---------------------------+------------------+---------------+------------+----------------+
; Analysis & Synthesis      ; Venera           ; Windows Vista ; 6.2        ; x86_64         ;
; Fitter                    ; Venera           ; Windows Vista ; 6.2        ; x86_64         ;
; Assembler                 ; Venera           ; Windows Vista ; 6.2        ; x86_64         ;
; TimeQuest Timing Analyzer ; Venera           ; Windows Vista ; 6.2        ; x86_64         ;
+---------------------------+------------------+---------------+------------+----------------+


------------
; Flow Log ;
------------
quartus_map --read_settings_files=on --write_settings_files=off CCU -c CCU
quartus_fit --read_settings_files=off --write_settings_files=off CCU -c CCU
quartus_asm --read_settings_files=off --write_settings_files=off CCU -c CCU
quartus_sta CCU -c CCU



