D:\КПИЯП\Лабораторная работа №4\QUEUE3\DEBUG\QUEUE3.EXE
D:\КПИЯП\Лабораторная работа №4\QUEUE3\DEBUG\QUEUE3.ILK
D:\КПИЯП\ЛАБОРАТОРНАЯ РАБОТА №4\QUEUE3\DEBUG\QUEUE3.PDB
D:\КПИЯП\Лабораторная работа №4\Queue3\Queue3\Debug\cl.command.1.tlog
D:\КПИЯП\Лабораторная работа №4\Queue3\Queue3\Debug\CL.read.1.tlog
D:\КПИЯП\Лабораторная работа №4\Queue3\Queue3\Debug\CL.write.1.tlog
D:\КПИЯП\Лабораторная работа №4\Queue3\Queue3\Debug\link.12480.read.1.tlog
D:\КПИЯП\Лабораторная работа №4\Queue3\Queue3\Debug\link.12480.write.1.tlog
D:\КПИЯП\Лабораторная работа №4\Queue3\Queue3\Debug\link.12480-cvtres.read.1.tlog
D:\КПИЯП\Лабораторная работа №4\Queue3\Queue3\Debug\link.12480-cvtres.write.1.tlog
D:\КПИЯП\Лабораторная работа №4\Queue3\Queue3\Debug\link.command.1.tlog
D:\КПИЯП\Лабораторная работа №4\Queue3\Queue3\Debug\link.read.1.tlog
D:\КПИЯП\Лабораторная работа №4\Queue3\Queue3\Debug\link.write.1.tlog
D:\КПИЯП\Лабораторная работа №4\Queue3\Queue3\Debug\link-cvtres.read.1.tlog
D:\КПИЯП\Лабораторная работа №4\Queue3\Queue3\Debug\link-cvtres.write.1.tlog
D:\КПИЯП\Лабораторная работа №4\QUEUE3\QUEUE3\DEBUG\MAIN.OBJ
D:\КПИЯП\Лабораторная работа №4\Queue3\Queue3\Debug\mt.command.1.tlog
D:\КПИЯП\Лабораторная работа №4\Queue3\Queue3\Debug\mt.read.1.tlog
D:\КПИЯП\Лабораторная работа №4\Queue3\Queue3\Debug\mt.write.1.tlog
D:\КПИЯП\Лабораторная работа №4\QUEUE3\QUEUE3\DEBUG\QUEUE3.EXE.EMBED.MANIFEST
D:\КПИЯП\Лабораторная работа №4\QUEUE3\QUEUE3\DEBUG\QUEUE3.EXE.EMBED.MANIFEST.RES
D:\КПИЯП\Лабораторная работа №4\QUEUE3\QUEUE3\DEBUG\QUEUE3.EXE.INTERMEDIATE.MANIFEST
D:\КПИЯП\Лабораторная работа №4\Queue3\Queue3\Debug\Queue3_manifest.rc
D:\КПИЯП\Лабораторная работа №4\Queue3\Queue3\Debug\rc.command.1.tlog
D:\КПИЯП\Лабораторная работа №4\Queue3\Queue3\Debug\rc.read.1.tlog
D:\КПИЯП\Лабораторная работа №4\Queue3\Queue3\Debug\rc.write.1.tlog
D:\КПИЯП\Лабораторная работа №4\Queue3\Queue3\Debug\vc100.idb
D:\КПИЯП\ЛАБОРАТОРНАЯ РАБОТА №4\QUEUE3\QUEUE3\DEBUG\VC100.PDB
