D:\Кодинг\Мои консольные программы на C++\Мои классы\ARRAY\ARRAY\DEBUG\ARRAY.EXE.EMBED.MANIFEST
D:\Кодинг\Мои консольные программы на C++\Мои классы\ARRAY\ARRAY\DEBUG\ARRAY.EXE.EMBED.MANIFEST.RES
D:\Кодинг\Мои консольные программы на C++\Мои классы\ARRAY\ARRAY\DEBUG\ARRAY.EXE.INTERMEDIATE.MANIFEST
D:\Кодинг\Мои консольные программы на C++\Мои классы\ARRAY\ARRAY\DEBUG\ARRAY.OBJ
D:\Кодинг\Мои консольные программы на C++\Мои классы\ARRAY\ARRAY\DEBUG\USE_ARRAY.OBJ
D:\КОДИНГ\МОИ КОНСОЛЬНЫЕ ПРОГРАММЫ НА C++\МОИ КЛАССЫ\ARRAY\ARRAY\DEBUG\VC100.PDB
D:\Кодинг\Мои консольные программы на C++\Мои классы\ARRAY\DEBUG\ARRAY.EXE
D:\Кодинг\Мои консольные программы на C++\Мои классы\ARRAY\DEBUG\ARRAY.ILK
D:\КОДИНГ\МОИ КОНСОЛЬНЫЕ ПРОГРАММЫ НА C++\МОИ КЛАССЫ\ARRAY\DEBUG\ARRAY.PDB
D:\КПИЯП\Лабораторная работа №1\ARRAY(сделано)\ARRAY\DEBUG\ARRAY.EXE.EMBED.MANIFEST
D:\КПИЯП\Лабораторная работа №1\ARRAY(сделано)\ARRAY\DEBUG\ARRAY.EXE.EMBED.MANIFEST.RES
D:\КПИЯП\Лабораторная работа №1\ARRAY(сделано)\ARRAY\DEBUG\ARRAY.EXE.INTERMEDIATE.MANIFEST
D:\КПИЯП\Лабораторная работа №1\ARRAY(сделано)\ARRAY\DEBUG\ARRAY.OBJ
D:\КПИЯП\Лабораторная работа №1\Array(сделано)\Array\Debug\Array_manifest.rc
D:\КПИЯП\Лабораторная работа №1\Array(сделано)\Array\Debug\cl.command.1.tlog
D:\КПИЯП\Лабораторная работа №1\Array(сделано)\Array\Debug\CL.read.1.tlog
D:\КПИЯП\Лабораторная работа №1\Array(сделано)\Array\Debug\CL.write.1.tlog
D:\КПИЯП\Лабораторная работа №1\Array(сделано)\Array\Debug\link.command.1.tlog
D:\КПИЯП\Лабораторная работа №1\Array(сделано)\Array\Debug\link.read.1.tlog
D:\КПИЯП\Лабораторная работа №1\Array(сделано)\Array\Debug\link.write.1.tlog
D:\КПИЯП\Лабораторная работа №1\Array(сделано)\Array\Debug\link-cvtres.read.1.tlog
D:\КПИЯП\Лабораторная работа №1\Array(сделано)\Array\Debug\link-cvtres.write.1.tlog
D:\КПИЯП\Лабораторная работа №1\Array(сделано)\Array\Debug\mt.command.1.tlog
D:\КПИЯП\Лабораторная работа №1\Array(сделано)\Array\Debug\mt.read.1.tlog
D:\КПИЯП\Лабораторная работа №1\Array(сделано)\Array\Debug\mt.write.1.tlog
D:\КПИЯП\Лабораторная работа №1\Array(сделано)\Array\Debug\rc.command.1.tlog
D:\КПИЯП\Лабораторная работа №1\Array(сделано)\Array\Debug\rc.read.1.tlog
D:\КПИЯП\Лабораторная работа №1\Array(сделано)\Array\Debug\rc.write.1.tlog
D:\КПИЯП\Лабораторная работа №1\ARRAY(сделано)\ARRAY\DEBUG\USE_ARRAY.OBJ
D:\КПИЯП\Лабораторная работа №1\Array(сделано)\Array\Debug\vc100.idb
D:\КПИЯП\ЛАБОРАТОРНАЯ РАБОТА №1\ARRAY(СДЕЛАНО)\ARRAY\DEBUG\VC100.PDB
D:\КПИЯП\Лабораторная работа №1\ARRAY(сделано)\DEBUG\ARRAY.EXE
D:\КПИЯП\Лабораторная работа №1\ARRAY(сделано)\DEBUG\ARRAY.ILK
D:\КПИЯП\ЛАБОРАТОРНАЯ РАБОТА №1\ARRAY(СДЕЛАНО)\DEBUG\ARRAY.PDB
