Flow report for Predictor
Tue Dec 20 07:53:48 2016
Quartus II Version 9.1 Build 222 10/21/2009 SJ Web Edition


---------------------
; Table of Contents ;
---------------------
  1. Legal Notice
  2. Flow Summary
  3. Flow Settings
  4. Flow Non-Default Global Settings
  5. Flow Elapsed Time
  6. Flow OS Summary
  7. Flow Log



----------------
; Legal Notice ;
----------------
Copyright (C) 1991-2009 Altera Corporation
Your use of Altera Corporation's design tools, logic functions 
and other software and tools, and its AMPP partner logic 
functions, and any output files from any of the foregoing 
(including device programming or simulation files), and any 
associated documentation or information are expressly subject 
to the terms and conditions of the Altera Program License 
Subscription Agreement, Altera MegaCore Function License 
Agreement, or other applicable license agreement, including, 
without limitation, that your use is for the sole purpose of 
programming logic devices manufactured by Altera and sold by 
Altera or its authorized distributors.  Please refer to the 
applicable agreement for further details.



+--------------------------------------------------------------------------+
; Flow Summary                                                             ;
+--------------------------------+-----------------------------------------+
; Flow Status                    ; Successful - Tue Dec 20 07:53:48 2016   ;
; Quartus II Version             ; 9.1 Build 222 10/21/2009 SJ Web Edition ;
; Revision Name                  ; Predictor                               ;
; Top-level Entity Name          ; Predictor                               ;
; Family                         ; Stratix II GX                           ;
; Met timing requirements        ; Yes                                     ;
; Logic utilization              ; < 1 %                                   ;
;     Combinational ALUTs        ; 3 / 27,104 ( < 1 % )                    ;
;     Dedicated logic registers  ; 3 / 27,104 ( < 1 % )                    ;
; Total registers                ; 3                                       ;
; Total pins                     ; 11 / 406 ( 3 % )                        ;
; Total virtual pins             ; 0                                       ;
; Total block memory bits        ; 0 / 1,369,728 ( 0 % )                   ;
; DSP block 9-bit elements       ; 0 / 128 ( 0 % )                         ;
; Total GXB Receiver Channels    ; 0 / 8 ( 0 % )                           ;
; Total GXB Transmitter Channels ; 0 / 8 ( 0 % )                           ;
; Total PLLs                     ; 0 / 4 ( 0 % )                           ;
; Total DLLs                     ; 0 / 2 ( 0 % )                           ;
; Device                         ; EP2SGX30DF780C3                         ;
; Timing Models                  ; Final                                   ;
+--------------------------------+-----------------------------------------+


+-----------------------------------------+
; Flow Settings                           ;
+-------------------+---------------------+
; Option            ; Setting             ;
+-------------------+---------------------+
; Start date & time ; 12/20/2016 07:53:36 ;
; Main task         ; Compilation         ;
; Revision Name     ; Predictor           ;
+-------------------+---------------------+


+---------------------------------------------------------------------------------------------------------------------------------------------------------------------------------------------+
; Flow Non-Default Global Settings                                                                                                                                                            ;
+------------------------+-------------------------------------------------------------------------------------------------------------------------+---------------+-------------+------------+
; Assignment Name        ; Value                                                                                                                   ; Default Value ; Entity Name ; Section Id ;
+------------------------+-------------------------------------------------------------------------------------------------------------------------+---------------+-------------+------------+
; COMPILER_SIGNATURE_ID  ; 88263149921803.148223841610692                                                                                          ; --            ; --          ; --         ;
; MISC_FILE              ; D:/StudFiles/ÑèÔÎ/ÊÓÐÑÎÂÎÉ/Â ÐÀÁÎÒÅ/Ëîéêî/Êóðñîâîé ÑÈÔÎ Â26 - Final/Branch_prediction_A2_3bit_PC_GHR_mod2/Predictor.dpf ; --            ; --          ; --         ;
; PARTITION_COLOR        ; 16764057                                                                                                                ; --            ; --          ; Top        ;
; PARTITION_NETLIST_TYPE ; SOURCE                                                                                                                  ; --            ; --          ; Top        ;
+------------------------+-------------------------------------------------------------------------------------------------------------------------+---------------+-------------+------------+


+-----------------------------------------------------------------------------------------------------------------------------+
; Flow Elapsed Time                                                                                                           ;
+-------------------------+--------------+-------------------------+---------------------+------------------------------------+
; Module Name             ; Elapsed Time ; Average Processors Used ; Peak Virtual Memory ; Total CPU Time (on all processors) ;
+-------------------------+--------------+-------------------------+---------------------+------------------------------------+
; Analysis & Synthesis    ; 00:00:02     ; 1.0                     ; 260 MB              ; 00:00:02                           ;
; Fitter                  ; 00:00:06     ; 1.0                     ; 321 MB              ; 00:00:06                           ;
; Assembler               ; 00:00:02     ; 1.0                     ; 289 MB              ; 00:00:03                           ;
; Classic Timing Analyzer ; 00:00:00     ; 1.0                     ; 177 MB              ; 00:00:00                           ;
; Total                   ; 00:00:10     ; --                      ; --                  ; 00:00:11                           ;
+-------------------------+--------------+-------------------------+---------------------+------------------------------------+


+------------------------------------------------------------------------------------------+
; Flow OS Summary                                                                          ;
+-------------------------+------------------+---------------+------------+----------------+
; Module Name             ; Machine Hostname ; OS Name       ; OS Version ; Processor type ;
+-------------------------+------------------+---------------+------------+----------------+
; Analysis & Synthesis    ; AndreiKozyakov   ; Windows Vista ; 6.2        ; x86_64         ;
; Fitter                  ; AndreiKozyakov   ; Windows Vista ; 6.2        ; x86_64         ;
; Assembler               ; AndreiKozyakov   ; Windows Vista ; 6.2        ; x86_64         ;
; Classic Timing Analyzer ; AndreiKozyakov   ; Windows Vista ; 6.2        ; x86_64         ;
+-------------------------+------------------+---------------+------------+----------------+


------------
; Flow Log ;
------------
quartus_map --read_settings_files=on --write_settings_files=off Branch_prediction_A2_3_PC_GHR_mod2 -c Predictor
quartus_fit --read_settings_files=off --write_settings_files=off Branch_prediction_A2_3_PC_GHR_mod2 -c Predictor
quartus_asm --read_settings_files=off --write_settings_files=off Branch_prediction_A2_3_PC_GHR_mod2 -c Predictor
quartus_tan --read_settings_files=off --write_settings_files=off Branch_prediction_A2_3_PC_GHR_mod2 -c Predictor --timing_analysis_only



