Classic Timing Analyzer report for Predictor
Tue Dec 20 07:53:48 2016
Quartus II Version 9.1 Build 222 10/21/2009 SJ Web Edition


---------------------
; Table of Contents ;
---------------------
  1. Legal Notice
  2. Timing Analyzer Summary
  3. Timing Analyzer Settings
  4. Clock Settings Summary
  5. Parallel Compilation
  6. Clock Setup: 'clk'
  7. tsu
  8. tco
  9. tpd
 10. th
 11. Timing Analyzer Messages



----------------
; Legal Notice ;
----------------
Copyright (C) 1991-2009 Altera Corporation
Your use of Altera Corporation's design tools, logic functions 
and other software and tools, and its AMPP partner logic 
functions, and any output files from any of the foregoing 
(including device programming or simulation files), and any 
associated documentation or information are expressly subject 
to the terms and conditions of the Altera Program License 
Subscription Agreement, Altera MegaCore Function License 
Agreement, or other applicable license agreement, including, 
without limitation, that your use is for the sole purpose of 
programming logic devices manufactured by Altera and sold by 
Altera or its authorized distributors.  Please refer to the 
applicable agreement for further details.



+--------------------------------------------------------------------------------------------------------------------------------------------------------------------------------------------------------------------------------------------------------------------------------+
; Timing Analyzer Summary                                                                                                                                                                                                                                                        ;
+------------------------------+-------+---------------+------------------------------------------------+----------------------------------------------------------------+----------------------------------------------------------------+------------+----------+--------------+
; Type                         ; Slack ; Required Time ; Actual Time                                    ; From                                                           ; To                                                             ; From Clock ; To Clock ; Failed Paths ;
+------------------------------+-------+---------------+------------------------------------------------+----------------------------------------------------------------+----------------------------------------------------------------+------------+----------+--------------+
; Worst-case tsu               ; N/A   ; None          ; 3.379 ns                                       ; result                                                         ; lpm_shiftreg0:inst|lpm_shiftreg:lpm_shiftreg_component|dffs[0] ; --         ; clk      ; 0            ;
; Worst-case tco               ; N/A   ; None          ; 7.454 ns                                       ; lpm_shiftreg0:inst|lpm_shiftreg:lpm_shiftreg_component|dffs[0] ; PHT_ADR[0]                                                     ; clk        ; --       ; 0            ;
; Worst-case tpd               ; N/A   ; None          ; 9.372 ns                                       ; PC[0]                                                          ; PHT_ADR[0]                                                     ; --         ; --       ; 0            ;
; Worst-case th                ; N/A   ; None          ; -3.140 ns                                      ; result                                                         ; lpm_shiftreg0:inst|lpm_shiftreg:lpm_shiftreg_component|dffs[0] ; --         ; clk      ; 0            ;
; Clock Setup: 'clk'           ; N/A   ; None          ; Restricted to 500.00 MHz ( period = 2.000 ns ) ; lpm_shiftreg0:inst|lpm_shiftreg:lpm_shiftreg_component|dffs[1] ; lpm_shiftreg0:inst|lpm_shiftreg:lpm_shiftreg_component|dffs[2] ; clk        ; clk      ; 0            ;
; Total number of failed paths ;       ;               ;                                                ;                                                                ;                                                                ;            ;          ; 0            ;
+------------------------------+-------+---------------+------------------------------------------------+----------------------------------------------------------------+----------------------------------------------------------------+------------+----------+--------------+


+-----------------------------------------------------------------------------------------------------------------------------------------------------+
; Timing Analyzer Settings                                                                                                                            ;
+------------------------------------------------------------------------------------------------------+--------------------+------+----+-------------+
; Option                                                                                               ; Setting            ; From ; To ; Entity Name ;
+------------------------------------------------------------------------------------------------------+--------------------+------+----+-------------+
; Device Name                                                                                          ; EP2SGX30DF780C3    ;      ;    ;             ;
; Timing Models                                                                                        ; Final              ;      ;    ;             ;
; Default hold multicycle                                                                              ; Same as Multicycle ;      ;    ;             ;
; Cut paths between unrelated clock domains                                                            ; On                 ;      ;    ;             ;
; Cut off read during write signal paths                                                               ; On                 ;      ;    ;             ;
; Cut off feedback from I/O pins                                                                       ; On                 ;      ;    ;             ;
; Report Combined Fast/Slow Timing                                                                     ; Off                ;      ;    ;             ;
; Ignore Clock Settings                                                                                ; Off                ;      ;    ;             ;
; Analyze latches as synchronous elements                                                              ; On                 ;      ;    ;             ;
; Enable Recovery/Removal analysis                                                                     ; Off                ;      ;    ;             ;
; Enable Clock Latency                                                                                 ; Off                ;      ;    ;             ;
; Use TimeQuest Timing Analyzer                                                                        ; Off                ;      ;    ;             ;
; Number of source nodes to report per destination node                                                ; 10                 ;      ;    ;             ;
; Number of destination nodes to report                                                                ; 10                 ;      ;    ;             ;
; Number of paths to report                                                                            ; 200                ;      ;    ;             ;
; Report Minimum Timing Checks                                                                         ; Off                ;      ;    ;             ;
; Use Fast Timing Models                                                                               ; Off                ;      ;    ;             ;
; Report IO Paths Separately                                                                           ; Off                ;      ;    ;             ;
; Perform Multicorner Analysis                                                                         ; On                 ;      ;    ;             ;
; Reports the worst-case path for each clock domain and analysis                                       ; Off                ;      ;    ;             ;
; Reports worst-case timing paths for each clock domain and analysis                                   ; Off                ;      ;    ;             ;
; Specifies the maximum number of worst-case timing paths to report for each clock domain and analysis ; 100                ;      ;    ;             ;
; Removes common clock path pessimism (CCPP) during slack computation                                  ; Off                ;      ;    ;             ;
; Output I/O Timing Endpoint                                                                           ; Near End           ;      ;    ;             ;
+------------------------------------------------------------------------------------------------------+--------------------+------+----+-------------+


+------------------------------------------------------------------------------------------------------------------------------------------------------------------------------------+
; Clock Settings Summary                                                                                                                                                             ;
+-----------------+--------------------+----------+------------------+---------------+--------------+----------+-----------------------+---------------------+--------+--------------+
; Clock Node Name ; Clock Setting Name ; Type     ; Fmax Requirement ; Early Latency ; Late Latency ; Based on ; Multiply Base Fmax by ; Divide Base Fmax by ; Offset ; Phase offset ;
+-----------------+--------------------+----------+------------------+---------------+--------------+----------+-----------------------+---------------------+--------+--------------+
; clk             ;                    ; User Pin ; None             ; 0.000 ns      ; 0.000 ns     ; --       ; N/A                   ; N/A                 ; N/A    ;              ;
+-----------------+--------------------+----------+------------------+---------------+--------------+----------+-----------------------+---------------------+--------+--------------+


Parallel compilation was disabled, but you have multiple processors available. Enable parallel compilation to reduce compilation time.
+-------------------------------------+
; Parallel Compilation                ;
+----------------------------+--------+
; Processors                 ; Number ;
+----------------------------+--------+
; Number detected on machine ; 4      ;
; Maximum allowed            ; 1      ;
+----------------------------+--------+


+------------------------------------------------------------------------------------------------------------------------------------------------------------------------------------------------------------------------------------------------------------------------------------------------------+
; Clock Setup: 'clk'                                                                                                                                                                                                                                                                                   ;
+-------+------------------------------------------------+----------------------------------------------------------------+----------------------------------------------------------------+------------+----------+-----------------------------+---------------------------+-------------------------+
; Slack ; Actual fmax (period)                           ; From                                                           ; To                                                             ; From Clock ; To Clock ; Required Setup Relationship ; Required Longest P2P Time ; Actual Longest P2P Time ;
+-------+------------------------------------------------+----------------------------------------------------------------+----------------------------------------------------------------+------------+----------+-----------------------------+---------------------------+-------------------------+
; N/A   ; Restricted to 500.00 MHz ( period = 2.000 ns ) ; lpm_shiftreg0:inst|lpm_shiftreg:lpm_shiftreg_component|dffs[1] ; lpm_shiftreg0:inst|lpm_shiftreg:lpm_shiftreg_component|dffs[2] ; clk        ; clk      ; None                        ; None                      ; 0.510 ns                ;
; N/A   ; Restricted to 500.00 MHz ( period = 2.000 ns ) ; lpm_shiftreg0:inst|lpm_shiftreg:lpm_shiftreg_component|dffs[0] ; lpm_shiftreg0:inst|lpm_shiftreg:lpm_shiftreg_component|dffs[1] ; clk        ; clk      ; None                        ; None                      ; 0.507 ns                ;
+-------+------------------------------------------------+----------------------------------------------------------------+----------------------------------------------------------------+------------+----------+-----------------------------+---------------------------+-------------------------+


+------------------------------------------------------------------------------------------------------------------------+
; tsu                                                                                                                    ;
+-------+--------------+------------+--------+----------------------------------------------------------------+----------+
; Slack ; Required tsu ; Actual tsu ; From   ; To                                                             ; To Clock ;
+-------+--------------+------------+--------+----------------------------------------------------------------+----------+
; N/A   ; None         ; 3.379 ns   ; result ; lpm_shiftreg0:inst|lpm_shiftreg:lpm_shiftreg_component|dffs[0] ; clk      ;
+-------+--------------+------------+--------+----------------------------------------------------------------+----------+


+------------------------------------------------------------------------------------------------------------------------------+
; tco                                                                                                                          ;
+-------+--------------+------------+----------------------------------------------------------------+------------+------------+
; Slack ; Required tco ; Actual tco ; From                                                           ; To         ; From Clock ;
+-------+--------------+------------+----------------------------------------------------------------+------------+------------+
; N/A   ; None         ; 7.454 ns   ; lpm_shiftreg0:inst|lpm_shiftreg:lpm_shiftreg_component|dffs[0] ; PHT_ADR[0] ; clk        ;
; N/A   ; None         ; 6.094 ns   ; lpm_shiftreg0:inst|lpm_shiftreg:lpm_shiftreg_component|dffs[1] ; PHT_ADR[1] ; clk        ;
; N/A   ; None         ; 5.977 ns   ; lpm_shiftreg0:inst|lpm_shiftreg:lpm_shiftreg_component|dffs[2] ; PHT_ADR[2] ; clk        ;
+-------+--------------+------------+----------------------------------------------------------------+------------+------------+


+------------------------------------------------------------------+
; tpd                                                              ;
+-------+-------------------+-----------------+-------+------------+
; Slack ; Required P2P Time ; Actual P2P Time ; From  ; To         ;
+-------+-------------------+-----------------+-------+------------+
; N/A   ; None              ; 9.372 ns        ; PC[0] ; PHT_ADR[0] ;
; N/A   ; None              ; 8.934 ns        ; PC[1] ; PHT_ADR[1] ;
; N/A   ; None              ; 8.113 ns        ; PC[2] ; PHT_ADR[2] ;
+-------+-------------------+-----------------+-------+------------+


+------------------------------------------------------------------------------------------------------------------------------+
; th                                                                                                                           ;
+---------------+-------------+-----------+--------+----------------------------------------------------------------+----------+
; Minimum Slack ; Required th ; Actual th ; From   ; To                                                             ; To Clock ;
+---------------+-------------+-----------+--------+----------------------------------------------------------------+----------+
; N/A           ; None        ; -3.140 ns ; result ; lpm_shiftreg0:inst|lpm_shiftreg:lpm_shiftreg_component|dffs[0] ; clk      ;
+---------------+-------------+-----------+--------+----------------------------------------------------------------+----------+


+--------------------------+
; Timing Analyzer Messages ;
+--------------------------+
Info: *******************************************************************
Info: Running Quartus II Classic Timing Analyzer
    Info: Version 9.1 Build 222 10/21/2009 SJ Web Edition
    Info: Processing started: Tue Dec 20 07:53:48 2016
Info: Command: quartus_tan --read_settings_files=off --write_settings_files=off Branch_prediction_A2_3_PC_GHR_mod2 -c Predictor --timing_analysis_only
Warning: Found pins functioning as undefined clocks and/or memory enables
    Info: Assuming node "clk" is an undefined clock
Info: Clock "clk" Internal fmax is restricted to 500.0 MHz between source register "lpm_shiftreg0:inst|lpm_shiftreg:lpm_shiftreg_component|dffs[1]" and destination register "lpm_shiftreg0:inst|lpm_shiftreg:lpm_shiftreg_component|dffs[2]"
    Info: fmax restricted to clock pin edge rate 2.0 ns. Expand message to see actual delay path.
        Info: + Longest register to register delay is 0.510 ns
            Info: 1: + IC(0.000 ns) + CELL(0.000 ns) = 0.000 ns; Loc. = LCFF_X15_Y29_N17; Fanout = 2; REG Node = 'lpm_shiftreg0:inst|lpm_shiftreg:lpm_shiftreg_component|dffs[1]'
            Info: 2: + IC(0.201 ns) + CELL(0.309 ns) = 0.510 ns; Loc. = LCFF_X15_Y29_N19; Fanout = 1; REG Node = 'lpm_shiftreg0:inst|lpm_shiftreg:lpm_shiftreg_component|dffs[2]'
            Info: Total cell delay = 0.309 ns ( 60.59 % )
            Info: Total interconnect delay = 0.201 ns ( 39.41 % )
        Info: - Smallest clock skew is 0.000 ns
            Info: + Shortest clock path from clock "clk" to destination register is 2.631 ns
                Info: 1: + IC(0.000 ns) + CELL(0.874 ns) = 0.874 ns; Loc. = PIN_U26; Fanout = 1; CLK Node = 'clk'
                Info: 2: + IC(0.343 ns) + CELL(0.000 ns) = 1.217 ns; Loc. = CLKCTRL_G3; Fanout = 3; COMB Node = 'clk~clkctrl'
                Info: 3: + IC(0.796 ns) + CELL(0.618 ns) = 2.631 ns; Loc. = LCFF_X15_Y29_N19; Fanout = 1; REG Node = 'lpm_shiftreg0:inst|lpm_shiftreg:lpm_shiftreg_component|dffs[2]'
                Info: Total cell delay = 1.492 ns ( 56.71 % )
                Info: Total interconnect delay = 1.139 ns ( 43.29 % )
            Info: - Longest clock path from clock "clk" to source register is 2.631 ns
                Info: 1: + IC(0.000 ns) + CELL(0.874 ns) = 0.874 ns; Loc. = PIN_U26; Fanout = 1; CLK Node = 'clk'
                Info: 2: + IC(0.343 ns) + CELL(0.000 ns) = 1.217 ns; Loc. = CLKCTRL_G3; Fanout = 3; COMB Node = 'clk~clkctrl'
                Info: 3: + IC(0.796 ns) + CELL(0.618 ns) = 2.631 ns; Loc. = LCFF_X15_Y29_N17; Fanout = 2; REG Node = 'lpm_shiftreg0:inst|lpm_shiftreg:lpm_shiftreg_component|dffs[1]'
                Info: Total cell delay = 1.492 ns ( 56.71 % )
                Info: Total interconnect delay = 1.139 ns ( 43.29 % )
        Info: + Micro clock to output delay of source is 0.094 ns
        Info: + Micro setup delay of destination is 0.090 ns
Info: tsu for register "lpm_shiftreg0:inst|lpm_shiftreg:lpm_shiftreg_component|dffs[0]" (data pin = "result", clock pin = "clk") is 3.379 ns
    Info: + Longest pin to register delay is 5.920 ns
        Info: 1: + IC(0.000 ns) + CELL(0.857 ns) = 0.857 ns; Loc. = PIN_AC19; Fanout = 1; PIN Node = 'result'
        Info: 2: + IC(4.754 ns) + CELL(0.309 ns) = 5.920 ns; Loc. = LCFF_X15_Y29_N21; Fanout = 2; REG Node = 'lpm_shiftreg0:inst|lpm_shiftreg:lpm_shiftreg_component|dffs[0]'
        Info: Total cell delay = 1.166 ns ( 19.70 % )
        Info: Total interconnect delay = 4.754 ns ( 80.30 % )
    Info: + Micro setup delay of destination is 0.090 ns
    Info: - Shortest clock path from clock "clk" to destination register is 2.631 ns
        Info: 1: + IC(0.000 ns) + CELL(0.874 ns) = 0.874 ns; Loc. = PIN_U26; Fanout = 1; CLK Node = 'clk'
        Info: 2: + IC(0.343 ns) + CELL(0.000 ns) = 1.217 ns; Loc. = CLKCTRL_G3; Fanout = 3; COMB Node = 'clk~clkctrl'
        Info: 3: + IC(0.796 ns) + CELL(0.618 ns) = 2.631 ns; Loc. = LCFF_X15_Y29_N21; Fanout = 2; REG Node = 'lpm_shiftreg0:inst|lpm_shiftreg:lpm_shiftreg_component|dffs[0]'
        Info: Total cell delay = 1.492 ns ( 56.71 % )
        Info: Total interconnect delay = 1.139 ns ( 43.29 % )
Info: tco from clock "clk" to destination pin "PHT_ADR[0]" through register "lpm_shiftreg0:inst|lpm_shiftreg:lpm_shiftreg_component|dffs[0]" is 7.454 ns
    Info: + Longest clock path from clock "clk" to source register is 2.631 ns
        Info: 1: + IC(0.000 ns) + CELL(0.874 ns) = 0.874 ns; Loc. = PIN_U26; Fanout = 1; CLK Node = 'clk'
        Info: 2: + IC(0.343 ns) + CELL(0.000 ns) = 1.217 ns; Loc. = CLKCTRL_G3; Fanout = 3; COMB Node = 'clk~clkctrl'
        Info: 3: + IC(0.796 ns) + CELL(0.618 ns) = 2.631 ns; Loc. = LCFF_X15_Y29_N21; Fanout = 2; REG Node = 'lpm_shiftreg0:inst|lpm_shiftreg:lpm_shiftreg_component|dffs[0]'
        Info: Total cell delay = 1.492 ns ( 56.71 % )
        Info: Total interconnect delay = 1.139 ns ( 43.29 % )
    Info: + Micro clock to output delay of source is 0.094 ns
    Info: + Longest register to pin delay is 4.729 ns
        Info: 1: + IC(0.000 ns) + CELL(0.000 ns) = 0.000 ns; Loc. = LCFF_X15_Y29_N21; Fanout = 2; REG Node = 'lpm_shiftreg0:inst|lpm_shiftreg:lpm_shiftreg_component|dffs[0]'
        Info: 2: + IC(0.000 ns) + CELL(0.241 ns) = 0.241 ns; Loc. = LCCOMB_X15_Y29_N20; Fanout = 1; COMB Node = 'lpm_xor0:inst7|lpm_xor:lpm_xor_component|xor_cascade[0][1]'
        Info: 3: + IC(2.516 ns) + CELL(1.972 ns) = 4.729 ns; Loc. = PIN_AC18; Fanout = 0; PIN Node = 'PHT_ADR[0]'
        Info: Total cell delay = 2.213 ns ( 46.80 % )
        Info: Total interconnect delay = 2.516 ns ( 53.20 % )
Info: Longest tpd from source pin "PC[0]" to destination pin "PHT_ADR[0]" is 9.372 ns
    Info: 1: + IC(0.000 ns) + CELL(0.887 ns) = 0.887 ns; Loc. = PIN_A21; Fanout = 1; PIN Node = 'PC[0]'
    Info: 2: + IC(3.944 ns) + CELL(0.053 ns) = 4.884 ns; Loc. = LCCOMB_X15_Y29_N20; Fanout = 1; COMB Node = 'lpm_xor0:inst7|lpm_xor:lpm_xor_component|xor_cascade[0][1]'
    Info: 3: + IC(2.516 ns) + CELL(1.972 ns) = 9.372 ns; Loc. = PIN_AC18; Fanout = 0; PIN Node = 'PHT_ADR[0]'
    Info: Total cell delay = 2.912 ns ( 31.07 % )
    Info: Total interconnect delay = 6.460 ns ( 68.93 % )
Info: th for register "lpm_shiftreg0:inst|lpm_shiftreg:lpm_shiftreg_component|dffs[0]" (data pin = "result", clock pin = "clk") is -3.140 ns
    Info: + Longest clock path from clock "clk" to destination register is 2.631 ns
        Info: 1: + IC(0.000 ns) + CELL(0.874 ns) = 0.874 ns; Loc. = PIN_U26; Fanout = 1; CLK Node = 'clk'
        Info: 2: + IC(0.343 ns) + CELL(0.000 ns) = 1.217 ns; Loc. = CLKCTRL_G3; Fanout = 3; COMB Node = 'clk~clkctrl'
        Info: 3: + IC(0.796 ns) + CELL(0.618 ns) = 2.631 ns; Loc. = LCFF_X15_Y29_N21; Fanout = 2; REG Node = 'lpm_shiftreg0:inst|lpm_shiftreg:lpm_shiftreg_component|dffs[0]'
        Info: Total cell delay = 1.492 ns ( 56.71 % )
        Info: Total interconnect delay = 1.139 ns ( 43.29 % )
    Info: + Micro hold delay of destination is 0.149 ns
    Info: - Shortest pin to register delay is 5.920 ns
        Info: 1: + IC(0.000 ns) + CELL(0.857 ns) = 0.857 ns; Loc. = PIN_AC19; Fanout = 1; PIN Node = 'result'
        Info: 2: + IC(4.754 ns) + CELL(0.309 ns) = 5.920 ns; Loc. = LCFF_X15_Y29_N21; Fanout = 2; REG Node = 'lpm_shiftreg0:inst|lpm_shiftreg:lpm_shiftreg_component|dffs[0]'
        Info: Total cell delay = 1.166 ns ( 19.70 % )
        Info: Total interconnect delay = 4.754 ns ( 80.30 % )
Info: Quartus II Classic Timing Analyzer was successful. 0 errors, 1 warning
    Info: Peak virtual memory: 192 megabytes
    Info: Processing ended: Tue Dec 20 07:53:48 2016
    Info: Elapsed time: 00:00:00
    Info: Total CPU time (on all processors): 00:00:00


