Analysis & Synthesis report for Predictor
Tue Dec 20 07:53:37 2016
Quartus II Version 9.1 Build 222 10/21/2009 SJ Web Edition


---------------------
; Table of Contents ;
---------------------
  1. Legal Notice
  2. Analysis & Synthesis Summary
  3. Analysis & Synthesis Settings
  4. Parallel Compilation
  5. Analysis & Synthesis Source Files Read
  6. Analysis & Synthesis Resource Usage Summary
  7. Analysis & Synthesis Resource Utilization by Entity
  8. General Register Statistics
  9. Parameter Settings for User Entity Instance: lpm_and0:inst17|LPM_AND:lpm_and_component
 10. Parameter Settings for User Entity Instance: lpm_xor0:inst7|LPM_XOR:lpm_xor_component
 11. Parameter Settings for User Entity Instance: lpm_shiftreg0:inst|lpm_shiftreg:lpm_shiftreg_component
 12. Parameter Settings for User Entity Instance: lpm_shiftreg1:inst10|lpm_shiftreg:lpm_shiftreg_component
 13. Parameter Settings for User Entity Instance: lpm_decode0:inst19|lpm_decode:lpm_decode_component
 14. Parameter Settings for User Entity Instance: lpm_shiftreg1:inst11|lpm_shiftreg:lpm_shiftreg_component
 15. Parameter Settings for User Entity Instance: lpm_shiftreg1:inst12|lpm_shiftreg:lpm_shiftreg_component
 16. Parameter Settings for User Entity Instance: lpm_shiftreg1:inst13|lpm_shiftreg:lpm_shiftreg_component
 17. Parameter Settings for User Entity Instance: lpm_shiftreg1:inst14|lpm_shiftreg:lpm_shiftreg_component
 18. Parameter Settings for User Entity Instance: lpm_shiftreg1:inst15|lpm_shiftreg:lpm_shiftreg_component
 19. Parameter Settings for User Entity Instance: lpm_mux0:inst16|LPM_MUX:lpm_mux_component
 20. Parameter Settings for User Entity Instance: lpm_shiftreg1:inst8|lpm_shiftreg:lpm_shiftreg_component
 21. Parameter Settings for User Entity Instance: lpm_shiftreg1:inst21|lpm_shiftreg:lpm_shiftreg_component
 22. Parameter Settings for User Entity Instance: lpm_decode0:inst25|lpm_decode:lpm_decode_component
 23. Parameter Settings for User Entity Instance: lpm_shiftreg1:inst22|lpm_shiftreg:lpm_shiftreg_component
 24. Parameter Settings for User Entity Instance: lpm_shiftreg1:inst23|lpm_shiftreg:lpm_shiftreg_component
 25. Parameter Settings for User Entity Instance: lpm_shiftreg1:inst9|lpm_shiftreg:lpm_shiftreg_component
 26. Parameter Settings for User Entity Instance: lpm_shiftreg1:inst24|lpm_shiftreg:lpm_shiftreg_component
 27. Parameter Settings for User Entity Instance: lpm_shiftreg1:inst18|lpm_shiftreg:lpm_shiftreg_component
 28. Parameter Settings for User Entity Instance: lpm_shiftreg1:inst20|lpm_shiftreg:lpm_shiftreg_component
 29. lpm_shiftreg Parameter Settings by Entity Instance
 30. Analysis & Synthesis Messages



----------------
; Legal Notice ;
----------------
Copyright (C) 1991-2009 Altera Corporation
Your use of Altera Corporation's design tools, logic functions 
and other software and tools, and its AMPP partner logic 
functions, and any output files from any of the foregoing 
(including device programming or simulation files), and any 
associated documentation or information are expressly subject 
to the terms and conditions of the Altera Program License 
Subscription Agreement, Altera MegaCore Function License 
Agreement, or other applicable license agreement, including, 
without limitation, that your use is for the sole purpose of 
programming logic devices manufactured by Altera and sold by 
Altera or its authorized distributors.  Please refer to the 
applicable agreement for further details.



+--------------------------------------------------------------------------+
; Analysis & Synthesis Summary                                             ;
+--------------------------------+-----------------------------------------+
; Analysis & Synthesis Status    ; Successful - Tue Dec 20 07:53:37 2016   ;
; Quartus II Version             ; 9.1 Build 222 10/21/2009 SJ Web Edition ;
; Revision Name                  ; Predictor                               ;
; Top-level Entity Name          ; Predictor                               ;
; Family                         ; Stratix II GX                           ;
; Logic utilization              ; N/A                                     ;
;     Combinational ALUTs        ; 3                                       ;
;     Dedicated logic registers  ; 3                                       ;
; Total registers                ; 3                                       ;
; Total pins                     ; 11                                      ;
; Total virtual pins             ; 0                                       ;
; Total block memory bits        ; 0                                       ;
; DSP block 9-bit elements       ; 0                                       ;
; Total GXB Receiver Channels    ; 0                                       ;
; Total GXB Transmitter Channels ; 0                                       ;
; Total PLLs                     ; 0                                       ;
; Total DLLs                     ; 0                                       ;
+--------------------------------+-----------------------------------------+


+----------------------------------------------------------------------------------------------------------------------+
; Analysis & Synthesis Settings                                                                                        ;
+----------------------------------------------------------------------------+--------------------+--------------------+
; Option                                                                     ; Setting            ; Default Value      ;
+----------------------------------------------------------------------------+--------------------+--------------------+
; Top-level entity name                                                      ; Predictor          ; Predictor          ;
; Family name                                                                ; Stratix II GX      ; Stratix II         ;
; Use smart compilation                                                      ; Off                ; Off                ;
; Enable parallel Assembler and TimeQuest Timing Analyzer during compilation ; On                 ; On                 ;
; Enable compact report table                                                ; Off                ; Off                ;
; Restructure Multiplexers                                                   ; Auto               ; Auto               ;
; Create Debugging Nodes for IP Cores                                        ; Off                ; Off                ;
; Preserve fewer node names                                                  ; On                 ; On                 ;
; Disable OpenCore Plus hardware evaluation                                  ; Off                ; Off                ;
; Verilog Version                                                            ; Verilog_2001       ; Verilog_2001       ;
; VHDL Version                                                               ; VHDL_1993          ; VHDL_1993          ;
; State Machine Processing                                                   ; Auto               ; Auto               ;
; Safe State Machine                                                         ; Off                ; Off                ;
; Extract Verilog State Machines                                             ; On                 ; On                 ;
; Extract VHDL State Machines                                                ; On                 ; On                 ;
; Ignore Verilog initial constructs                                          ; Off                ; Off                ;
; Iteration limit for constant Verilog loops                                 ; 5000               ; 5000               ;
; Iteration limit for non-constant Verilog loops                             ; 250                ; 250                ;
; Add Pass-Through Logic to Inferred RAMs                                    ; On                 ; On                 ;
; Parallel Synthesis                                                         ; Off                ; Off                ;
; DSP Block Balancing                                                        ; Auto               ; Auto               ;
; NOT Gate Push-Back                                                         ; On                 ; On                 ;
; Power-Up Don't Care                                                        ; On                 ; On                 ;
; Remove Redundant Logic Cells                                               ; Off                ; Off                ;
; Remove Duplicate Registers                                                 ; On                 ; On                 ;
; Ignore CARRY Buffers                                                       ; Off                ; Off                ;
; Ignore CASCADE Buffers                                                     ; Off                ; Off                ;
; Ignore GLOBAL Buffers                                                      ; Off                ; Off                ;
; Ignore ROW GLOBAL Buffers                                                  ; Off                ; Off                ;
; Ignore LCELL Buffers                                                       ; Off                ; Off                ;
; Ignore SOFT Buffers                                                        ; On                 ; On                 ;
; Limit AHDL Integers to 32 Bits                                             ; Off                ; Off                ;
; Optimization Technique                                                     ; Balanced           ; Balanced           ;
; Carry Chain Length                                                         ; 70                 ; 70                 ;
; Auto Carry Chains                                                          ; On                 ; On                 ;
; Auto Open-Drain Pins                                                       ; On                 ; On                 ;
; Perform WYSIWYG Primitive Resynthesis                                      ; Off                ; Off                ;
; Auto ROM Replacement                                                       ; On                 ; On                 ;
; Auto RAM Replacement                                                       ; On                 ; On                 ;
; Auto DSP Block Replacement                                                 ; On                 ; On                 ;
; Auto Shift Register Replacement                                            ; Auto               ; Auto               ;
; Auto Clock Enable Replacement                                              ; On                 ; On                 ;
; Strict RAM Replacement                                                     ; Off                ; Off                ;
; Allow Synchronous Control Signals                                          ; On                 ; On                 ;
; Force Use of Synchronous Clear Signals                                     ; Off                ; Off                ;
; Auto RAM Block Balancing                                                   ; On                 ; On                 ;
; Auto RAM to Logic Cell Conversion                                          ; Off                ; Off                ;
; Auto Resource Sharing                                                      ; Off                ; Off                ;
; Allow Any RAM Size For Recognition                                         ; Off                ; Off                ;
; Allow Any ROM Size For Recognition                                         ; Off                ; Off                ;
; Allow Any Shift Register Size For Recognition                              ; Off                ; Off                ;
; Use LogicLock Constraints during Resource Balancing                        ; On                 ; On                 ;
; Ignore translate_off and synthesis_off directives                          ; Off                ; Off                ;
; Timing-Driven Synthesis                                                    ; Off                ; Off                ;
; Show Parameter Settings Tables in Synthesis Report                         ; On                 ; On                 ;
; Ignore Maximum Fan-Out Assignments                                         ; Off                ; Off                ;
; Synchronization Register Chain Length                                      ; 2                  ; 2                  ;
; PowerPlay Power Optimization                                               ; Normal compilation ; Normal compilation ;
; HDL message level                                                          ; Level2             ; Level2             ;
; Suppress Register Optimization Related Messages                            ; Off                ; Off                ;
; Number of Removed Registers Reported in Synthesis Report                   ; 100                ; 100                ;
; Number of Inverted Registers Reported in Synthesis Report                  ; 100                ; 100                ;
; Clock MUX Protection                                                       ; On                 ; On                 ;
; Auto Gated Clock Conversion                                                ; Off                ; Off                ;
; Block Design Naming                                                        ; Auto               ; Auto               ;
; SDC constraint protection                                                  ; Off                ; Off                ;
; Synthesis Effort                                                           ; Auto               ; Auto               ;
; Shift Register Replacement - Allow Asynchronous Clear Signal               ; On                 ; On                 ;
; Analysis & Synthesis Message Level                                         ; Medium             ; Medium             ;
; Disable Register Merging Across Hierarchies                                ; Auto               ; Auto               ;
+----------------------------------------------------------------------------+--------------------+--------------------+


Parallel compilation was disabled, but you have multiple processors available. Enable parallel compilation to reduce compilation time.
+-------------------------------------+
; Parallel Compilation                ;
+----------------------------+--------+
; Processors                 ; Number ;
+----------------------------+--------+
; Number detected on machine ; 4      ;
; Maximum allowed            ; 1      ;
+----------------------------+--------+


+----------------------------------------------------------------------------------------------------------------------------------------------------------------------------------------------------------------------+
; Analysis & Synthesis Source Files Read                                                                                                                                                                               ;
+----------------------------------+-----------------+------------------------------------+----------------------------------------------------------------------------------------------------------------------------+
; File Name with User-Entered Path ; Used in Netlist ; File Type                          ; File Name with Absolute Path                                                                                               ;
+----------------------------------+-----------------+------------------------------------+----------------------------------------------------------------------------------------------------------------------------+
; Predictor.bdf                    ; yes             ; User Block Diagram/Schematic File  ; C:/work/university/sifo/Curse/Ворошкевич/Курсовой СИФО В26 - Final/Branch_prediction_A2_3bit_PC_GHR_mod2/Predictor.bdf     ;
; lpm_and0.vhd                     ; yes             ; Auto-Found Wizard-Generated File   ; C:/work/university/sifo/Curse/Ворошкевич/Курсовой СИФО В26 - Final/Branch_prediction_A2_3bit_PC_GHR_mod2/lpm_and0.vhd      ;
; lpm_and.tdf                      ; yes             ; Megafunction                       ; c:/altera/91/quartus/libraries/megafunctions/lpm_and.tdf                                                                   ;
; lpm_xor0.vhd                     ; yes             ; Auto-Found Wizard-Generated File   ; C:/work/university/sifo/Curse/Ворошкевич/Курсовой СИФО В26 - Final/Branch_prediction_A2_3bit_PC_GHR_mod2/lpm_xor0.vhd      ;
; lpm_xor.tdf                      ; yes             ; Megafunction                       ; c:/altera/91/quartus/libraries/megafunctions/lpm_xor.tdf                                                                   ;
; lpm_shiftreg0.vhd                ; yes             ; Auto-Found Wizard-Generated File   ; C:/work/university/sifo/Curse/Ворошкевич/Курсовой СИФО В26 - Final/Branch_prediction_A2_3bit_PC_GHR_mod2/lpm_shiftreg0.vhd ;
; lpm_shiftreg.tdf                 ; yes             ; Megafunction                       ; c:/altera/91/quartus/libraries/megafunctions/lpm_shiftreg.tdf                                                              ;
; lpm_shiftreg1.vhd                ; yes             ; Auto-Found Wizard-Generated File   ; C:/work/university/sifo/Curse/Ворошкевич/Курсовой СИФО В26 - Final/Branch_prediction_A2_3bit_PC_GHR_mod2/lpm_shiftreg1.vhd ;
; lpm_decode0.vhd                  ; yes             ; Auto-Found Wizard-Generated File   ; C:/work/university/sifo/Curse/Ворошкевич/Курсовой СИФО В26 - Final/Branch_prediction_A2_3bit_PC_GHR_mod2/lpm_decode0.vhd   ;
; lpm_decode.tdf                   ; yes             ; Megafunction                       ; c:/altera/91/quartus/libraries/megafunctions/lpm_decode.tdf                                                                ;
; db/decode_tff.tdf                ; yes             ; Auto-Generated Megafunction        ; C:/work/university/sifo/Curse/Ворошкевич/Курсовой СИФО В26 - Final/Branch_prediction_A2_3bit_PC_GHR_mod2/db/decode_tff.tdf ;
; lpm_mux0.vhd                     ; yes             ; Auto-Found Wizard-Generated File   ; C:/work/university/sifo/Curse/Ворошкевич/Курсовой СИФО В26 - Final/Branch_prediction_A2_3bit_PC_GHR_mod2/lpm_mux0.vhd      ;
; lpm_mux.tdf                      ; yes             ; Megafunction                       ; c:/altera/91/quartus/libraries/megafunctions/lpm_mux.tdf                                                                   ;
; db/mux_ode.tdf                   ; yes             ; Auto-Generated Megafunction        ; C:/work/university/sifo/Curse/Ворошкевич/Курсовой СИФО В26 - Final/Branch_prediction_A2_3bit_PC_GHR_mod2/db/mux_ode.tdf    ;
+----------------------------------+-----------------+------------------------------------+----------------------------------------------------------------------------------------------------------------------------+


+-------------------------------------------------------+
; Analysis & Synthesis Resource Usage Summary           ;
+-----------------------------------------------+-------+
; Resource                                      ; Usage ;
+-----------------------------------------------+-------+
; Estimated ALUTs Used                          ; 3     ;
; Dedicated logic registers                     ; 3     ;
;                                               ;       ;
; Estimated ALUTs Unavailable                   ; 0     ;
;                                               ;       ;
; Total combinational functions                 ; 3     ;
; Combinational ALUT usage by number of inputs  ;       ;
;     -- 7 input functions                      ; 0     ;
;     -- 6 input functions                      ; 0     ;
;     -- 5 input functions                      ; 0     ;
;     -- 4 input functions                      ; 0     ;
;     -- <=3 input functions                    ; 3     ;
;                                               ;       ;
; Combinational ALUTs by mode                   ;       ;
;     -- normal mode                            ; 3     ;
;     -- extended LUT mode                      ; 0     ;
;     -- arithmetic mode                        ; 0     ;
;     -- shared arithmetic mode                 ; 0     ;
;                                               ;       ;
; Estimated ALUT/register pairs used            ; 4     ;
;                                               ;       ;
; Total registers                               ; 3     ;
;     -- Dedicated logic registers              ; 3     ;
;     -- I/O registers                          ; 0     ;
;                                               ;       ;
; Estimated ALMs:  partially or completely used ; 2     ;
;                                               ;       ;
; I/O pins                                      ; 11    ;
; Maximum fan-out node                          ; clk   ;
; Maximum fan-out                               ; 3     ;
; Total fan-out                                 ; 15    ;
; Average fan-out                               ; 0.88  ;
+-----------------------------------------------+-------+


+--------------------------------------------------------------------------------------------------------------------------------------------------------------------------------------------------------------------------------------------------------------+
; Analysis & Synthesis Resource Utilization by Entity                                                                                                                                                                                                          ;
+---------------------------------------------+-------------------+--------------+-------------------+--------------+---------+-----------+-----------+------+--------------+-------------------------------------------------------------------+--------------+
; Compilation Hierarchy Node                  ; LC Combinationals ; LC Registers ; Block Memory Bits ; DSP Elements ; DSP 9x9 ; DSP 18x18 ; DSP 36x36 ; Pins ; Virtual Pins ; Full Hierarchy Name                                               ; Library Name ;
+---------------------------------------------+-------------------+--------------+-------------------+--------------+---------+-----------+-----------+------+--------------+-------------------------------------------------------------------+--------------+
; |Predictor                                  ; 3 (0)             ; 3 (0)        ; 0                 ; 0            ; 0       ; 0         ; 0         ; 11   ; 0            ; |Predictor                                                        ; work         ;
;    |lpm_shiftreg0:inst|                     ; 0 (0)             ; 3 (0)        ; 0                 ; 0            ; 0       ; 0         ; 0         ; 0    ; 0            ; |Predictor|lpm_shiftreg0:inst                                     ; work         ;
;       |lpm_shiftreg:lpm_shiftreg_component| ; 0 (0)             ; 3 (3)        ; 0                 ; 0            ; 0       ; 0         ; 0         ; 0    ; 0            ; |Predictor|lpm_shiftreg0:inst|lpm_shiftreg:lpm_shiftreg_component ; work         ;
;    |lpm_xor0:inst7|                         ; 3 (0)             ; 0 (0)        ; 0                 ; 0            ; 0       ; 0         ; 0         ; 0    ; 0            ; |Predictor|lpm_xor0:inst7                                         ; work         ;
;       |lpm_xor:lpm_xor_component|           ; 3 (3)             ; 0 (0)        ; 0                 ; 0            ; 0       ; 0         ; 0         ; 0    ; 0            ; |Predictor|lpm_xor0:inst7|lpm_xor:lpm_xor_component               ;              ;
+---------------------------------------------+-------------------+--------------+-------------------+--------------+---------+-----------+-----------+------+--------------+-------------------------------------------------------------------+--------------+
Note: For table entries with two numbers listed, the numbers in parentheses indicate the number of resources of the given type used by the specific entity alone. The numbers listed outside of parentheses indicate the total resources of the given type used by the specific entity and all of its sub-entities in the hierarchy.


+------------------------------------------------------+
; General Register Statistics                          ;
+----------------------------------------------+-------+
; Statistic                                    ; Value ;
+----------------------------------------------+-------+
; Total registers                              ; 3     ;
; Number of registers using Synchronous Clear  ; 0     ;
; Number of registers using Synchronous Load   ; 0     ;
; Number of registers using Asynchronous Clear ; 0     ;
; Number of registers using Asynchronous Load  ; 0     ;
; Number of registers using Clock Enable       ; 0     ;
; Number of registers using Preset             ; 0     ;
+----------------------------------------------+-------+


+----------------------------------------------------------------------------------------+
; Parameter Settings for User Entity Instance: lpm_and0:inst17|LPM_AND:lpm_and_component ;
+------------------------+---------------+-----------------------------------------------+
; Parameter Name         ; Value         ; Type                                          ;
+------------------------+---------------+-----------------------------------------------+
; AUTO_CARRY_CHAINS      ; ON            ; AUTO_CARRY                                    ;
; IGNORE_CARRY_BUFFERS   ; OFF           ; IGNORE_CARRY                                  ;
; AUTO_CASCADE_CHAINS    ; ON            ; AUTO_CASCADE                                  ;
; IGNORE_CASCADE_BUFFERS ; OFF           ; IGNORE_CASCADE                                ;
; LPM_WIDTH              ; 1             ; Signed Integer                                ;
; LPM_SIZE               ; 2             ; Signed Integer                                ;
; CARRY_CHAIN_LENGTH     ; 48            ; CARRY_CHAIN_LENGTH                            ;
; CARRY_CHAIN            ; MANUAL        ; Untyped                                       ;
; CASCADE_CHAIN          ; MANUAL        ; Untyped                                       ;
; DEVICE_FAMILY          ; Stratix II GX ; Untyped                                       ;
+------------------------+---------------+-----------------------------------------------+
Note: In order to hide this table in the UI and the text report file, please set the "Show Parameter Settings Tables in Synthesis Report" option in "Analysis and Synthesis Settings -> More Settings" to "Off".


+---------------------------------------------------------------------------------------+
; Parameter Settings for User Entity Instance: lpm_xor0:inst7|LPM_XOR:lpm_xor_component ;
+----------------+-------+--------------------------------------------------------------+
; Parameter Name ; Value ; Type                                                         ;
+----------------+-------+--------------------------------------------------------------+
; LPM_WIDTH      ; 3     ; Signed Integer                                               ;
; LPM_SIZE       ; 2     ; Signed Integer                                               ;
+----------------+-------+--------------------------------------------------------------+
Note: In order to hide this table in the UI and the text report file, please set the "Show Parameter Settings Tables in Synthesis Report" option in "Analysis and Synthesis Settings -> More Settings" to "Off".


+-----------------------------------------------------------------------------------------------------+
; Parameter Settings for User Entity Instance: lpm_shiftreg0:inst|lpm_shiftreg:lpm_shiftreg_component ;
+------------------------+---------------+------------------------------------------------------------+
; Parameter Name         ; Value         ; Type                                                       ;
+------------------------+---------------+------------------------------------------------------------+
; LPM_WIDTH              ; 3             ; Signed Integer                                             ;
; LPM_DIRECTION          ; LEFT          ; Untyped                                                    ;
; LPM_AVALUE             ; UNUSED        ; Untyped                                                    ;
; LPM_SVALUE             ; UNUSED        ; Untyped                                                    ;
; DEVICE_FAMILY          ; Stratix II GX ; Untyped                                                    ;
; AUTO_CARRY_CHAINS      ; ON            ; AUTO_CARRY                                                 ;
; IGNORE_CARRY_BUFFERS   ; OFF           ; IGNORE_CARRY                                               ;
; AUTO_CASCADE_CHAINS    ; ON            ; AUTO_CASCADE                                               ;
; IGNORE_CASCADE_BUFFERS ; OFF           ; IGNORE_CASCADE                                             ;
+------------------------+---------------+------------------------------------------------------------+
Note: In order to hide this table in the UI and the text report file, please set the "Show Parameter Settings Tables in Synthesis Report" option in "Analysis and Synthesis Settings -> More Settings" to "Off".


+-------------------------------------------------------------------------------------------------------+
; Parameter Settings for User Entity Instance: lpm_shiftreg1:inst10|lpm_shiftreg:lpm_shiftreg_component ;
+------------------------+---------------+--------------------------------------------------------------+
; Parameter Name         ; Value         ; Type                                                         ;
+------------------------+---------------+--------------------------------------------------------------+
; LPM_WIDTH              ; 2             ; Signed Integer                                               ;
; LPM_DIRECTION          ; LEFT          ; Untyped                                                      ;
; LPM_AVALUE             ; UNUSED        ; Untyped                                                      ;
; LPM_SVALUE             ; UNUSED        ; Untyped                                                      ;
; DEVICE_FAMILY          ; Stratix II GX ; Untyped                                                      ;
; AUTO_CARRY_CHAINS      ; ON            ; AUTO_CARRY                                                   ;
; IGNORE_CARRY_BUFFERS   ; OFF           ; IGNORE_CARRY                                                 ;
; AUTO_CASCADE_CHAINS    ; ON            ; AUTO_CASCADE                                                 ;
; IGNORE_CASCADE_BUFFERS ; OFF           ; IGNORE_CASCADE                                               ;
+------------------------+---------------+--------------------------------------------------------------+
Note: In order to hide this table in the UI and the text report file, please set the "Show Parameter Settings Tables in Synthesis Report" option in "Analysis and Synthesis Settings -> More Settings" to "Off".


+-------------------------------------------------------------------------------------------------+
; Parameter Settings for User Entity Instance: lpm_decode0:inst19|lpm_decode:lpm_decode_component ;
+------------------------+---------------+--------------------------------------------------------+
; Parameter Name         ; Value         ; Type                                                   ;
+------------------------+---------------+--------------------------------------------------------+
; LPM_WIDTH              ; 3             ; Signed Integer                                         ;
; LPM_DECODES            ; 8             ; Signed Integer                                         ;
; LPM_PIPELINE           ; 0             ; Untyped                                                ;
; CASCADE_CHAIN          ; MANUAL        ; Untyped                                                ;
; DEVICE_FAMILY          ; Stratix II GX ; Untyped                                                ;
; CBXI_PARAMETER         ; decode_tff    ; Untyped                                                ;
; AUTO_CARRY_CHAINS      ; ON            ; AUTO_CARRY                                             ;
; IGNORE_CARRY_BUFFERS   ; OFF           ; IGNORE_CARRY                                           ;
; AUTO_CASCADE_CHAINS    ; ON            ; AUTO_CASCADE                                           ;
; IGNORE_CASCADE_BUFFERS ; OFF           ; IGNORE_CASCADE                                         ;
+------------------------+---------------+--------------------------------------------------------+
Note: In order to hide this table in the UI and the text report file, please set the "Show Parameter Settings Tables in Synthesis Report" option in "Analysis and Synthesis Settings -> More Settings" to "Off".


+-------------------------------------------------------------------------------------------------------+
; Parameter Settings for User Entity Instance: lpm_shiftreg1:inst11|lpm_shiftreg:lpm_shiftreg_component ;
+------------------------+---------------+--------------------------------------------------------------+
; Parameter Name         ; Value         ; Type                                                         ;
+------------------------+---------------+--------------------------------------------------------------+
; LPM_WIDTH              ; 2             ; Signed Integer                                               ;
; LPM_DIRECTION          ; LEFT          ; Untyped                                                      ;
; LPM_AVALUE             ; UNUSED        ; Untyped                                                      ;
; LPM_SVALUE             ; UNUSED        ; Untyped                                                      ;
; DEVICE_FAMILY          ; Stratix II GX ; Untyped                                                      ;
; AUTO_CARRY_CHAINS      ; ON            ; AUTO_CARRY                                                   ;
; IGNORE_CARRY_BUFFERS   ; OFF           ; IGNORE_CARRY                                                 ;
; AUTO_CASCADE_CHAINS    ; ON            ; AUTO_CASCADE                                                 ;
; IGNORE_CASCADE_BUFFERS ; OFF           ; IGNORE_CASCADE                                               ;
+------------------------+---------------+--------------------------------------------------------------+
Note: In order to hide this table in the UI and the text report file, please set the "Show Parameter Settings Tables in Synthesis Report" option in "Analysis and Synthesis Settings -> More Settings" to "Off".


+-------------------------------------------------------------------------------------------------------+
; Parameter Settings for User Entity Instance: lpm_shiftreg1:inst12|lpm_shiftreg:lpm_shiftreg_component ;
+------------------------+---------------+--------------------------------------------------------------+
; Parameter Name         ; Value         ; Type                                                         ;
+------------------------+---------------+--------------------------------------------------------------+
; LPM_WIDTH              ; 2             ; Signed Integer                                               ;
; LPM_DIRECTION          ; LEFT          ; Untyped                                                      ;
; LPM_AVALUE             ; UNUSED        ; Untyped                                                      ;
; LPM_SVALUE             ; UNUSED        ; Untyped                                                      ;
; DEVICE_FAMILY          ; Stratix II GX ; Untyped                                                      ;
; AUTO_CARRY_CHAINS      ; ON            ; AUTO_CARRY                                                   ;
; IGNORE_CARRY_BUFFERS   ; OFF           ; IGNORE_CARRY                                                 ;
; AUTO_CASCADE_CHAINS    ; ON            ; AUTO_CASCADE                                                 ;
; IGNORE_CASCADE_BUFFERS ; OFF           ; IGNORE_CASCADE                                               ;
+------------------------+---------------+--------------------------------------------------------------+
Note: In order to hide this table in the UI and the text report file, please set the "Show Parameter Settings Tables in Synthesis Report" option in "Analysis and Synthesis Settings -> More Settings" to "Off".


+-------------------------------------------------------------------------------------------------------+
; Parameter Settings for User Entity Instance: lpm_shiftreg1:inst13|lpm_shiftreg:lpm_shiftreg_component ;
+------------------------+---------------+--------------------------------------------------------------+
; Parameter Name         ; Value         ; Type                                                         ;
+------------------------+---------------+--------------------------------------------------------------+
; LPM_WIDTH              ; 2             ; Signed Integer                                               ;
; LPM_DIRECTION          ; LEFT          ; Untyped                                                      ;
; LPM_AVALUE             ; UNUSED        ; Untyped                                                      ;
; LPM_SVALUE             ; UNUSED        ; Untyped                                                      ;
; DEVICE_FAMILY          ; Stratix II GX ; Untyped                                                      ;
; AUTO_CARRY_CHAINS      ; ON            ; AUTO_CARRY                                                   ;
; IGNORE_CARRY_BUFFERS   ; OFF           ; IGNORE_CARRY                                                 ;
; AUTO_CASCADE_CHAINS    ; ON            ; AUTO_CASCADE                                                 ;
; IGNORE_CASCADE_BUFFERS ; OFF           ; IGNORE_CASCADE                                               ;
+------------------------+---------------+--------------------------------------------------------------+
Note: In order to hide this table in the UI and the text report file, please set the "Show Parameter Settings Tables in Synthesis Report" option in "Analysis and Synthesis Settings -> More Settings" to "Off".


+-------------------------------------------------------------------------------------------------------+
; Parameter Settings for User Entity Instance: lpm_shiftreg1:inst14|lpm_shiftreg:lpm_shiftreg_component ;
+------------------------+---------------+--------------------------------------------------------------+
; Parameter Name         ; Value         ; Type                                                         ;
+------------------------+---------------+--------------------------------------------------------------+
; LPM_WIDTH              ; 2             ; Signed Integer                                               ;
; LPM_DIRECTION          ; LEFT          ; Untyped                                                      ;
; LPM_AVALUE             ; UNUSED        ; Untyped                                                      ;
; LPM_SVALUE             ; UNUSED        ; Untyped                                                      ;
; DEVICE_FAMILY          ; Stratix II GX ; Untyped                                                      ;
; AUTO_CARRY_CHAINS      ; ON            ; AUTO_CARRY                                                   ;
; IGNORE_CARRY_BUFFERS   ; OFF           ; IGNORE_CARRY                                                 ;
; AUTO_CASCADE_CHAINS    ; ON            ; AUTO_CASCADE                                                 ;
; IGNORE_CASCADE_BUFFERS ; OFF           ; IGNORE_CASCADE                                               ;
+------------------------+---------------+--------------------------------------------------------------+
Note: In order to hide this table in the UI and the text report file, please set the "Show Parameter Settings Tables in Synthesis Report" option in "Analysis and Synthesis Settings -> More Settings" to "Off".


+-------------------------------------------------------------------------------------------------------+
; Parameter Settings for User Entity Instance: lpm_shiftreg1:inst15|lpm_shiftreg:lpm_shiftreg_component ;
+------------------------+---------------+--------------------------------------------------------------+
; Parameter Name         ; Value         ; Type                                                         ;
+------------------------+---------------+--------------------------------------------------------------+
; LPM_WIDTH              ; 2             ; Signed Integer                                               ;
; LPM_DIRECTION          ; LEFT          ; Untyped                                                      ;
; LPM_AVALUE             ; UNUSED        ; Untyped                                                      ;
; LPM_SVALUE             ; UNUSED        ; Untyped                                                      ;
; DEVICE_FAMILY          ; Stratix II GX ; Untyped                                                      ;
; AUTO_CARRY_CHAINS      ; ON            ; AUTO_CARRY                                                   ;
; IGNORE_CARRY_BUFFERS   ; OFF           ; IGNORE_CARRY                                                 ;
; AUTO_CASCADE_CHAINS    ; ON            ; AUTO_CASCADE                                                 ;
; IGNORE_CASCADE_BUFFERS ; OFF           ; IGNORE_CASCADE                                               ;
+------------------------+---------------+--------------------------------------------------------------+
Note: In order to hide this table in the UI and the text report file, please set the "Show Parameter Settings Tables in Synthesis Report" option in "Analysis and Synthesis Settings -> More Settings" to "Off".


+----------------------------------------------------------------------------------------+
; Parameter Settings for User Entity Instance: lpm_mux0:inst16|LPM_MUX:lpm_mux_component ;
+------------------------+---------------+-----------------------------------------------+
; Parameter Name         ; Value         ; Type                                          ;
+------------------------+---------------+-----------------------------------------------+
; AUTO_CARRY_CHAINS      ; ON            ; AUTO_CARRY                                    ;
; IGNORE_CARRY_BUFFERS   ; OFF           ; IGNORE_CARRY                                  ;
; AUTO_CASCADE_CHAINS    ; ON            ; AUTO_CASCADE                                  ;
; IGNORE_CASCADE_BUFFERS ; OFF           ; IGNORE_CASCADE                                ;
; LPM_WIDTH              ; 2             ; Signed Integer                                ;
; LPM_SIZE               ; 14            ; Signed Integer                                ;
; LPM_WIDTHS             ; 4             ; Signed Integer                                ;
; LPM_PIPELINE           ; 0             ; Signed Integer                                ;
; CBXI_PARAMETER         ; mux_ode       ; Untyped                                       ;
; DEVICE_FAMILY          ; Stratix II GX ; Untyped                                       ;
+------------------------+---------------+-----------------------------------------------+
Note: In order to hide this table in the UI and the text report file, please set the "Show Parameter Settings Tables in Synthesis Report" option in "Analysis and Synthesis Settings -> More Settings" to "Off".


+------------------------------------------------------------------------------------------------------+
; Parameter Settings for User Entity Instance: lpm_shiftreg1:inst8|lpm_shiftreg:lpm_shiftreg_component ;
+------------------------+---------------+-------------------------------------------------------------+
; Parameter Name         ; Value         ; Type                                                        ;
+------------------------+---------------+-------------------------------------------------------------+
; LPM_WIDTH              ; 2             ; Signed Integer                                              ;
; LPM_DIRECTION          ; LEFT          ; Untyped                                                     ;
; LPM_AVALUE             ; UNUSED        ; Untyped                                                     ;
; LPM_SVALUE             ; UNUSED        ; Untyped                                                     ;
; DEVICE_FAMILY          ; Stratix II GX ; Untyped                                                     ;
; AUTO_CARRY_CHAINS      ; ON            ; AUTO_CARRY                                                  ;
; IGNORE_CARRY_BUFFERS   ; OFF           ; IGNORE_CARRY                                                ;
; AUTO_CASCADE_CHAINS    ; ON            ; AUTO_CASCADE                                                ;
; IGNORE_CASCADE_BUFFERS ; OFF           ; IGNORE_CASCADE                                              ;
+------------------------+---------------+-------------------------------------------------------------+
Note: In order to hide this table in the UI and the text report file, please set the "Show Parameter Settings Tables in Synthesis Report" option in "Analysis and Synthesis Settings -> More Settings" to "Off".


+-------------------------------------------------------------------------------------------------------+
; Parameter Settings for User Entity Instance: lpm_shiftreg1:inst21|lpm_shiftreg:lpm_shiftreg_component ;
+------------------------+---------------+--------------------------------------------------------------+
; Parameter Name         ; Value         ; Type                                                         ;
+------------------------+---------------+--------------------------------------------------------------+
; LPM_WIDTH              ; 2             ; Signed Integer                                               ;
; LPM_DIRECTION          ; LEFT          ; Untyped                                                      ;
; LPM_AVALUE             ; UNUSED        ; Untyped                                                      ;
; LPM_SVALUE             ; UNUSED        ; Untyped                                                      ;
; DEVICE_FAMILY          ; Stratix II GX ; Untyped                                                      ;
; AUTO_CARRY_CHAINS      ; ON            ; AUTO_CARRY                                                   ;
; IGNORE_CARRY_BUFFERS   ; OFF           ; IGNORE_CARRY                                                 ;
; AUTO_CASCADE_CHAINS    ; ON            ; AUTO_CASCADE                                                 ;
; IGNORE_CASCADE_BUFFERS ; OFF           ; IGNORE_CASCADE                                               ;
+------------------------+---------------+--------------------------------------------------------------+
Note: In order to hide this table in the UI and the text report file, please set the "Show Parameter Settings Tables in Synthesis Report" option in "Analysis and Synthesis Settings -> More Settings" to "Off".


+-------------------------------------------------------------------------------------------------+
; Parameter Settings for User Entity Instance: lpm_decode0:inst25|lpm_decode:lpm_decode_component ;
+------------------------+---------------+--------------------------------------------------------+
; Parameter Name         ; Value         ; Type                                                   ;
+------------------------+---------------+--------------------------------------------------------+
; LPM_WIDTH              ; 3             ; Signed Integer                                         ;
; LPM_DECODES            ; 8             ; Signed Integer                                         ;
; LPM_PIPELINE           ; 0             ; Untyped                                                ;
; CASCADE_CHAIN          ; MANUAL        ; Untyped                                                ;
; DEVICE_FAMILY          ; Stratix II GX ; Untyped                                                ;
; CBXI_PARAMETER         ; decode_tff    ; Untyped                                                ;
; AUTO_CARRY_CHAINS      ; ON            ; AUTO_CARRY                                             ;
; IGNORE_CARRY_BUFFERS   ; OFF           ; IGNORE_CARRY                                           ;
; AUTO_CASCADE_CHAINS    ; ON            ; AUTO_CASCADE                                           ;
; IGNORE_CASCADE_BUFFERS ; OFF           ; IGNORE_CASCADE                                         ;
+------------------------+---------------+--------------------------------------------------------+
Note: In order to hide this table in the UI and the text report file, please set the "Show Parameter Settings Tables in Synthesis Report" option in "Analysis and Synthesis Settings -> More Settings" to "Off".


+-------------------------------------------------------------------------------------------------------+
; Parameter Settings for User Entity Instance: lpm_shiftreg1:inst22|lpm_shiftreg:lpm_shiftreg_component ;
+------------------------+---------------+--------------------------------------------------------------+
; Parameter Name         ; Value         ; Type                                                         ;
+------------------------+---------------+--------------------------------------------------------------+
; LPM_WIDTH              ; 2             ; Signed Integer                                               ;
; LPM_DIRECTION          ; LEFT          ; Untyped                                                      ;
; LPM_AVALUE             ; UNUSED        ; Untyped                                                      ;
; LPM_SVALUE             ; UNUSED        ; Untyped                                                      ;
; DEVICE_FAMILY          ; Stratix II GX ; Untyped                                                      ;
; AUTO_CARRY_CHAINS      ; ON            ; AUTO_CARRY                                                   ;
; IGNORE_CARRY_BUFFERS   ; OFF           ; IGNORE_CARRY                                                 ;
; AUTO_CASCADE_CHAINS    ; ON            ; AUTO_CASCADE                                                 ;
; IGNORE_CASCADE_BUFFERS ; OFF           ; IGNORE_CASCADE                                               ;
+------------------------+---------------+--------------------------------------------------------------+
Note: In order to hide this table in the UI and the text report file, please set the "Show Parameter Settings Tables in Synthesis Report" option in "Analysis and Synthesis Settings -> More Settings" to "Off".


+-------------------------------------------------------------------------------------------------------+
; Parameter Settings for User Entity Instance: lpm_shiftreg1:inst23|lpm_shiftreg:lpm_shiftreg_component ;
+------------------------+---------------+--------------------------------------------------------------+
; Parameter Name         ; Value         ; Type                                                         ;
+------------------------+---------------+--------------------------------------------------------------+
; LPM_WIDTH              ; 2             ; Signed Integer                                               ;
; LPM_DIRECTION          ; LEFT          ; Untyped                                                      ;
; LPM_AVALUE             ; UNUSED        ; Untyped                                                      ;
; LPM_SVALUE             ; UNUSED        ; Untyped                                                      ;
; DEVICE_FAMILY          ; Stratix II GX ; Untyped                                                      ;
; AUTO_CARRY_CHAINS      ; ON            ; AUTO_CARRY                                                   ;
; IGNORE_CARRY_BUFFERS   ; OFF           ; IGNORE_CARRY                                                 ;
; AUTO_CASCADE_CHAINS    ; ON            ; AUTO_CASCADE                                                 ;
; IGNORE_CASCADE_BUFFERS ; OFF           ; IGNORE_CASCADE                                               ;
+------------------------+---------------+--------------------------------------------------------------+
Note: In order to hide this table in the UI and the text report file, please set the "Show Parameter Settings Tables in Synthesis Report" option in "Analysis and Synthesis Settings -> More Settings" to "Off".


+------------------------------------------------------------------------------------------------------+
; Parameter Settings for User Entity Instance: lpm_shiftreg1:inst9|lpm_shiftreg:lpm_shiftreg_component ;
+------------------------+---------------+-------------------------------------------------------------+
; Parameter Name         ; Value         ; Type                                                        ;
+------------------------+---------------+-------------------------------------------------------------+
; LPM_WIDTH              ; 2             ; Signed Integer                                              ;
; LPM_DIRECTION          ; LEFT          ; Untyped                                                     ;
; LPM_AVALUE             ; UNUSED        ; Untyped                                                     ;
; LPM_SVALUE             ; UNUSED        ; Untyped                                                     ;
; DEVICE_FAMILY          ; Stratix II GX ; Untyped                                                     ;
; AUTO_CARRY_CHAINS      ; ON            ; AUTO_CARRY                                                  ;
; IGNORE_CARRY_BUFFERS   ; OFF           ; IGNORE_CARRY                                                ;
; AUTO_CASCADE_CHAINS    ; ON            ; AUTO_CASCADE                                                ;
; IGNORE_CASCADE_BUFFERS ; OFF           ; IGNORE_CASCADE                                              ;
+------------------------+---------------+-------------------------------------------------------------+
Note: In order to hide this table in the UI and the text report file, please set the "Show Parameter Settings Tables in Synthesis Report" option in "Analysis and Synthesis Settings -> More Settings" to "Off".


+-------------------------------------------------------------------------------------------------------+
; Parameter Settings for User Entity Instance: lpm_shiftreg1:inst24|lpm_shiftreg:lpm_shiftreg_component ;
+------------------------+---------------+--------------------------------------------------------------+
; Parameter Name         ; Value         ; Type                                                         ;
+------------------------+---------------+--------------------------------------------------------------+
; LPM_WIDTH              ; 2             ; Signed Integer                                               ;
; LPM_DIRECTION          ; LEFT          ; Untyped                                                      ;
; LPM_AVALUE             ; UNUSED        ; Untyped                                                      ;
; LPM_SVALUE             ; UNUSED        ; Untyped                                                      ;
; DEVICE_FAMILY          ; Stratix II GX ; Untyped                                                      ;
; AUTO_CARRY_CHAINS      ; ON            ; AUTO_CARRY                                                   ;
; IGNORE_CARRY_BUFFERS   ; OFF           ; IGNORE_CARRY                                                 ;
; AUTO_CASCADE_CHAINS    ; ON            ; AUTO_CASCADE                                                 ;
; IGNORE_CASCADE_BUFFERS ; OFF           ; IGNORE_CASCADE                                               ;
+------------------------+---------------+--------------------------------------------------------------+
Note: In order to hide this table in the UI and the text report file, please set the "Show Parameter Settings Tables in Synthesis Report" option in "Analysis and Synthesis Settings -> More Settings" to "Off".


+-------------------------------------------------------------------------------------------------------+
; Parameter Settings for User Entity Instance: lpm_shiftreg1:inst18|lpm_shiftreg:lpm_shiftreg_component ;
+------------------------+---------------+--------------------------------------------------------------+
; Parameter Name         ; Value         ; Type                                                         ;
+------------------------+---------------+--------------------------------------------------------------+
; LPM_WIDTH              ; 2             ; Signed Integer                                               ;
; LPM_DIRECTION          ; LEFT          ; Untyped                                                      ;
; LPM_AVALUE             ; UNUSED        ; Untyped                                                      ;
; LPM_SVALUE             ; UNUSED        ; Untyped                                                      ;
; DEVICE_FAMILY          ; Stratix II GX ; Untyped                                                      ;
; AUTO_CARRY_CHAINS      ; ON            ; AUTO_CARRY                                                   ;
; IGNORE_CARRY_BUFFERS   ; OFF           ; IGNORE_CARRY                                                 ;
; AUTO_CASCADE_CHAINS    ; ON            ; AUTO_CASCADE                                                 ;
; IGNORE_CASCADE_BUFFERS ; OFF           ; IGNORE_CASCADE                                               ;
+------------------------+---------------+--------------------------------------------------------------+
Note: In order to hide this table in the UI and the text report file, please set the "Show Parameter Settings Tables in Synthesis Report" option in "Analysis and Synthesis Settings -> More Settings" to "Off".


+-------------------------------------------------------------------------------------------------------+
; Parameter Settings for User Entity Instance: lpm_shiftreg1:inst20|lpm_shiftreg:lpm_shiftreg_component ;
+------------------------+---------------+--------------------------------------------------------------+
; Parameter Name         ; Value         ; Type                                                         ;
+------------------------+---------------+--------------------------------------------------------------+
; LPM_WIDTH              ; 2             ; Signed Integer                                               ;
; LPM_DIRECTION          ; LEFT          ; Untyped                                                      ;
; LPM_AVALUE             ; UNUSED        ; Untyped                                                      ;
; LPM_SVALUE             ; UNUSED        ; Untyped                                                      ;
; DEVICE_FAMILY          ; Stratix II GX ; Untyped                                                      ;
; AUTO_CARRY_CHAINS      ; ON            ; AUTO_CARRY                                                   ;
; IGNORE_CARRY_BUFFERS   ; OFF           ; IGNORE_CARRY                                                 ;
; AUTO_CASCADE_CHAINS    ; ON            ; AUTO_CASCADE                                                 ;
; IGNORE_CASCADE_BUFFERS ; OFF           ; IGNORE_CASCADE                                               ;
+------------------------+---------------+--------------------------------------------------------------+
Note: In order to hide this table in the UI and the text report file, please set the "Show Parameter Settings Tables in Synthesis Report" option in "Analysis and Synthesis Settings -> More Settings" to "Off".


+---------------------------------------------------------------------------------------+
; lpm_shiftreg Parameter Settings by Entity Instance                                    ;
+----------------------------+----------------------------------------------------------+
; Name                       ; Value                                                    ;
+----------------------------+----------------------------------------------------------+
; Number of entity instances ; 15                                                       ;
; Entity Instance            ; lpm_shiftreg0:inst|lpm_shiftreg:lpm_shiftreg_component   ;
;     -- LPM_WIDTH           ; 3                                                        ;
;     -- LPM_DIRECTION       ; LEFT                                                     ;
; Entity Instance            ; lpm_shiftreg1:inst10|lpm_shiftreg:lpm_shiftreg_component ;
;     -- LPM_WIDTH           ; 2                                                        ;
;     -- LPM_DIRECTION       ; LEFT                                                     ;
; Entity Instance            ; lpm_shiftreg1:inst11|lpm_shiftreg:lpm_shiftreg_component ;
;     -- LPM_WIDTH           ; 2                                                        ;
;     -- LPM_DIRECTION       ; LEFT                                                     ;
; Entity Instance            ; lpm_shiftreg1:inst12|lpm_shiftreg:lpm_shiftreg_component ;
;     -- LPM_WIDTH           ; 2                                                        ;
;     -- LPM_DIRECTION       ; LEFT                                                     ;
; Entity Instance            ; lpm_shiftreg1:inst13|lpm_shiftreg:lpm_shiftreg_component ;
;     -- LPM_WIDTH           ; 2                                                        ;
;     -- LPM_DIRECTION       ; LEFT                                                     ;
; Entity Instance            ; lpm_shiftreg1:inst14|lpm_shiftreg:lpm_shiftreg_component ;
;     -- LPM_WIDTH           ; 2                                                        ;
;     -- LPM_DIRECTION       ; LEFT                                                     ;
; Entity Instance            ; lpm_shiftreg1:inst15|lpm_shiftreg:lpm_shiftreg_component ;
;     -- LPM_WIDTH           ; 2                                                        ;
;     -- LPM_DIRECTION       ; LEFT                                                     ;
; Entity Instance            ; lpm_shiftreg1:inst8|lpm_shiftreg:lpm_shiftreg_component  ;
;     -- LPM_WIDTH           ; 2                                                        ;
;     -- LPM_DIRECTION       ; LEFT                                                     ;
; Entity Instance            ; lpm_shiftreg1:inst21|lpm_shiftreg:lpm_shiftreg_component ;
;     -- LPM_WIDTH           ; 2                                                        ;
;     -- LPM_DIRECTION       ; LEFT                                                     ;
; Entity Instance            ; lpm_shiftreg1:inst22|lpm_shiftreg:lpm_shiftreg_component ;
;     -- LPM_WIDTH           ; 2                                                        ;
;     -- LPM_DIRECTION       ; LEFT                                                     ;
; Entity Instance            ; lpm_shiftreg1:inst23|lpm_shiftreg:lpm_shiftreg_component ;
;     -- LPM_WIDTH           ; 2                                                        ;
;     -- LPM_DIRECTION       ; LEFT                                                     ;
; Entity Instance            ; lpm_shiftreg1:inst9|lpm_shiftreg:lpm_shiftreg_component  ;
;     -- LPM_WIDTH           ; 2                                                        ;
;     -- LPM_DIRECTION       ; LEFT                                                     ;
; Entity Instance            ; lpm_shiftreg1:inst24|lpm_shiftreg:lpm_shiftreg_component ;
;     -- LPM_WIDTH           ; 2                                                        ;
;     -- LPM_DIRECTION       ; LEFT                                                     ;
; Entity Instance            ; lpm_shiftreg1:inst18|lpm_shiftreg:lpm_shiftreg_component ;
;     -- LPM_WIDTH           ; 2                                                        ;
;     -- LPM_DIRECTION       ; LEFT                                                     ;
; Entity Instance            ; lpm_shiftreg1:inst20|lpm_shiftreg:lpm_shiftreg_component ;
;     -- LPM_WIDTH           ; 2                                                        ;
;     -- LPM_DIRECTION       ; LEFT                                                     ;
+----------------------------+----------------------------------------------------------+


+-------------------------------+
; Analysis & Synthesis Messages ;
+-------------------------------+
Info: *******************************************************************
Info: Running Quartus II Analysis & Synthesis
    Info: Version 9.1 Build 222 10/21/2009 SJ Web Edition
    Info: Processing started: Tue Dec 20 07:53:35 2016
Info: Command: quartus_map --read_settings_files=on --write_settings_files=off Branch_prediction_A2_3_PC_GHR_mod2 -c Predictor
Info: Found 1 design units, including 1 entities, in source file predictor.bdf
    Info: Found entity 1: Predictor
Info: Elaborating entity "Predictor" for the top level hierarchy
Warning: Bus "PHT10[1..0]" found using same base name as "PHT1", which might lead to a name conflict.
Warning: Bus "PHT11[1..0]" found using same base name as "PHT1", which might lead to a name conflict.
Warning: Bus "PHT10[1..0]" found using same base name as "PHT1", which might lead to a name conflict.
Warning: Bus "PHT11[1..0]" found using same base name as "PHT1", which might lead to a name conflict.
Warning: Converted elements in bus name "PHT1" using legacy naming rules. Make any assignments on the new names, not on the original names.
    Warning: Converted element name(s) from "PHT1[1..0]" to "PHT11..0"
    Warning: Converted element name(s) from "PHT1[1..0]" to "PHT11..0"
Warning: Converted elements in bus name "PHT10" using legacy naming rules. Make any assignments on the new names, not on the original names.
    Warning: Converted element name(s) from "PHT10[1..0]" to "PHT101..0"
    Warning: Converted element name(s) from "PHT10[1..0]" to "PHT101..0"
Warning: Converted elements in bus name "PHT11" using legacy naming rules. Make any assignments on the new names, not on the original names.
    Warning: Converted element name(s) from "PHT11[1..0]" to "PHT111..0"
    Warning: Converted element name(s) from "PHT11[1..0]" to "PHT111..0"
Warning: Pin "ST[1..0]" is missing source
Warning: Using design file lpm_and0.vhd, which is not specified as a design file for the current project, but contains definitions for 2 design units and 1 entities in project
    Info: Found design unit 1: lpm_and0-SYN
    Info: Found entity 1: lpm_and0
Info: Elaborating entity "lpm_and0" for hierarchy "lpm_and0:inst17"
Info: Elaborating entity "LPM_AND" for hierarchy "lpm_and0:inst17|LPM_AND:lpm_and_component"
Info: Elaborated megafunction instantiation "lpm_and0:inst17|LPM_AND:lpm_and_component"
Info: Instantiated megafunction "lpm_and0:inst17|LPM_AND:lpm_and_component" with the following parameter:
    Info: Parameter "LPM_WIDTH" = "1"
    Info: Parameter "LPM_SIZE" = "2"
    Info: Parameter "LPM_TYPE" = "LPM_AND"
    Info: Parameter "LPM_HINT" = "UNUSED"
Warning: Using design file lpm_xor0.vhd, which is not specified as a design file for the current project, but contains definitions for 2 design units and 1 entities in project
    Info: Found design unit 1: lpm_xor0-SYN
    Info: Found entity 1: lpm_xor0
Info: Elaborating entity "lpm_xor0" for hierarchy "lpm_xor0:inst7"
Info: Elaborating entity "LPM_XOR" for hierarchy "lpm_xor0:inst7|LPM_XOR:lpm_xor_component"
Info: Elaborated megafunction instantiation "lpm_xor0:inst7|LPM_XOR:lpm_xor_component"
Info: Instantiated megafunction "lpm_xor0:inst7|LPM_XOR:lpm_xor_component" with the following parameter:
    Info: Parameter "LPM_WIDTH" = "3"
    Info: Parameter "LPM_SIZE" = "2"
    Info: Parameter "LPM_TYPE" = "LPM_XOR"
    Info: Parameter "LPM_HINT" = "UNUSED"
Warning: Using design file lpm_shiftreg0.vhd, which is not specified as a design file for the current project, but contains definitions for 2 design units and 1 entities in project
    Info: Found design unit 1: lpm_shiftreg0-SYN
    Info: Found entity 1: lpm_shiftreg0
Info: Elaborating entity "lpm_shiftreg0" for hierarchy "lpm_shiftreg0:inst"
Info: Elaborating entity "lpm_shiftreg" for hierarchy "lpm_shiftreg0:inst|lpm_shiftreg:lpm_shiftreg_component"
Info: Elaborated megafunction instantiation "lpm_shiftreg0:inst|lpm_shiftreg:lpm_shiftreg_component"
Info: Instantiated megafunction "lpm_shiftreg0:inst|lpm_shiftreg:lpm_shiftreg_component" with the following parameter:
    Info: Parameter "lpm_direction" = "LEFT"
    Info: Parameter "lpm_type" = "LPM_SHIFTREG"
    Info: Parameter "lpm_width" = "3"
Warning: Using design file lpm_shiftreg1.vhd, which is not specified as a design file for the current project, but contains definitions for 2 design units and 1 entities in project
    Info: Found design unit 1: lpm_shiftreg1-SYN
    Info: Found entity 1: lpm_shiftreg1
Info: Elaborating entity "lpm_shiftreg1" for hierarchy "lpm_shiftreg1:inst10"
Info: Elaborating entity "lpm_shiftreg" for hierarchy "lpm_shiftreg1:inst10|lpm_shiftreg:lpm_shiftreg_component"
Info: Elaborated megafunction instantiation "lpm_shiftreg1:inst10|lpm_shiftreg:lpm_shiftreg_component"
Info: Instantiated megafunction "lpm_shiftreg1:inst10|lpm_shiftreg:lpm_shiftreg_component" with the following parameter:
    Info: Parameter "lpm_direction" = "LEFT"
    Info: Parameter "lpm_type" = "LPM_SHIFTREG"
    Info: Parameter "lpm_width" = "2"
Warning: Using design file lpm_decode0.vhd, which is not specified as a design file for the current project, but contains definitions for 2 design units and 1 entities in project
    Info: Found design unit 1: lpm_decode0-SYN
    Info: Found entity 1: lpm_decode0
Info: Elaborating entity "lpm_decode0" for hierarchy "lpm_decode0:inst19"
Info: Elaborating entity "lpm_decode" for hierarchy "lpm_decode0:inst19|lpm_decode:lpm_decode_component"
Info: Elaborated megafunction instantiation "lpm_decode0:inst19|lpm_decode:lpm_decode_component"
Info: Instantiated megafunction "lpm_decode0:inst19|lpm_decode:lpm_decode_component" with the following parameter:
    Info: Parameter "lpm_decodes" = "8"
    Info: Parameter "lpm_type" = "LPM_DECODE"
    Info: Parameter "lpm_width" = "3"
Info: Found 1 design units, including 1 entities, in source file db/decode_tff.tdf
    Info: Found entity 1: decode_tff
Info: Elaborating entity "decode_tff" for hierarchy "lpm_decode0:inst19|lpm_decode:lpm_decode_component|decode_tff:auto_generated"
Warning: Using design file lpm_mux0.vhd, which is not specified as a design file for the current project, but contains definitions for 2 design units and 1 entities in project
    Info: Found design unit 1: lpm_mux0-SYN
    Info: Found entity 1: lpm_mux0
Info: Elaborating entity "lpm_mux0" for hierarchy "lpm_mux0:inst16"
Info: Elaborating entity "LPM_MUX" for hierarchy "lpm_mux0:inst16|LPM_MUX:lpm_mux_component"
Info: Elaborated megafunction instantiation "lpm_mux0:inst16|LPM_MUX:lpm_mux_component"
Info: Instantiated megafunction "lpm_mux0:inst16|LPM_MUX:lpm_mux_component" with the following parameter:
    Info: Parameter "LPM_WIDTH" = "2"
    Info: Parameter "LPM_SIZE" = "14"
    Info: Parameter "LPM_WIDTHS" = "4"
    Info: Parameter "LPM_PIPELINE" = "0"
    Info: Parameter "LPM_TYPE" = "LPM_MUX"
    Info: Parameter "LPM_HINT" = "UNUSED"
Info: Found 1 design units, including 1 entities, in source file db/mux_ode.tdf
    Info: Found entity 1: mux_ode
Info: Elaborating entity "mux_ode" for hierarchy "lpm_mux0:inst16|LPM_MUX:lpm_mux_component|mux_ode:auto_generated"
Warning: Output pins are stuck at VCC or GND
    Warning (13410): Pin "prediction" is stuck at GND
    Warning (13410): Pin "ST[1]" is stuck at GND
    Warning (13410): Pin "ST[0]" is stuck at GND
Info: Implemented 17 device resources after synthesis - the final resource count might be different
    Info: Implemented 5 input pins
    Info: Implemented 6 output pins
    Info: Implemented 6 logic cells
Info: Quartus II Analysis & Synthesis was successful. 0 errors, 24 warnings
    Info: Peak virtual memory: 260 megabytes
    Info: Processing ended: Tue Dec 20 07:53:37 2016
    Info: Elapsed time: 00:00:02
    Info: Total CPU time (on all processors): 00:00:02


