D:\КПИЯП\Лабораторная работа №8\FILES\FILES\DEBUG\BINARYFILECLASS.OBJ
D:\КПИЯП\Лабораторная работа №8\FILES\FILES\DEBUG\FILEEXCEPTION.OBJ
D:\КПИЯП\Лабораторная работа №8\FILES\FILES\DEBUG\INPEXCEPTION.OBJ
D:\КПИЯП\Лабораторная работа №8\FILES\FILES\DEBUG\MAIN.OBJ
D:\КПИЯП\Лабораторная работа №8\FILES\FILES\DEBUG\MYMENU.OBJ
D:\КПИЯП\Лабораторная работа №8\FILES\FILES\DEBUG\PERSON.OBJ
D:\КПИЯП\Лабораторная работа №8\FILES\FILES\DEBUG\STRING.OBJ
D:\КПИЯП\Лабораторная работа №8\FILES\FILES\DEBUG\TEXTFILECLASS.OBJ
D:\КПИЯП\Лабораторная работа №8\FILES\FILES\DEBUG\UTEACHER.OBJ
D:\КПИЯП\ЛАБОРАТОРНАЯ РАБОТА №8\FILES\FILES\DEBUG\VC110.PDB
D:\КПИЯП\Лабораторная работа №8\FILES\DEBUG\FILES.ILK
D:\КПИЯП\Лабораторная работа №8\FILES\DEBUG\FILES.EXE
D:\КПИЯП\ЛАБОРАТОРНАЯ РАБОТА №8\FILES\DEBUG\FILES.PDB
D:\КПИЯП\Лабораторная работа №8\Files\Files\Debug\BinaryFileClass.obj
D:\КПИЯП\Лабораторная работа №8\Files\Files\Debug\FileException.obj
D:\КПИЯП\Лабораторная работа №8\Files\Files\Debug\InpException.obj
D:\КПИЯП\Лабораторная работа №8\Files\Files\Debug\main.obj
D:\КПИЯП\Лабораторная работа №8\Files\Files\Debug\MyMenu.obj
D:\КПИЯП\Лабораторная работа №8\Files\Files\Debug\Person.obj
D:\КПИЯП\Лабораторная работа №8\Files\Files\Debug\String.obj
D:\КПИЯП\Лабораторная работа №8\Files\Files\Debug\TextFileClass.obj
D:\КПИЯП\Лабораторная работа №8\Files\Files\Debug\UTeacher.obj
D:\КПИЯП\Лабораторная работа №8\Files\Files\Debug\cl.command.1.tlog
D:\КПИЯП\Лабораторная работа №8\Files\Files\Debug\CL.read.1.tlog
D:\КПИЯП\Лабораторная работа №8\Files\Files\Debug\CL.write.1.tlog
D:\КПИЯП\Лабораторная работа №8\Files\Files\Debug\link-cvtres.read.1.tlog
D:\КПИЯП\Лабораторная работа №8\Files\Files\Debug\link-cvtres.write.1.tlog
D:\КПИЯП\Лабораторная работа №8\Files\Files\Debug\link-rc.read.1.tlog
D:\КПИЯП\Лабораторная работа №8\Files\Files\Debug\link-rc.write.1.tlog
D:\КПИЯП\Лабораторная работа №8\Files\Files\Debug\link.5680-cvtres.read.1.tlog
D:\КПИЯП\Лабораторная работа №8\Files\Files\Debug\link.5680-cvtres.write.1.tlog
D:\КПИЯП\Лабораторная работа №8\Files\Files\Debug\link.5680-rc.read.1.tlog
D:\КПИЯП\Лабораторная работа №8\Files\Files\Debug\link.5680-rc.write.1.tlog
D:\КПИЯП\Лабораторная работа №8\Files\Files\Debug\link.5680.read.1.tlog
D:\КПИЯП\Лабораторная работа №8\Files\Files\Debug\link.5680.write.1.tlog
D:\КПИЯП\Лабораторная работа №8\Files\Files\Debug\link.6352-cvtres.read.1.tlog
D:\КПИЯП\Лабораторная работа №8\Files\Files\Debug\link.6352-cvtres.write.1.tlog
D:\КПИЯП\Лабораторная работа №8\Files\Files\Debug\link.6352-rc.read.1.tlog
D:\КПИЯП\Лабораторная работа №8\Files\Files\Debug\link.6352-rc.write.1.tlog
D:\КПИЯП\Лабораторная работа №8\Files\Files\Debug\link.6352.read.1.tlog
D:\КПИЯП\Лабораторная работа №8\Files\Files\Debug\link.6352.write.1.tlog
D:\КПИЯП\Лабораторная работа №8\Files\Files\Debug\link.6688-cvtres.read.1.tlog
D:\КПИЯП\Лабораторная работа №8\Files\Files\Debug\link.6688-cvtres.write.1.tlog
D:\КПИЯП\Лабораторная работа №8\Files\Files\Debug\link.6688-rc.read.1.tlog
D:\КПИЯП\Лабораторная работа №8\Files\Files\Debug\link.6688-rc.write.1.tlog
D:\КПИЯП\Лабораторная работа №8\Files\Files\Debug\link.6688.read.1.tlog
D:\КПИЯП\Лабораторная работа №8\Files\Files\Debug\link.6688.write.1.tlog
D:\КПИЯП\Лабораторная работа №8\Files\Files\Debug\link.8744-cvtres.read.1.tlog
D:\КПИЯП\Лабораторная работа №8\Files\Files\Debug\link.8744-cvtres.write.1.tlog
D:\КПИЯП\Лабораторная работа №8\Files\Files\Debug\link.8744-rc.read.1.tlog
D:\КПИЯП\Лабораторная работа №8\Files\Files\Debug\link.8744-rc.write.1.tlog
D:\КПИЯП\Лабораторная работа №8\Files\Files\Debug\link.8744.read.1.tlog
D:\КПИЯП\Лабораторная работа №8\Files\Files\Debug\link.8744.write.1.tlog
D:\КПИЯП\Лабораторная работа №8\Files\Files\Debug\link.command.1.tlog
D:\КПИЯП\Лабораторная работа №8\Files\Files\Debug\link.read.1.tlog
D:\КПИЯП\Лабораторная работа №8\Files\Files\Debug\link.write.1.tlog
D:\КПИЯП\Лабораторная работа №8\Files\Files\Debug\vc110.idb
D:\КПИЯП\Лабораторная работа №8\Files\Files\Debug\vc110.pdb
D:\КПИЯП\Лабораторная работа №8\Files\Debug\Files.pdb
D:\КПИЯП\Лабораторная работа №8\Files\Debug\Files.exe
D:\КПИЯП\Лабораторная работа №8\Files\Debug\Files.ilk
