Build started 02.03.2015 21:23:39.
     1>Project "E:\laba-2\laba-2\laba-2.vcxproj" on node 2 (build target(s)).
       Project file contains ToolsVersion="12.0", which is not supported by this version of MSBuild. Treating the project as if it had ToolsVersion="4.0".
     1>InitializeBuildStatus:
         Creating "Release\laba-2.unsuccessfulbuild" because "AlwaysCreate" was specified.
       ClCompile:
         C:\Program Files\Microsoft Visual Studio 10.0\VC\bin\CL.exe /c /Zi /nologo /W3 /WX- /O2 /Oi /Oy- /GL /D WIN32 /D NDEBUG /D _CONSOLE /D _UNICODE /D UNICODE /Gm- /EHsc /MD /GS /Gy /fp:precise /Zc:wchar_t /Zc:forScope /Fo"Release\\" /Fd"Release\vc100.pdb" /Gd /TP /analyze- /errorReport:prompt main.cpp MatrixClass.cpp
         main.cpp
     1>main.cpp(42): warning C4101: 'ex' : unreferenced local variable
     1>main.cpp(54): warning C4101: 'ex' : unreferenced local variable
         MatrixClass.cpp
       Link:
         C:\Program Files\Microsoft Visual Studio 10.0\VC\bin\link.exe /ERRORREPORT:PROMPT /OUT:"E:\laba-2\Release\laba-2.exe" /INCREMENTAL:NO /NOLOGO kernel32.lib user32.lib gdi32.lib winspool.lib comdlg32.lib advapi32.lib shell32.lib ole32.lib oleaut32.lib uuid.lib odbc32.lib odbccp32.lib /MANIFEST /ManifestFile:"Release\laba-2.exe.intermediate.manifest" /MANIFESTUAC:"level='asInvoker' uiAccess='false'" /DEBUG /PDB:"E:\laba-2\Release\laba-2.pdb" /SUBSYSTEM:CONSOLE /OPT:REF /OPT:ICF /LTCG /TLBID:1 /DYNAMICBASE /NXCOMPAT /IMPLIB:"E:\laba-2\Release\laba-2.lib" /MACHINE:X86 Release\main.obj
         Release\MatrixClass.obj
         Generating code
         Finished generating code
         laba-2.vcxproj -> E:\laba-2\Release\laba-2.exe
       Manifest:
         C:\Program Files\Microsoft SDKs\Windows\v7.0A\bin\mt.exe /nologo /verbose /outputresource:"E:\laba-2\Release\laba-2.exe;#1" /manifest "Release\laba-2.exe.intermediate.manifest"
       FinalizeBuildStatus:
         Deleting file "Release\laba-2.unsuccessfulbuild".
         Touching "Release\laba-2.lastbuildstate".
     1>Done Building Project "E:\laba-2\laba-2\laba-2.vcxproj" (build target(s)).

Build succeeded.

Time Elapsed 00:02:18.24
