Analysis & Synthesis report for Arbiter
Tue Dec 20 07:07:34 2016
Quartus II Version 9.1 Build 222 10/21/2009 SJ Web Edition


---------------------
; Table of Contents ;
---------------------
  1. Legal Notice
  2. Analysis & Synthesis Summary
  3. Analysis & Synthesis Settings
  4. Parallel Compilation
  5. Analysis & Synthesis Source Files Read
  6. Analysis & Synthesis Resource Usage Summary
  7. Analysis & Synthesis Resource Utilization by Entity
  8. General Register Statistics
  9. Source assignments for Devices:inst|LPM_COUNTER:inst
 10. Source assignments for Devices:inst|LPM_COUNTER:inst1
 11. Source assignments for Devices:inst|LPM_COUNTER:inst2
 12. Source assignments for Devices:inst|LPM_COUNTER:inst3
 13. Parameter Settings for User Entity Instance: Devices:inst|LPM_COUNTER:inst
 14. Parameter Settings for User Entity Instance: Devices:inst|LPM_COUNTER:inst1
 15. Parameter Settings for User Entity Instance: Devices:inst|LPM_COUNTER:inst2
 16. Parameter Settings for User Entity Instance: Devices:inst|LPM_COUNTER:inst3
 17. Parameter Settings for User Entity Instance: Devices:inst|lpm_bustri0:inst4|lpm_bustri:lpm_bustri_component
 18. Parameter Settings for User Entity Instance: Devices:inst|lpm_bustri0:inst7|lpm_bustri:lpm_bustri_component
 19. Parameter Settings for User Entity Instance: Devices:inst|lpm_bustri0:inst10|lpm_bustri:lpm_bustri_component
 20. Parameter Settings for User Entity Instance: Devices:inst|lpm_bustri0:inst13|lpm_bustri:lpm_bustri_component
 21. Parameter Settings for User Entity Instance: lpm_and0:inst1|LPM_AND:lpm_and_component
 22. Parameter Settings for User Entity Instance: lpm_and1:inst2|LPM_AND:lpm_and_component
 23. Parameter Settings for User Entity Instance: lpm_and2:inst3|LPM_AND:lpm_and_component
 24. Analysis & Synthesis Messages



----------------
; Legal Notice ;
----------------
Copyright (C) 1991-2009 Altera Corporation
Your use of Altera Corporation's design tools, logic functions 
and other software and tools, and its AMPP partner logic 
functions, and any output files from any of the foregoing 
(including device programming or simulation files), and any 
associated documentation or information are expressly subject 
to the terms and conditions of the Altera Program License 
Subscription Agreement, Altera MegaCore Function License 
Agreement, or other applicable license agreement, including, 
without limitation, that your use is for the sole purpose of 
programming logic devices manufactured by Altera and sold by 
Altera or its authorized distributors.  Please refer to the 
applicable agreement for further details.



+--------------------------------------------------------------------------+
; Analysis & Synthesis Summary                                             ;
+--------------------------------+-----------------------------------------+
; Analysis & Synthesis Status    ; Successful - Tue Dec 20 07:07:34 2016   ;
; Quartus II Version             ; 9.1 Build 222 10/21/2009 SJ Web Edition ;
; Revision Name                  ; Arbiter                                 ;
; Top-level Entity Name          ; Bus                                     ;
; Family                         ; Stratix II GX                           ;
; Logic utilization              ; N/A                                     ;
;     Combinational ALUTs        ; 27                                      ;
;     Dedicated logic registers  ; 12                                      ;
; Total registers                ; 12                                      ;
; Total pins                     ; 7                                       ;
; Total virtual pins             ; 0                                       ;
; Total block memory bits        ; 0                                       ;
; DSP block 9-bit elements       ; 0                                       ;
; Total GXB Receiver Channels    ; 0                                       ;
; Total GXB Transmitter Channels ; 0                                       ;
; Total PLLs                     ; 0                                       ;
; Total DLLs                     ; 0                                       ;
+--------------------------------+-----------------------------------------+


+----------------------------------------------------------------------------------------------------------------------+
; Analysis & Synthesis Settings                                                                                        ;
+----------------------------------------------------------------------------+--------------------+--------------------+
; Option                                                                     ; Setting            ; Default Value      ;
+----------------------------------------------------------------------------+--------------------+--------------------+
; Top-level entity name                                                      ; Bus                ; Arbiter            ;
; Family name                                                                ; Stratix II GX      ; Stratix II         ;
; Use smart compilation                                                      ; Off                ; Off                ;
; Enable parallel Assembler and TimeQuest Timing Analyzer during compilation ; On                 ; On                 ;
; Enable compact report table                                                ; Off                ; Off                ;
; Restructure Multiplexers                                                   ; Auto               ; Auto               ;
; Create Debugging Nodes for IP Cores                                        ; Off                ; Off                ;
; Preserve fewer node names                                                  ; On                 ; On                 ;
; Disable OpenCore Plus hardware evaluation                                  ; Off                ; Off                ;
; Verilog Version                                                            ; Verilog_2001       ; Verilog_2001       ;
; VHDL Version                                                               ; VHDL_1993          ; VHDL_1993          ;
; State Machine Processing                                                   ; Auto               ; Auto               ;
; Safe State Machine                                                         ; Off                ; Off                ;
; Extract Verilog State Machines                                             ; On                 ; On                 ;
; Extract VHDL State Machines                                                ; On                 ; On                 ;
; Ignore Verilog initial constructs                                          ; Off                ; Off                ;
; Iteration limit for constant Verilog loops                                 ; 5000               ; 5000               ;
; Iteration limit for non-constant Verilog loops                             ; 250                ; 250                ;
; Add Pass-Through Logic to Inferred RAMs                                    ; On                 ; On                 ;
; Parallel Synthesis                                                         ; Off                ; Off                ;
; DSP Block Balancing                                                        ; Auto               ; Auto               ;
; NOT Gate Push-Back                                                         ; On                 ; On                 ;
; Power-Up Don't Care                                                        ; On                 ; On                 ;
; Remove Redundant Logic Cells                                               ; Off                ; Off                ;
; Remove Duplicate Registers                                                 ; On                 ; On                 ;
; Ignore CARRY Buffers                                                       ; Off                ; Off                ;
; Ignore CASCADE Buffers                                                     ; Off                ; Off                ;
; Ignore GLOBAL Buffers                                                      ; Off                ; Off                ;
; Ignore ROW GLOBAL Buffers                                                  ; Off                ; Off                ;
; Ignore LCELL Buffers                                                       ; Off                ; Off                ;
; Ignore SOFT Buffers                                                        ; On                 ; On                 ;
; Limit AHDL Integers to 32 Bits                                             ; Off                ; Off                ;
; Optimization Technique                                                     ; Balanced           ; Balanced           ;
; Carry Chain Length                                                         ; 70                 ; 70                 ;
; Auto Carry Chains                                                          ; On                 ; On                 ;
; Auto Open-Drain Pins                                                       ; On                 ; On                 ;
; Perform WYSIWYG Primitive Resynthesis                                      ; Off                ; Off                ;
; Auto ROM Replacement                                                       ; On                 ; On                 ;
; Auto RAM Replacement                                                       ; On                 ; On                 ;
; Auto DSP Block Replacement                                                 ; On                 ; On                 ;
; Auto Shift Register Replacement                                            ; Auto               ; Auto               ;
; Auto Clock Enable Replacement                                              ; On                 ; On                 ;
; Strict RAM Replacement                                                     ; Off                ; Off                ;
; Allow Synchronous Control Signals                                          ; On                 ; On                 ;
; Force Use of Synchronous Clear Signals                                     ; Off                ; Off                ;
; Auto RAM Block Balancing                                                   ; On                 ; On                 ;
; Auto RAM to Logic Cell Conversion                                          ; Off                ; Off                ;
; Auto Resource Sharing                                                      ; Off                ; Off                ;
; Allow Any RAM Size For Recognition                                         ; Off                ; Off                ;
; Allow Any ROM Size For Recognition                                         ; Off                ; Off                ;
; Allow Any Shift Register Size For Recognition                              ; Off                ; Off                ;
; Use LogicLock Constraints during Resource Balancing                        ; On                 ; On                 ;
; Ignore translate_off and synthesis_off directives                          ; Off                ; Off                ;
; Timing-Driven Synthesis                                                    ; Off                ; Off                ;
; Show Parameter Settings Tables in Synthesis Report                         ; On                 ; On                 ;
; Ignore Maximum Fan-Out Assignments                                         ; Off                ; Off                ;
; Synchronization Register Chain Length                                      ; 2                  ; 2                  ;
; PowerPlay Power Optimization                                               ; Normal compilation ; Normal compilation ;
; HDL message level                                                          ; Level2             ; Level2             ;
; Suppress Register Optimization Related Messages                            ; Off                ; Off                ;
; Number of Removed Registers Reported in Synthesis Report                   ; 100                ; 100                ;
; Number of Inverted Registers Reported in Synthesis Report                  ; 100                ; 100                ;
; Clock MUX Protection                                                       ; On                 ; On                 ;
; Auto Gated Clock Conversion                                                ; Off                ; Off                ;
; Block Design Naming                                                        ; Auto               ; Auto               ;
; SDC constraint protection                                                  ; Off                ; Off                ;
; Synthesis Effort                                                           ; Auto               ; Auto               ;
; Shift Register Replacement - Allow Asynchronous Clear Signal               ; On                 ; On                 ;
; Analysis & Synthesis Message Level                                         ; Medium             ; Medium             ;
; Disable Register Merging Across Hierarchies                                ; Auto               ; Auto               ;
+----------------------------------------------------------------------------+--------------------+--------------------+


Parallel compilation was disabled, but you have multiple processors available. Enable parallel compilation to reduce compilation time.
+-------------------------------------+
; Parallel Compilation                ;
+----------------------------+--------+
; Processors                 ; Number ;
+----------------------------+--------+
; Number detected on machine ; 4      ;
; Maximum allowed            ; 1      ;
+----------------------------+--------+


+-----------------------------------------------------------------------------------------------------------------------------------------------------------------------------------------------------------------+
; Analysis & Synthesis Source Files Read                                                                                                                                                                          ;
+----------------------------------+-----------------+------------------------------------+-----------------------------------------------------------------------------------------------------------------------+
; File Name with User-Entered Path ; Used in Netlist ; File Type                          ; File Name with Absolute Path                                                                                          ;
+----------------------------------+-----------------+------------------------------------+-----------------------------------------------------------------------------------------------------------------------+
; Devices.bdf                      ; yes             ; User Block Diagram/Schematic File  ; C:/work/university/sifo/Curse/Ворошкевич/Курсовой СИФО В26 - Final/Arbitration_decentralized_parallel/Devices.bdf     ;
; Bus.bdf                          ; yes             ; User Block Diagram/Schematic File  ; C:/work/university/sifo/Curse/Ворошкевич/Курсовой СИФО В26 - Final/Arbitration_decentralized_parallel/Bus.bdf         ;
; lpm_counter.tdf                  ; yes             ; Megafunction                       ; c:/altera/91/quartus/libraries/megafunctions/lpm_counter.tdf                                                          ;
; db/cntr_stl.tdf                  ; yes             ; Auto-Generated Megafunction        ; C:/work/university/sifo/Curse/Ворошкевич/Курсовой СИФО В26 - Final/Arbitration_decentralized_parallel/db/cntr_stl.tdf ;
; db/cmpr_8lc.tdf                  ; yes             ; Auto-Generated Megafunction        ; C:/work/university/sifo/Curse/Ворошкевич/Курсовой СИФО В26 - Final/Arbitration_decentralized_parallel/db/cmpr_8lc.tdf ;
; db/cntr_utl.tdf                  ; yes             ; Auto-Generated Megafunction        ; C:/work/university/sifo/Curse/Ворошкевич/Курсовой СИФО В26 - Final/Arbitration_decentralized_parallel/db/cntr_utl.tdf ;
; db/cntr_vtl.tdf                  ; yes             ; Auto-Generated Megafunction        ; C:/work/university/sifo/Curse/Ворошкевич/Курсовой СИФО В26 - Final/Arbitration_decentralized_parallel/db/cntr_vtl.tdf ;
; db/cntr_rtl.tdf                  ; yes             ; Auto-Generated Megafunction        ; C:/work/university/sifo/Curse/Ворошкевич/Курсовой СИФО В26 - Final/Arbitration_decentralized_parallel/db/cntr_rtl.tdf ;
; lpm_bustri0.vhd                  ; yes             ; Auto-Found Wizard-Generated File   ; C:/work/university/sifo/Curse/Ворошкевич/Курсовой СИФО В26 - Final/Arbitration_decentralized_parallel/lpm_bustri0.vhd ;
; lpm_bustri.tdf                   ; yes             ; Megafunction                       ; c:/altera/91/quartus/libraries/megafunctions/lpm_bustri.tdf                                                           ;
; lpm_and0.vhd                     ; yes             ; Auto-Found Wizard-Generated File   ; C:/work/university/sifo/Curse/Ворошкевич/Курсовой СИФО В26 - Final/Arbitration_decentralized_parallel/lpm_and0.vhd    ;
; lpm_and.tdf                      ; yes             ; Megafunction                       ; c:/altera/91/quartus/libraries/megafunctions/lpm_and.tdf                                                              ;
; lpm_and1.vhd                     ; yes             ; Auto-Found Wizard-Generated File   ; C:/work/university/sifo/Curse/Ворошкевич/Курсовой СИФО В26 - Final/Arbitration_decentralized_parallel/lpm_and1.vhd    ;
; lpm_and2.vhd                     ; yes             ; Auto-Found Wizard-Generated File   ; C:/work/university/sifo/Curse/Ворошкевич/Курсовой СИФО В26 - Final/Arbitration_decentralized_parallel/lpm_and2.vhd    ;
+----------------------------------+-----------------+------------------------------------+-----------------------------------------------------------------------------------------------------------------------+


+-------------------------------------------------------+
; Analysis & Synthesis Resource Usage Summary           ;
+-----------------------------------------------+-------+
; Resource                                      ; Usage ;
+-----------------------------------------------+-------+
; Estimated ALUTs Used                          ; 27    ;
; Dedicated logic registers                     ; 12    ;
;                                               ;       ;
; Estimated ALUTs Unavailable                   ; 1     ;
;                                               ;       ;
; Total combinational functions                 ; 27    ;
; Combinational ALUT usage by number of inputs  ;       ;
;     -- 7 input functions                      ; 0     ;
;     -- 6 input functions                      ; 1     ;
;     -- 5 input functions                      ; 0     ;
;     -- 4 input functions                      ; 3     ;
;     -- <=3 input functions                    ; 23    ;
;                                               ;       ;
; Combinational ALUTs by mode                   ;       ;
;     -- normal mode                            ; 11    ;
;     -- extended LUT mode                      ; 0     ;
;     -- arithmetic mode                        ; 16    ;
;     -- shared arithmetic mode                 ; 0     ;
;                                               ;       ;
; Estimated ALUT/register pairs used            ; 28    ;
;                                               ;       ;
; Total registers                               ; 12    ;
;     -- Dedicated logic registers              ; 12    ;
;     -- I/O registers                          ; 0     ;
;                                               ;       ;
; Estimated ALMs:  partially or completely used ; 14    ;
;                                               ;       ;
; I/O pins                                      ; 7     ;
; Maximum fan-out node                          ; ~GND  ;
; Maximum fan-out                               ; 12    ;
; Total fan-out                                 ; 114   ;
; Average fan-out                               ; 2.48  ;
+-----------------------------------------------+-------+


+----------------------------------------------------------------------------------------------------------------------------------------------------------------------------------------------------------------------------------------------------------------------+
; Analysis & Synthesis Resource Utilization by Entity                                                                                                                                                                                                                  ;
+--------------------------------------------+-------------------+--------------+-------------------+--------------+---------+-----------+-----------+------+--------------+----------------------------------------------------------------------------+--------------+
; Compilation Hierarchy Node                 ; LC Combinationals ; LC Registers ; Block Memory Bits ; DSP Elements ; DSP 9x9 ; DSP 18x18 ; DSP 36x36 ; Pins ; Virtual Pins ; Full Hierarchy Name                                                        ; Library Name ;
+--------------------------------------------+-------------------+--------------+-------------------+--------------+---------+-----------+-----------+------+--------------+----------------------------------------------------------------------------+--------------+
; |Bus                                       ; 27 (1)            ; 12 (0)       ; 0                 ; 0            ; 0       ; 0         ; 0         ; 7    ; 0            ; |Bus                                                                       ; work         ;
;    |Devices:inst|                          ; 26 (0)            ; 12 (0)       ; 0                 ; 0            ; 0       ; 0         ; 0         ; 0    ; 0            ; |Bus|Devices:inst                                                          ;              ;
;       |lpm_bustri0:inst4|                  ; 3 (0)             ; 0 (0)        ; 0                 ; 0            ; 0       ; 0         ; 0         ; 0    ; 0            ; |Bus|Devices:inst|lpm_bustri0:inst4                                        ; work         ;
;          |lpm_bustri:lpm_bustri_component| ; 3 (3)             ; 0 (0)        ; 0                 ; 0            ; 0       ; 0         ; 0         ; 0    ; 0            ; |Bus|Devices:inst|lpm_bustri0:inst4|lpm_bustri:lpm_bustri_component        ; work         ;
;       |lpm_counter:inst1|                  ; 6 (0)             ; 3 (0)        ; 0                 ; 0            ; 0       ; 0         ; 0         ; 0    ; 0            ; |Bus|Devices:inst|lpm_counter:inst1                                        ; work         ;
;          |cntr_utl:auto_generated|         ; 6 (5)             ; 3 (3)        ; 0                 ; 0            ; 0       ; 0         ; 0         ; 0    ; 0            ; |Bus|Devices:inst|lpm_counter:inst1|cntr_utl:auto_generated                ; work         ;
;             |cmpr_8lc:cmpr2|               ; 1 (1)             ; 0 (0)        ; 0                 ; 0            ; 0       ; 0         ; 0         ; 0    ; 0            ; |Bus|Devices:inst|lpm_counter:inst1|cntr_utl:auto_generated|cmpr_8lc:cmpr2 ; work         ;
;       |lpm_counter:inst2|                  ; 6 (0)             ; 3 (0)        ; 0                 ; 0            ; 0       ; 0         ; 0         ; 0    ; 0            ; |Bus|Devices:inst|lpm_counter:inst2                                        ; work         ;
;          |cntr_vtl:auto_generated|         ; 6 (5)             ; 3 (3)        ; 0                 ; 0            ; 0       ; 0         ; 0         ; 0    ; 0            ; |Bus|Devices:inst|lpm_counter:inst2|cntr_vtl:auto_generated                ; work         ;
;             |cmpr_8lc:cmpr2|               ; 1 (1)             ; 0 (0)        ; 0                 ; 0            ; 0       ; 0         ; 0         ; 0    ; 0            ; |Bus|Devices:inst|lpm_counter:inst2|cntr_vtl:auto_generated|cmpr_8lc:cmpr2 ; work         ;
;       |lpm_counter:inst3|                  ; 5 (0)             ; 3 (0)        ; 0                 ; 0            ; 0       ; 0         ; 0         ; 0    ; 0            ; |Bus|Devices:inst|lpm_counter:inst3                                        ; work         ;
;          |cntr_rtl:auto_generated|         ; 5 (5)             ; 3 (3)        ; 0                 ; 0            ; 0       ; 0         ; 0         ; 0    ; 0            ; |Bus|Devices:inst|lpm_counter:inst3|cntr_rtl:auto_generated                ; work         ;
;       |lpm_counter:inst|                   ; 6 (0)             ; 3 (0)        ; 0                 ; 0            ; 0       ; 0         ; 0         ; 0    ; 0            ; |Bus|Devices:inst|lpm_counter:inst                                         ; work         ;
;          |cntr_stl:auto_generated|         ; 6 (5)             ; 3 (3)        ; 0                 ; 0            ; 0       ; 0         ; 0         ; 0    ; 0            ; |Bus|Devices:inst|lpm_counter:inst|cntr_stl:auto_generated                 ; work         ;
;             |cmpr_8lc:cmpr2|               ; 1 (1)             ; 0 (0)        ; 0                 ; 0            ; 0       ; 0         ; 0         ; 0    ; 0            ; |Bus|Devices:inst|lpm_counter:inst|cntr_stl:auto_generated|cmpr_8lc:cmpr2  ; work         ;
+--------------------------------------------+-------------------+--------------+-------------------+--------------+---------+-----------+-----------+------+--------------+----------------------------------------------------------------------------+--------------+
Note: For table entries with two numbers listed, the numbers in parentheses indicate the number of resources of the given type used by the specific entity alone. The numbers listed outside of parentheses indicate the total resources of the given type used by the specific entity and all of its sub-entities in the hierarchy.


+------------------------------------------------------+
; General Register Statistics                          ;
+----------------------------------------------+-------+
; Statistic                                    ; Value ;
+----------------------------------------------+-------+
; Total registers                              ; 12    ;
; Number of registers using Synchronous Clear  ; 0     ;
; Number of registers using Synchronous Load   ; 12    ;
; Number of registers using Asynchronous Clear ; 0     ;
; Number of registers using Asynchronous Load  ; 0     ;
; Number of registers using Clock Enable       ; 0     ;
; Number of registers using Preset             ; 0     ;
+----------------------------------------------+-------+


+------------------------------------------------------+
; Source assignments for Devices:inst|LPM_COUNTER:inst ;
+---------------------------+-------+------+-----------+
; Assignment                ; Value ; From ; To        ;
+---------------------------+-------+------+-----------+
; SUPPRESS_DA_RULE_INTERNAL ; a101  ; -    ; -         ;
; SUPPRESS_DA_RULE_INTERNAL ; s102  ; -    ; -         ;
; SUPPRESS_DA_RULE_INTERNAL ; s103  ; -    ; -         ;
+---------------------------+-------+------+-----------+


+-------------------------------------------------------+
; Source assignments for Devices:inst|LPM_COUNTER:inst1 ;
+---------------------------+-------+------+------------+
; Assignment                ; Value ; From ; To         ;
+---------------------------+-------+------+------------+
; SUPPRESS_DA_RULE_INTERNAL ; a101  ; -    ; -          ;
; SUPPRESS_DA_RULE_INTERNAL ; s102  ; -    ; -          ;
; SUPPRESS_DA_RULE_INTERNAL ; s103  ; -    ; -          ;
+---------------------------+-------+------+------------+


+-------------------------------------------------------+
; Source assignments for Devices:inst|LPM_COUNTER:inst2 ;
+---------------------------+-------+------+------------+
; Assignment                ; Value ; From ; To         ;
+---------------------------+-------+------+------------+
; SUPPRESS_DA_RULE_INTERNAL ; a101  ; -    ; -          ;
; SUPPRESS_DA_RULE_INTERNAL ; s102  ; -    ; -          ;
; SUPPRESS_DA_RULE_INTERNAL ; s103  ; -    ; -          ;
+---------------------------+-------+------+------------+


+-------------------------------------------------------+
; Source assignments for Devices:inst|LPM_COUNTER:inst3 ;
+---------------------------+-------+------+------------+
; Assignment                ; Value ; From ; To         ;
+---------------------------+-------+------+------------+
; SUPPRESS_DA_RULE_INTERNAL ; a101  ; -    ; -          ;
; SUPPRESS_DA_RULE_INTERNAL ; s102  ; -    ; -          ;
; SUPPRESS_DA_RULE_INTERNAL ; s103  ; -    ; -          ;
+---------------------------+-------+------+------------+


+----------------------------------------------------------------------------+
; Parameter Settings for User Entity Instance: Devices:inst|LPM_COUNTER:inst ;
+------------------------+---------------+-----------------------------------+
; Parameter Name         ; Value         ; Type                              ;
+------------------------+---------------+-----------------------------------+
; AUTO_CARRY_CHAINS      ; ON            ; AUTO_CARRY                        ;
; IGNORE_CARRY_BUFFERS   ; OFF           ; IGNORE_CARRY                      ;
; AUTO_CASCADE_CHAINS    ; ON            ; AUTO_CASCADE                      ;
; IGNORE_CASCADE_BUFFERS ; OFF           ; IGNORE_CASCADE                    ;
; LPM_WIDTH              ; 3             ; Untyped                           ;
; LPM_DIRECTION          ; UP            ; Untyped                           ;
; LPM_MODULUS            ; 4             ; Untyped                           ;
; LPM_AVALUE             ; 0             ; Untyped                           ;
; LPM_SVALUE             ; 0             ; Untyped                           ;
; LPM_PORT_UPDOWN        ; PORT_UNUSED   ; Untyped                           ;
; DEVICE_FAMILY          ; Stratix II GX ; Untyped                           ;
; CARRY_CHAIN            ; MANUAL        ; Untyped                           ;
; CARRY_CHAIN_LENGTH     ; 48            ; CARRY_CHAIN_LENGTH                ;
; NOT_GATE_PUSH_BACK     ; ON            ; NOT_GATE_PUSH_BACK                ;
; CARRY_CNT_EN           ; SMART         ; Untyped                           ;
; LABWIDE_SCLR           ; ON            ; Untyped                           ;
; USE_NEW_VERSION        ; TRUE          ; Untyped                           ;
; CBXI_PARAMETER         ; cntr_stl      ; Untyped                           ;
+------------------------+---------------+-----------------------------------+
Note: In order to hide this table in the UI and the text report file, please set the "Show Parameter Settings Tables in Synthesis Report" option in "Analysis and Synthesis Settings -> More Settings" to "Off".


+-----------------------------------------------------------------------------+
; Parameter Settings for User Entity Instance: Devices:inst|LPM_COUNTER:inst1 ;
+------------------------+---------------+------------------------------------+
; Parameter Name         ; Value         ; Type                               ;
+------------------------+---------------+------------------------------------+
; AUTO_CARRY_CHAINS      ; ON            ; AUTO_CARRY                         ;
; IGNORE_CARRY_BUFFERS   ; OFF           ; IGNORE_CARRY                       ;
; AUTO_CASCADE_CHAINS    ; ON            ; AUTO_CASCADE                       ;
; IGNORE_CASCADE_BUFFERS ; OFF           ; IGNORE_CASCADE                     ;
; LPM_WIDTH              ; 3             ; Untyped                            ;
; LPM_DIRECTION          ; UP            ; Untyped                            ;
; LPM_MODULUS            ; 6             ; Untyped                            ;
; LPM_AVALUE             ; 0             ; Untyped                            ;
; LPM_SVALUE             ; 0             ; Untyped                            ;
; LPM_PORT_UPDOWN        ; PORT_UNUSED   ; Untyped                            ;
; DEVICE_FAMILY          ; Stratix II GX ; Untyped                            ;
; CARRY_CHAIN            ; MANUAL        ; Untyped                            ;
; CARRY_CHAIN_LENGTH     ; 48            ; CARRY_CHAIN_LENGTH                 ;
; NOT_GATE_PUSH_BACK     ; ON            ; NOT_GATE_PUSH_BACK                 ;
; CARRY_CNT_EN           ; SMART         ; Untyped                            ;
; LABWIDE_SCLR           ; ON            ; Untyped                            ;
; USE_NEW_VERSION        ; TRUE          ; Untyped                            ;
; CBXI_PARAMETER         ; cntr_utl      ; Untyped                            ;
+------------------------+---------------+------------------------------------+
Note: In order to hide this table in the UI and the text report file, please set the "Show Parameter Settings Tables in Synthesis Report" option in "Analysis and Synthesis Settings -> More Settings" to "Off".


+-----------------------------------------------------------------------------+
; Parameter Settings for User Entity Instance: Devices:inst|LPM_COUNTER:inst2 ;
+------------------------+---------------+------------------------------------+
; Parameter Name         ; Value         ; Type                               ;
+------------------------+---------------+------------------------------------+
; AUTO_CARRY_CHAINS      ; ON            ; AUTO_CARRY                         ;
; IGNORE_CARRY_BUFFERS   ; OFF           ; IGNORE_CARRY                       ;
; AUTO_CASCADE_CHAINS    ; ON            ; AUTO_CASCADE                       ;
; IGNORE_CASCADE_BUFFERS ; OFF           ; IGNORE_CASCADE                     ;
; LPM_WIDTH              ; 3             ; Untyped                            ;
; LPM_DIRECTION          ; UP            ; Untyped                            ;
; LPM_MODULUS            ; 7             ; Untyped                            ;
; LPM_AVALUE             ; 0             ; Untyped                            ;
; LPM_SVALUE             ; 0             ; Untyped                            ;
; LPM_PORT_UPDOWN        ; PORT_UNUSED   ; Untyped                            ;
; DEVICE_FAMILY          ; Stratix II GX ; Untyped                            ;
; CARRY_CHAIN            ; MANUAL        ; Untyped                            ;
; CARRY_CHAIN_LENGTH     ; 48            ; CARRY_CHAIN_LENGTH                 ;
; NOT_GATE_PUSH_BACK     ; ON            ; NOT_GATE_PUSH_BACK                 ;
; CARRY_CNT_EN           ; SMART         ; Untyped                            ;
; LABWIDE_SCLR           ; ON            ; Untyped                            ;
; USE_NEW_VERSION        ; TRUE          ; Untyped                            ;
; CBXI_PARAMETER         ; cntr_vtl      ; Untyped                            ;
+------------------------+---------------+------------------------------------+
Note: In order to hide this table in the UI and the text report file, please set the "Show Parameter Settings Tables in Synthesis Report" option in "Analysis and Synthesis Settings -> More Settings" to "Off".


+-----------------------------------------------------------------------------+
; Parameter Settings for User Entity Instance: Devices:inst|LPM_COUNTER:inst3 ;
+------------------------+---------------+------------------------------------+
; Parameter Name         ; Value         ; Type                               ;
+------------------------+---------------+------------------------------------+
; AUTO_CARRY_CHAINS      ; ON            ; AUTO_CARRY                         ;
; IGNORE_CARRY_BUFFERS   ; OFF           ; IGNORE_CARRY                       ;
; AUTO_CASCADE_CHAINS    ; ON            ; AUTO_CASCADE                       ;
; IGNORE_CASCADE_BUFFERS ; OFF           ; IGNORE_CASCADE                     ;
; LPM_WIDTH              ; 3             ; Untyped                            ;
; LPM_DIRECTION          ; UP            ; Untyped                            ;
; LPM_MODULUS            ; 3             ; Untyped                            ;
; LPM_AVALUE             ; 0             ; Untyped                            ;
; LPM_SVALUE             ; 0             ; Untyped                            ;
; LPM_PORT_UPDOWN        ; PORT_UNUSED   ; Untyped                            ;
; DEVICE_FAMILY          ; Stratix II GX ; Untyped                            ;
; CARRY_CHAIN            ; MANUAL        ; Untyped                            ;
; CARRY_CHAIN_LENGTH     ; 48            ; CARRY_CHAIN_LENGTH                 ;
; NOT_GATE_PUSH_BACK     ; ON            ; NOT_GATE_PUSH_BACK                 ;
; CARRY_CNT_EN           ; SMART         ; Untyped                            ;
; LABWIDE_SCLR           ; ON            ; Untyped                            ;
; USE_NEW_VERSION        ; TRUE          ; Untyped                            ;
; CBXI_PARAMETER         ; cntr_rtl      ; Untyped                            ;
+------------------------+---------------+------------------------------------+
Note: In order to hide this table in the UI and the text report file, please set the "Show Parameter Settings Tables in Synthesis Report" option in "Analysis and Synthesis Settings -> More Settings" to "Off".


+-------------------------------------------------------------------------------------------------------------+
; Parameter Settings for User Entity Instance: Devices:inst|lpm_bustri0:inst4|lpm_bustri:lpm_bustri_component ;
+----------------+-------+------------------------------------------------------------------------------------+
; Parameter Name ; Value ; Type                                                                               ;
+----------------+-------+------------------------------------------------------------------------------------+
; LPM_WIDTH      ; 2     ; Signed Integer                                                                     ;
+----------------+-------+------------------------------------------------------------------------------------+
Note: In order to hide this table in the UI and the text report file, please set the "Show Parameter Settings Tables in Synthesis Report" option in "Analysis and Synthesis Settings -> More Settings" to "Off".


+-------------------------------------------------------------------------------------------------------------+
; Parameter Settings for User Entity Instance: Devices:inst|lpm_bustri0:inst7|lpm_bustri:lpm_bustri_component ;
+----------------+-------+------------------------------------------------------------------------------------+
; Parameter Name ; Value ; Type                                                                               ;
+----------------+-------+------------------------------------------------------------------------------------+
; LPM_WIDTH      ; 2     ; Signed Integer                                                                     ;
+----------------+-------+------------------------------------------------------------------------------------+
Note: In order to hide this table in the UI and the text report file, please set the "Show Parameter Settings Tables in Synthesis Report" option in "Analysis and Synthesis Settings -> More Settings" to "Off".


+--------------------------------------------------------------------------------------------------------------+
; Parameter Settings for User Entity Instance: Devices:inst|lpm_bustri0:inst10|lpm_bustri:lpm_bustri_component ;
+----------------+-------+-------------------------------------------------------------------------------------+
; Parameter Name ; Value ; Type                                                                                ;
+----------------+-------+-------------------------------------------------------------------------------------+
; LPM_WIDTH      ; 2     ; Signed Integer                                                                      ;
+----------------+-------+-------------------------------------------------------------------------------------+
Note: In order to hide this table in the UI and the text report file, please set the "Show Parameter Settings Tables in Synthesis Report" option in "Analysis and Synthesis Settings -> More Settings" to "Off".


+--------------------------------------------------------------------------------------------------------------+
; Parameter Settings for User Entity Instance: Devices:inst|lpm_bustri0:inst13|lpm_bustri:lpm_bustri_component ;
+----------------+-------+-------------------------------------------------------------------------------------+
; Parameter Name ; Value ; Type                                                                                ;
+----------------+-------+-------------------------------------------------------------------------------------+
; LPM_WIDTH      ; 2     ; Signed Integer                                                                      ;
+----------------+-------+-------------------------------------------------------------------------------------+
Note: In order to hide this table in the UI and the text report file, please set the "Show Parameter Settings Tables in Synthesis Report" option in "Analysis and Synthesis Settings -> More Settings" to "Off".


+---------------------------------------------------------------------------------------+
; Parameter Settings for User Entity Instance: lpm_and0:inst1|LPM_AND:lpm_and_component ;
+------------------------+---------------+----------------------------------------------+
; Parameter Name         ; Value         ; Type                                         ;
+------------------------+---------------+----------------------------------------------+
; AUTO_CARRY_CHAINS      ; ON            ; AUTO_CARRY                                   ;
; IGNORE_CARRY_BUFFERS   ; OFF           ; IGNORE_CARRY                                 ;
; AUTO_CASCADE_CHAINS    ; ON            ; AUTO_CASCADE                                 ;
; IGNORE_CASCADE_BUFFERS ; OFF           ; IGNORE_CASCADE                               ;
; LPM_WIDTH              ; 1             ; Signed Integer                               ;
; LPM_SIZE               ; 2             ; Signed Integer                               ;
; CARRY_CHAIN_LENGTH     ; 48            ; CARRY_CHAIN_LENGTH                           ;
; CARRY_CHAIN            ; MANUAL        ; Untyped                                      ;
; CASCADE_CHAIN          ; MANUAL        ; Untyped                                      ;
; DEVICE_FAMILY          ; Stratix II GX ; Untyped                                      ;
+------------------------+---------------+----------------------------------------------+
Note: In order to hide this table in the UI and the text report file, please set the "Show Parameter Settings Tables in Synthesis Report" option in "Analysis and Synthesis Settings -> More Settings" to "Off".


+---------------------------------------------------------------------------------------+
; Parameter Settings for User Entity Instance: lpm_and1:inst2|LPM_AND:lpm_and_component ;
+------------------------+---------------+----------------------------------------------+
; Parameter Name         ; Value         ; Type                                         ;
+------------------------+---------------+----------------------------------------------+
; AUTO_CARRY_CHAINS      ; ON            ; AUTO_CARRY                                   ;
; IGNORE_CARRY_BUFFERS   ; OFF           ; IGNORE_CARRY                                 ;
; AUTO_CASCADE_CHAINS    ; ON            ; AUTO_CASCADE                                 ;
; IGNORE_CASCADE_BUFFERS ; OFF           ; IGNORE_CASCADE                               ;
; LPM_WIDTH              ; 1             ; Signed Integer                               ;
; LPM_SIZE               ; 3             ; Signed Integer                               ;
; CARRY_CHAIN_LENGTH     ; 48            ; CARRY_CHAIN_LENGTH                           ;
; CARRY_CHAIN            ; MANUAL        ; Untyped                                      ;
; CASCADE_CHAIN          ; MANUAL        ; Untyped                                      ;
; DEVICE_FAMILY          ; Stratix II GX ; Untyped                                      ;
+------------------------+---------------+----------------------------------------------+
Note: In order to hide this table in the UI and the text report file, please set the "Show Parameter Settings Tables in Synthesis Report" option in "Analysis and Synthesis Settings -> More Settings" to "Off".


+---------------------------------------------------------------------------------------+
; Parameter Settings for User Entity Instance: lpm_and2:inst3|LPM_AND:lpm_and_component ;
+------------------------+---------------+----------------------------------------------+
; Parameter Name         ; Value         ; Type                                         ;
+------------------------+---------------+----------------------------------------------+
; AUTO_CARRY_CHAINS      ; ON            ; AUTO_CARRY                                   ;
; IGNORE_CARRY_BUFFERS   ; OFF           ; IGNORE_CARRY                                 ;
; AUTO_CASCADE_CHAINS    ; ON            ; AUTO_CASCADE                                 ;
; IGNORE_CASCADE_BUFFERS ; OFF           ; IGNORE_CASCADE                               ;
; LPM_WIDTH              ; 1             ; Signed Integer                               ;
; LPM_SIZE               ; 4             ; Signed Integer                               ;
; CARRY_CHAIN_LENGTH     ; 48            ; CARRY_CHAIN_LENGTH                           ;
; CARRY_CHAIN            ; MANUAL        ; Untyped                                      ;
; CASCADE_CHAIN          ; MANUAL        ; Untyped                                      ;
; DEVICE_FAMILY          ; Stratix II GX ; Untyped                                      ;
+------------------------+---------------+----------------------------------------------+
Note: In order to hide this table in the UI and the text report file, please set the "Show Parameter Settings Tables in Synthesis Report" option in "Analysis and Synthesis Settings -> More Settings" to "Off".


+-------------------------------+
; Analysis & Synthesis Messages ;
+-------------------------------+
Info: *******************************************************************
Info: Running Quartus II Analysis & Synthesis
    Info: Version 9.1 Build 222 10/21/2009 SJ Web Edition
    Info: Processing started: Tue Dec 20 07:07:32 2016
Info: Command: quartus_map --read_settings_files=on --write_settings_files=off Arbitration_decentralized_parallel -c Arbiter
Info: Found 1 design units, including 1 entities, in source file devices.bdf
    Info: Found entity 1: Devices
Info: Found 1 design units, including 1 entities, in source file bus.bdf
    Info: Found entity 1: Bus
Info: Elaborating entity "Bus" for the top level hierarchy
Info: Elaborating entity "Devices" for hierarchy "Devices:inst"
Info: Elaborating entity "LPM_COUNTER" for hierarchy "Devices:inst|LPM_COUNTER:inst"
Info: Elaborated megafunction instantiation "Devices:inst|LPM_COUNTER:inst"
Info: Instantiated megafunction "Devices:inst|LPM_COUNTER:inst" with the following parameter:
    Info: Parameter "LPM_AVALUE" = "0"
    Info: Parameter "LPM_DIRECTION" = "UP"
    Info: Parameter "LPM_MODULUS" = "4"
    Info: Parameter "LPM_PORT_UPDOWN" = "PORT_UNUSED"
    Info: Parameter "LPM_SVALUE" = "0"
    Info: Parameter "LPM_WIDTH" = "3"
Info: Found 1 design units, including 1 entities, in source file db/cntr_stl.tdf
    Info: Found entity 1: cntr_stl
Info: Elaborating entity "cntr_stl" for hierarchy "Devices:inst|LPM_COUNTER:inst|cntr_stl:auto_generated"
Info: Found 1 design units, including 1 entities, in source file db/cmpr_8lc.tdf
    Info: Found entity 1: cmpr_8lc
Info: Elaborating entity "cmpr_8lc" for hierarchy "Devices:inst|LPM_COUNTER:inst|cntr_stl:auto_generated|cmpr_8lc:cmpr2"
Info: Elaborating entity "LPM_COUNTER" for hierarchy "Devices:inst|LPM_COUNTER:inst1"
Info: Elaborated megafunction instantiation "Devices:inst|LPM_COUNTER:inst1"
Info: Instantiated megafunction "Devices:inst|LPM_COUNTER:inst1" with the following parameter:
    Info: Parameter "LPM_AVALUE" = "0"
    Info: Parameter "LPM_DIRECTION" = "UP"
    Info: Parameter "LPM_MODULUS" = "6"
    Info: Parameter "LPM_PORT_UPDOWN" = "PORT_UNUSED"
    Info: Parameter "LPM_SVALUE" = "0"
    Info: Parameter "LPM_WIDTH" = "3"
Info: Found 1 design units, including 1 entities, in source file db/cntr_utl.tdf
    Info: Found entity 1: cntr_utl
Info: Elaborating entity "cntr_utl" for hierarchy "Devices:inst|LPM_COUNTER:inst1|cntr_utl:auto_generated"
Info: Elaborating entity "LPM_COUNTER" for hierarchy "Devices:inst|LPM_COUNTER:inst2"
Info: Elaborated megafunction instantiation "Devices:inst|LPM_COUNTER:inst2"
Info: Instantiated megafunction "Devices:inst|LPM_COUNTER:inst2" with the following parameter:
    Info: Parameter "LPM_AVALUE" = "0"
    Info: Parameter "LPM_DIRECTION" = "UP"
    Info: Parameter "LPM_MODULUS" = "7"
    Info: Parameter "LPM_PORT_UPDOWN" = "PORT_UNUSED"
    Info: Parameter "LPM_SVALUE" = "0"
    Info: Parameter "LPM_WIDTH" = "3"
Info: Found 1 design units, including 1 entities, in source file db/cntr_vtl.tdf
    Info: Found entity 1: cntr_vtl
Info: Elaborating entity "cntr_vtl" for hierarchy "Devices:inst|LPM_COUNTER:inst2|cntr_vtl:auto_generated"
Info: Elaborating entity "LPM_COUNTER" for hierarchy "Devices:inst|LPM_COUNTER:inst3"
Info: Elaborated megafunction instantiation "Devices:inst|LPM_COUNTER:inst3"
Info: Instantiated megafunction "Devices:inst|LPM_COUNTER:inst3" with the following parameter:
    Info: Parameter "LPM_AVALUE" = "0"
    Info: Parameter "LPM_DIRECTION" = "UP"
    Info: Parameter "LPM_MODULUS" = "3"
    Info: Parameter "LPM_PORT_UPDOWN" = "PORT_UNUSED"
    Info: Parameter "LPM_SVALUE" = "0"
    Info: Parameter "LPM_WIDTH" = "3"
Info: Found 1 design units, including 1 entities, in source file db/cntr_rtl.tdf
    Info: Found entity 1: cntr_rtl
Info: Elaborating entity "cntr_rtl" for hierarchy "Devices:inst|LPM_COUNTER:inst3|cntr_rtl:auto_generated"
Warning: Using design file lpm_bustri0.vhd, which is not specified as a design file for the current project, but contains definitions for 2 design units and 1 entities in project
    Info: Found design unit 1: lpm_bustri0-SYN
    Info: Found entity 1: lpm_bustri0
Info: Elaborating entity "lpm_bustri0" for hierarchy "Devices:inst|lpm_bustri0:inst4"
Info: Elaborating entity "lpm_bustri" for hierarchy "Devices:inst|lpm_bustri0:inst4|lpm_bustri:lpm_bustri_component"
Info: Elaborated megafunction instantiation "Devices:inst|lpm_bustri0:inst4|lpm_bustri:lpm_bustri_component"
Info: Instantiated megafunction "Devices:inst|lpm_bustri0:inst4|lpm_bustri:lpm_bustri_component" with the following parameter:
    Info: Parameter "lpm_type" = "LPM_BUSTRI"
    Info: Parameter "lpm_width" = "2"
Warning: Using design file lpm_and0.vhd, which is not specified as a design file for the current project, but contains definitions for 2 design units and 1 entities in project
    Info: Found design unit 1: lpm_and0-SYN
    Info: Found entity 1: lpm_and0
Info: Elaborating entity "lpm_and0" for hierarchy "lpm_and0:inst1"
Info: Elaborating entity "LPM_AND" for hierarchy "lpm_and0:inst1|LPM_AND:lpm_and_component"
Info: Elaborated megafunction instantiation "lpm_and0:inst1|LPM_AND:lpm_and_component"
Info: Instantiated megafunction "lpm_and0:inst1|LPM_AND:lpm_and_component" with the following parameter:
    Info: Parameter "LPM_WIDTH" = "1"
    Info: Parameter "LPM_SIZE" = "2"
    Info: Parameter "LPM_TYPE" = "LPM_AND"
    Info: Parameter "LPM_HINT" = "UNUSED"
Warning: Using design file lpm_and1.vhd, which is not specified as a design file for the current project, but contains definitions for 2 design units and 1 entities in project
    Info: Found design unit 1: lpm_and1-SYN
    Info: Found entity 1: lpm_and1
Info: Elaborating entity "lpm_and1" for hierarchy "lpm_and1:inst2"
Info: Elaborating entity "LPM_AND" for hierarchy "lpm_and1:inst2|LPM_AND:lpm_and_component"
Info: Elaborated megafunction instantiation "lpm_and1:inst2|LPM_AND:lpm_and_component"
Info: Instantiated megafunction "lpm_and1:inst2|LPM_AND:lpm_and_component" with the following parameter:
    Info: Parameter "LPM_WIDTH" = "1"
    Info: Parameter "LPM_SIZE" = "3"
    Info: Parameter "LPM_TYPE" = "LPM_AND"
    Info: Parameter "LPM_HINT" = "UNUSED"
Warning: Using design file lpm_and2.vhd, which is not specified as a design file for the current project, but contains definitions for 2 design units and 1 entities in project
    Info: Found design unit 1: lpm_and2-SYN
    Info: Found entity 1: lpm_and2
Info: Elaborating entity "lpm_and2" for hierarchy "lpm_and2:inst3"
Info: Elaborating entity "LPM_AND" for hierarchy "lpm_and2:inst3|LPM_AND:lpm_and_component"
Info: Elaborated megafunction instantiation "lpm_and2:inst3|LPM_AND:lpm_and_component"
Info: Instantiated megafunction "lpm_and2:inst3|LPM_AND:lpm_and_component" with the following parameter:
    Info: Parameter "LPM_WIDTH" = "1"
    Info: Parameter "LPM_SIZE" = "4"
    Info: Parameter "LPM_TYPE" = "LPM_AND"
    Info: Parameter "LPM_HINT" = "UNUSED"
Info: Implemented 34 device resources after synthesis - the final resource count might be different
    Info: Implemented 1 input pins
    Info: Implemented 6 output pins
    Info: Implemented 27 logic cells
Info: Quartus II Analysis & Synthesis was successful. 0 errors, 4 warnings
    Info: Peak virtual memory: 262 megabytes
    Info: Processing ended: Tue Dec 20 07:07:34 2016
    Info: Elapsed time: 00:00:02
    Info: Total CPU time (on all processors): 00:00:02


