D:\STRING\DEBUG\STRING.EXE
D:\STRING\DEBUG\STRING.ILK
D:\STRING\DEBUG\STRING.PDB
D:\String\String\Debug\cl.command.1.tlog
D:\String\String\Debug\CL.read.1.tlog
D:\String\String\Debug\CL.write.1.tlog
D:\String\String\Debug\link.4368.read.1.tlog
D:\String\String\Debug\link.4368.write.1.tlog
D:\String\String\Debug\link.4368-cvtres.read.1.tlog
D:\String\String\Debug\link.4368-cvtres.write.1.tlog
D:\String\String\Debug\link.command.1.tlog
D:\String\String\Debug\link.read.1.tlog
D:\String\String\Debug\link.write.1.tlog
D:\String\String\Debug\link-cvtres.read.1.tlog
D:\String\String\Debug\link-cvtres.write.1.tlog
D:\String\String\Debug\mt.command.1.tlog
D:\String\String\Debug\mt.read.1.tlog
D:\String\String\Debug\mt.write.1.tlog
D:\String\String\Debug\rc.command.1.tlog
D:\String\String\Debug\rc.read.1.tlog
D:\String\String\Debug\rc.write.1.tlog
D:\STRING\STRING\DEBUG\STRING.EXE.EMBED.MANIFEST
D:\STRING\STRING\DEBUG\STRING.EXE.EMBED.MANIFEST.RES
D:\STRING\STRING\DEBUG\STRING.EXE.INTERMEDIATE.MANIFEST
D:\STRING\STRING\DEBUG\STRING.OBJ
D:\String\String\Debug\String_manifest.rc
D:\STRING\STRING\DEBUG\USE_STRING.OBJ
D:\String\String\Debug\vc100.idb
D:\STRING\STRING\DEBUG\VC100.PDB
