C:\DEBUG.TXT
D:\КПИЯП\Лабораторная работа №5,6\TEACHER5\DEBUG\TEACHER5.EXE
D:\КПИЯП\Лабораторная работа №5,6\TEACHER5\DEBUG\TEACHER5.ILK
D:\КПИЯП\ЛАБОРАТОРНАЯ РАБОТА №5,6\TEACHER5\DEBUG\TEACHER5.PDB
D:\КПИЯП\Лабораторная работа №5,6\Teacher5\Teacher5\Debug\cl.command.1.tlog
D:\КПИЯП\Лабораторная работа №5,6\Teacher5\Teacher5\Debug\CL.read.1.tlog
D:\КПИЯП\Лабораторная работа №5,6\Teacher5\Teacher5\Debug\CL.read.2.tlog
D:\КПИЯП\Лабораторная работа №5,6\Teacher5\Teacher5\Debug\CL.write.1.tlog
D:\КПИЯП\Лабораторная работа №5,6\Teacher5\Teacher5\Debug\CL.write.2.tlog
D:\КПИЯП\Лабораторная работа №5,6\TEACHER5\TEACHER5\DEBUG\COMMITTEEMAN.OBJ
D:\КПИЯП\Лабораторная работа №5,6\Teacher5\Teacher5\Debug\link.12408.read.1.tlog
D:\КПИЯП\Лабораторная работа №5,6\Teacher5\Teacher5\Debug\link.12408.read.2.tlog
D:\КПИЯП\Лабораторная работа №5,6\Teacher5\Teacher5\Debug\link.12408.write.1.tlog
D:\КПИЯП\Лабораторная работа №5,6\Teacher5\Teacher5\Debug\link.12408.write.2.tlog
D:\КПИЯП\Лабораторная работа №5,6\Teacher5\Teacher5\Debug\link.12408-cvtres.read.1.tlog
D:\КПИЯП\Лабораторная работа №5,6\Teacher5\Teacher5\Debug\link.12408-cvtres.write.1.tlog
D:\КПИЯП\Лабораторная работа №5,6\Teacher5\Teacher5\Debug\link.12688.read.1.tlog
D:\КПИЯП\Лабораторная работа №5,6\Teacher5\Teacher5\Debug\link.12688.write.1.tlog
D:\КПИЯП\Лабораторная работа №5,6\Teacher5\Teacher5\Debug\link.12688-cvtres.read.1.tlog
D:\КПИЯП\Лабораторная работа №5,6\Teacher5\Teacher5\Debug\link.12688-cvtres.write.1.tlog
D:\КПИЯП\Лабораторная работа №5,6\Teacher5\Teacher5\Debug\link.command.1.tlog
D:\КПИЯП\Лабораторная работа №5,6\Teacher5\Teacher5\Debug\link.read.1.tlog
D:\КПИЯП\Лабораторная работа №5,6\Teacher5\Teacher5\Debug\link.read.2.tlog
D:\КПИЯП\Лабораторная работа №5,6\Teacher5\Teacher5\Debug\link.write.1.tlog
D:\КПИЯП\Лабораторная работа №5,6\Teacher5\Teacher5\Debug\link.write.2.tlog
D:\КПИЯП\Лабораторная работа №5,6\Teacher5\Teacher5\Debug\link-cvtres.read.1.tlog
D:\КПИЯП\Лабораторная работа №5,6\Teacher5\Teacher5\Debug\link-cvtres.write.1.tlog
D:\КПИЯП\Лабораторная работа №5,6\TEACHER5\TEACHER5\DEBUG\MAIN.OBJ
D:\КПИЯП\Лабораторная работа №5,6\Teacher5\Teacher5\Debug\mt.command.1.tlog
D:\КПИЯП\Лабораторная работа №5,6\Teacher5\Teacher5\Debug\mt.read.1.tlog
D:\КПИЯП\Лабораторная работа №5,6\Teacher5\Teacher5\Debug\mt.write.1.tlog
D:\КПИЯП\Лабораторная работа №5,6\TEACHER5\TEACHER5\DEBUG\PERSON.OBJ
D:\КПИЯП\Лабораторная работа №5,6\Teacher5\Teacher5\Debug\rc.command.1.tlog
D:\КПИЯП\Лабораторная работа №5,6\Teacher5\Teacher5\Debug\rc.read.1.tlog
D:\КПИЯП\Лабораторная работа №5,6\Teacher5\Teacher5\Debug\rc.write.1.tlog
D:\КПИЯП\Лабораторная работа №5,6\TEACHER5\TEACHER5\DEBUG\STRING.OBJ
D:\КПИЯП\Лабораторная работа №5,6\TEACHER5\TEACHER5\DEBUG\TCMEMBER.OBJ
D:\КПИЯП\Лабораторная работа №5,6\TEACHER5\TEACHER5\DEBUG\TEACHER5.EXE.EMBED.MANIFEST
D:\КПИЯП\Лабораторная работа №5,6\TEACHER5\TEACHER5\DEBUG\TEACHER5.EXE.EMBED.MANIFEST.RES
D:\КПИЯП\Лабораторная работа №5,6\TEACHER5\TEACHER5\DEBUG\TEACHER5.EXE.INTERMEDIATE.MANIFEST
D:\КПИЯП\Лабораторная работа №5,6\Teacher5\Teacher5\Debug\Teacher5_manifest.rc
D:\КПИЯП\Лабораторная работа №5,6\TEACHER5\TEACHER5\DEBUG\UTEACHER.OBJ
D:\КПИЯП\Лабораторная работа №5,6\Teacher5\Teacher5\Debug\vc100.idb
D:\КПИЯП\ЛАБОРАТОРНАЯ РАБОТА №5,6\TEACHER5\TEACHER5\DEBUG\VC100.PDB
