Построение начато 04.10.2012 10:07:07.
     1>Проект "D:\КПИЯП\Лабораторная работа №1\Array(сделано)\Array\Array.vcxproj" в узле 2 (целевые объекты build).
     1>InitializeBuildStatus:
         Создание "Debug\Array.unsuccessfulbuild", так как было задано "AlwaysCreate".
       ClCompile:
         C:\Program Files (x86)\Microsoft Visual Studio 10.0\VC\bin\CL.exe /c /ZI /nologo /W3 /WX- /Od /Oy- /D WIN32 /D _DEBUG /D _CONSOLE /D _UNICODE /D UNICODE /Gm /EHsc /RTC1 /MDd /GS /fp:precise /Zc:wchar_t /Zc:forScope /Fo"Debug\\" /Fd"Debug\vc100.pdb" /Gd /TP /analyze- /errorReport:prompt use_Array.cpp
         use_Array.cpp
       ManifestResourceCompile:
         Для всех выходных данных обновления не требуется.
       Link:
         C:\Program Files (x86)\Microsoft Visual Studio 10.0\VC\bin\link.exe /ERRORREPORT:PROMPT /OUT:"D:\КПИЯП\Лабораторная работа №1\Array(сделано)\Debug\Array.exe" /INCREMENTAL /NOLOGO kernel32.lib user32.lib gdi32.lib winspool.lib comdlg32.lib advapi32.lib shell32.lib ole32.lib oleaut32.lib uuid.lib odbc32.lib odbccp32.lib /MANIFEST /ManifestFile:"Debug\Array.exe.intermediate.manifest" /MANIFESTUAC:"level='asInvoker' uiAccess='false'" /DEBUG /PDB:"D:\КПИЯП\Лабораторная работа №1\Array(сделано)\Debug\Array.pdb" /SUBSYSTEM:CONSOLE /TLBID:1 /DYNAMICBASE /NXCOMPAT /IMPLIB:"D:\КПИЯП\Лабораторная работа №1\Array(сделано)\Debug\Array.lib" /MACHINE:X86 Debug\Array.exe.embed.manifest.res
         Debug\Array.obj
         Debug\use_Array.obj
       Manifest:
         C:\Program Files (x86)\Microsoft SDKs\Windows\v7.0A\bin\mt.exe /nologo /verbose /out:"Debug\Array.exe.embed.manifest" /manifest Debug\Array.exe.intermediate.manifest
         Для всех выходных данных обновления не требуется.
       LinkEmbedManifest:
         Для всех выходных данных обновления не требуется.
         Array.vcxproj -> D:\КПИЯП\Лабораторная работа №1\Array(сделано)\Debug\Array.exe
       FinalizeBuildStatus:
         Файл "Debug\Array.unsuccessfulbuild" удаляется.
         Обращение к "Debug\Array.lastbuildstate".
     1>Построение проекта "D:\КПИЯП\Лабораторная работа №1\Array(сделано)\Array\Array.vcxproj" завершено (целевые объекты build).

Построение успешно завершено.

Затраченное время: 00:00:01.04
