D:\КПИЯП\Лабораторная работа №7\MYEXCEPTION\MYEXCEPTION\DEBUG\COMMITTEEMAN.OBJ
D:\КПИЯП\Лабораторная работа №7\MYEXCEPTION\MYEXCEPTION\DEBUG\INPEXCEPTION.OBJ
D:\КПИЯП\Лабораторная работа №7\MYEXCEPTION\MYEXCEPTION\DEBUG\MAIN.OBJ
D:\КПИЯП\Лабораторная работа №7\MYEXCEPTION\MYEXCEPTION\DEBUG\MYMENU.OBJ
D:\КПИЯП\Лабораторная работа №7\MYEXCEPTION\MYEXCEPTION\DEBUG\PERSON.OBJ
D:\КПИЯП\Лабораторная работа №7\MYEXCEPTION\MYEXCEPTION\DEBUG\STRING.OBJ
D:\КПИЯП\Лабораторная работа №7\MYEXCEPTION\MYEXCEPTION\DEBUG\TCMEMBER.OBJ
D:\КПИЯП\Лабораторная работа №7\MYEXCEPTION\MYEXCEPTION\DEBUG\TEXTFILECLASS.OBJ
D:\КПИЯП\Лабораторная работа №7\MYEXCEPTION\MYEXCEPTION\DEBUG\UTEACHER.OBJ
D:\КПИЯП\ЛАБОРАТОРНАЯ РАБОТА №7\MYEXCEPTION\MYEXCEPTION\DEBUG\VC110.PDB
D:\КПИЯП\Лабораторная работа №7\MYEXCEPTION\DEBUG\MYEXCEPTION.ILK
D:\КПИЯП\Лабораторная работа №7\MYEXCEPTION\DEBUG\MYEXCEPTION.EXE
D:\КПИЯП\ЛАБОРАТОРНАЯ РАБОТА №7\MYEXCEPTION\DEBUG\MYEXCEPTION.PDB
D:\КПИЯП\Лабораторная работа №7\MyException\MyException\Debug\Committeeman.obj
D:\КПИЯП\Лабораторная работа №7\MyException\MyException\Debug\InpException.obj
D:\КПИЯП\Лабораторная работа №7\MyException\MyException\Debug\main.obj
D:\КПИЯП\Лабораторная работа №7\MyException\MyException\Debug\myMenu.obj
D:\КПИЯП\Лабораторная работа №7\MyException\MyException\Debug\Person.obj
D:\КПИЯП\Лабораторная работа №7\MyException\MyException\Debug\String.obj
D:\КПИЯП\Лабораторная работа №7\MyException\MyException\Debug\TCMember.obj
D:\КПИЯП\Лабораторная работа №7\MyException\MyException\Debug\TextFileClass.obj
D:\КПИЯП\Лабораторная работа №7\MyException\MyException\Debug\UTeacher.obj
D:\КПИЯП\Лабораторная работа №7\MyException\MyException\Debug\cl.command.1.tlog
D:\КПИЯП\Лабораторная работа №7\MyException\MyException\Debug\CL.read.1.tlog
D:\КПИЯП\Лабораторная работа №7\MyException\MyException\Debug\CL.write.1.tlog
D:\КПИЯП\Лабораторная работа №7\MyException\MyException\Debug\link-cvtres.read.1.tlog
D:\КПИЯП\Лабораторная работа №7\MyException\MyException\Debug\link-cvtres.write.1.tlog
D:\КПИЯП\Лабораторная работа №7\MyException\MyException\Debug\link-rc.read.1.tlog
D:\КПИЯП\Лабораторная работа №7\MyException\MyException\Debug\link-rc.write.1.tlog
D:\КПИЯП\Лабораторная работа №7\MyException\MyException\Debug\link.command.1.tlog
D:\КПИЯП\Лабораторная работа №7\MyException\MyException\Debug\link.read.1.tlog
D:\КПИЯП\Лабораторная работа №7\MyException\MyException\Debug\link.write.1.tlog
D:\КПИЯП\Лабораторная работа №7\MyException\MyException\Debug\vc110.idb
D:\КПИЯП\Лабораторная работа №7\MyException\MyException\Debug\vc110.pdb
D:\КПИЯП\Лабораторная работа №7\MyException\Debug\MyException.pdb
D:\КПИЯП\Лабораторная работа №7\MyException\Debug\MyException.exe
D:\КПИЯП\Лабораторная работа №7\MyException\Debug\MyException.ilk
